<?xml version="1.0" encoding="UTF-8"?>
<robot generator="Robot 7.0.1 (Python 3.12.3 on win32)" generated="2024-09-16T19:58:49.790184" rpa="false" schemaversion="5">
<suite id="s1" name="Test Verify Chatbot SearchBar Functionality And Validate Results" source="C:\Users\puchha.pavan\PycharmProjects\Telus_iTIA_Powered_by_Fuel_iX\iTIA_Powered_by_Fuel_iX\itia_testcases\ChatbotPage_TC\Test_Verify_Chatbot_SearchBar_Functionality_And_Validate_Results.robot">
<test id="s1-t1" name="Verify Chatbot SearchBar Functionality And Validate Results" line="13">
<kw name="Launching_The_Browser" owner="BaseClass_Keyword" type="SETUP">
<kw name="Open Browser" owner="SeleniumLibrary">
<msg time="2024-09-16T19:58:50.254128" level="INFO">Opening browser 'chrome' to base url 'https://mqa2.xavlab.xyz/'.</msg>
<arg>${site-url}</arg>
<arg>${browser}</arg>
<doc>Opens a new browser instance to the optional ``url``.</doc>
<status status="PASS" start="2024-09-16T19:58:50.254128" elapsed="10.456955"/>
</kw>
<kw name="Maximize Browser Window" owner="SeleniumLibrary">
<doc>Maximizes current browser window.</doc>
<status status="PASS" start="2024-09-16T19:59:00.711083" elapsed="0.038522"/>
</kw>
<kw name="Set Selenium Implicit Wait" owner="SeleniumLibrary">
<arg>10Seconds</arg>
<doc>Sets the implicit wait value used by Selenium.</doc>
<status status="PASS" start="2024-09-16T19:59:00.749605" elapsed="0.000000"/>
</kw>
<kw name="clear_all_ookies" owner="Common_Functions">
<kw name="Delete All Cookies" owner="SeleniumLibrary">
<doc>Deletes all cookies.</doc>
<status status="PASS" start="2024-09-16T19:59:00.749605" elapsed="0.020305"/>
</kw>
<doc>Clear all cookies</doc>
<status status="PASS" start="2024-09-16T19:59:00.749605" elapsed="0.020305"/>
</kw>
<kw name="Set Selenium Speed" owner="SeleniumLibrary">
<arg>0.01</arg>
<doc>Sets the delay that is waited after each Selenium command.</doc>
<status status="PASS" start="2024-09-16T19:59:00.769910" elapsed="0.000000"/>
</kw>
<doc>This keyword for launching the browser</doc>
<status status="PASS" start="2024-09-16T19:58:50.254128" elapsed="10.515782"/>
</kw>
<kw name="Verify_Login_With_Valid_Credentials" owner="Common_Functions">
<kw name="Input_Username_OnLoginpage" owner="LoginPage_Keyword">
<kw name="Sleep" owner="BuiltIn">
<msg time="2024-09-16T19:59:02.774464" level="INFO">Slept 2 seconds.</msg>
<arg>2</arg>
<doc>Pauses the test executed for the given time.</doc>
<status status="PASS" start="2024-09-16T19:59:00.774139" elapsed="2.000325"/>
</kw>
<kw name="checking_textBox_displayed_status-and_input_value_in _textbox" owner="Common_Functions">
<kw name="Element Should Be Visible" owner="SeleniumLibrary">
<msg time="2024-09-16T19:59:02.859582" level="INFO">Element 'name:username' is displayed.</msg>
<arg>${Webelement}</arg>
<doc>Verifies that the element identified by ``locator`` is visible.</doc>
<status status="PASS" start="2024-09-16T19:59:02.774464" elapsed="0.085217"/>
</kw>
<kw name="Element Should Be Enabled" owner="SeleniumLibrary">
<arg>${Webelement}</arg>
<doc>Verifies that element identified by ``locator`` is enabled.</doc>
<status status="PASS" start="2024-09-16T19:59:02.859681" elapsed="0.098545"/>
</kw>
<kw name="Clear Element Text" owner="SeleniumLibrary">
<arg>${Webelement}</arg>
<doc>Clears the value of the text-input-element identified by ``locator``.</doc>
<status status="PASS" start="2024-09-16T19:59:02.958663" elapsed="0.127423"/>
</kw>
<kw name="Input Text" owner="SeleniumLibrary">
<msg time="2024-09-16T19:59:03.086086" level="INFO">Typing text 'puchha.pavan@telusinternational.com' into text field 'name:username'.</msg>
<arg>${Webelement}</arg>
<arg>${input_text_value}</arg>
<doc>Types the given ``text`` into the text field identified by ``locator``.</doc>
<status status="PASS" start="2024-09-16T19:59:03.086086" elapsed="0.339168"/>
</kw>
<arg>${txt_loginpageusername}</arg>
<arg>${username}</arg>
<status status="PASS" start="2024-09-16T19:59:02.774464" elapsed="0.650790"/>
</kw>
<arg>${username}</arg>
<status status="PASS" start="2024-09-16T19:59:00.774139" elapsed="2.651714"/>
</kw>
<kw name="Click_Login_Button_OnLoginpage" owner="LoginPage_Keyword">
<kw name="Wait Until Page Contains Element" owner="SeleniumLibrary">
<arg>${txt_clickloginbutton}</arg>
<doc>Waits until the element ``locator`` appears on the current page.</doc>
<status status="PASS" start="2024-09-16T19:59:03.427748" elapsed="0.043702"/>
</kw>
<kw name="checking_button_displayed_status-and_click_on_button" owner="Common_Functions">
<kw name="Element Should Be Visible" owner="SeleniumLibrary">
<msg time="2024-09-16T19:59:03.540522" level="INFO">Element 'xpath://*[text()='Login']' is displayed.</msg>
<arg>${Webelement}</arg>
<doc>Verifies that the element identified by ``locator`` is visible.</doc>
<status status="PASS" start="2024-09-16T19:59:03.473821" elapsed="0.066701"/>
</kw>
<kw name="Click Button" owner="SeleniumLibrary">
<msg time="2024-09-16T19:59:03.541619" level="INFO">Clicking button 'xpath://*[text()='Login']'.</msg>
<arg>${Webelement}</arg>
<doc>Clicks the button identified by ``locator``.</doc>
<status status="PASS" start="2024-09-16T19:59:03.541119" elapsed="0.243867"/>
</kw>
<arg>${txt_clickloginbutton}</arg>
<status status="PASS" start="2024-09-16T19:59:03.473538" elapsed="0.311448"/>
</kw>
<status status="PASS" start="2024-09-16T19:59:03.425853" elapsed="0.359627"/>
</kw>
<kw name="Input_Domain-Name_OnLoginpage" owner="LoginPage_Keyword">
<kw name="Wait Until Page Contains Element" owner="SeleniumLibrary">
<arg>${txt_loginpagedomain}</arg>
<doc>Waits until the element ``locator`` appears on the current page.</doc>
<status status="PASS" start="2024-09-16T19:59:03.786475" elapsed="0.532251"/>
</kw>
<kw name="checking_textBox_displayed_status-and_input_value_in _textbox" owner="Common_Functions">
<kw name="Element Should Be Visible" owner="SeleniumLibrary">
<msg time="2024-09-16T19:59:04.372882" level="INFO">Element 'xpath://*[@placeholder='Enter domain']' is displayed.</msg>
<arg>${Webelement}</arg>
<doc>Verifies that the element identified by ``locator`` is visible.</doc>
<status status="PASS" start="2024-09-16T19:59:04.320525" elapsed="0.052660"/>
</kw>
<kw name="Element Should Be Enabled" owner="SeleniumLibrary">
<arg>${Webelement}</arg>
<doc>Verifies that element identified by ``locator`` is enabled.</doc>
<status status="PASS" start="2024-09-16T19:59:04.374125" elapsed="0.071744"/>
</kw>
<kw name="Clear Element Text" owner="SeleniumLibrary">
<arg>${Webelement}</arg>
<doc>Clears the value of the text-input-element identified by ``locator``.</doc>
<status status="PASS" start="2024-09-16T19:59:04.446372" elapsed="0.077038"/>
</kw>
<kw name="Input Text" owner="SeleniumLibrary">
<msg time="2024-09-16T19:59:04.523410" level="INFO">Typing text 'xd' into text field 'xpath://*[@placeholder='Enter domain']'.</msg>
<arg>${Webelement}</arg>
<arg>${input_text_value}</arg>
<doc>Types the given ``text`` into the text field identified by ``locator``.</doc>
<status status="PASS" start="2024-09-16T19:59:04.523410" elapsed="0.206153"/>
</kw>
<arg>${txt_loginpagedomain}</arg>
<arg>${domain_name}</arg>
<status status="PASS" start="2024-09-16T19:59:04.319532" elapsed="0.410031"/>
</kw>
<arg>${domain_name}</arg>
<status status="PASS" start="2024-09-16T19:59:03.785480" elapsed="0.944083"/>
</kw>
<kw name="Click_Login_Button_OnLoginpage" owner="LoginPage_Keyword">
<kw name="Wait Until Page Contains Element" owner="SeleniumLibrary">
<arg>${txt_clickloginbutton}</arg>
<doc>Waits until the element ``locator`` appears on the current page.</doc>
<status status="PASS" start="2024-09-16T19:59:04.730105" elapsed="0.030604"/>
</kw>
<kw name="checking_button_displayed_status-and_click_on_button" owner="Common_Functions">
<kw name="Element Should Be Visible" owner="SeleniumLibrary">
<msg time="2024-09-16T19:59:04.811582" level="INFO">Element 'xpath://*[text()='Login']' is displayed.</msg>
<arg>${Webelement}</arg>
<doc>Verifies that the element identified by ``locator`` is visible.</doc>
<status status="PASS" start="2024-09-16T19:59:04.760888" elapsed="0.050694"/>
</kw>
<kw name="Click Button" owner="SeleniumLibrary">
<msg time="2024-09-16T19:59:04.811582" level="INFO">Clicking button 'xpath://*[text()='Login']'.</msg>
<arg>${Webelement}</arg>
<doc>Clicks the button identified by ``locator``.</doc>
<status status="PASS" start="2024-09-16T19:59:04.811582" elapsed="0.245408"/>
</kw>
<arg>${txt_clickloginbutton}</arg>
<status status="PASS" start="2024-09-16T19:59:04.760888" elapsed="0.296102"/>
</kw>
<status status="PASS" start="2024-09-16T19:59:04.730105" elapsed="0.326885"/>
</kw>
<kw name="Input_Password_OnLoginpage" owner="LoginPage_Keyword">
<kw name="checking_textBox_displayed_status-and_input_value_in _textbox" owner="Common_Functions">
<kw name="Element Should Be Visible" owner="SeleniumLibrary">
<msg time="2024-09-16T19:59:05.129704" level="INFO">Element 'xpath://*[@placeholder='Enter password']' is displayed.</msg>
<arg>${Webelement}</arg>
<doc>Verifies that the element identified by ``locator`` is visible.</doc>
<status status="PASS" start="2024-09-16T19:59:05.058833" elapsed="0.070871"/>
</kw>
<kw name="Element Should Be Enabled" owner="SeleniumLibrary">
<arg>${Webelement}</arg>
<doc>Verifies that element identified by ``locator`` is enabled.</doc>
<status status="PASS" start="2024-09-16T19:59:05.129704" elapsed="0.090584"/>
</kw>
<kw name="Clear Element Text" owner="SeleniumLibrary">
<arg>${Webelement}</arg>
<doc>Clears the value of the text-input-element identified by ``locator``.</doc>
<status status="PASS" start="2024-09-16T19:59:05.220532" elapsed="0.115349"/>
</kw>
<kw name="Input Text" owner="SeleniumLibrary">
<msg time="2024-09-16T19:59:05.335881" level="INFO">Typing text '*Pavan@7351' into text field 'xpath://*[@placeholder='Enter password']'.</msg>
<arg>${Webelement}</arg>
<arg>${input_text_value}</arg>
<doc>Types the given ``text`` into the text field identified by ``locator``.</doc>
<status status="PASS" start="2024-09-16T19:59:05.335881" elapsed="0.276354"/>
</kw>
<arg>${txt_loginpagepassword}</arg>
<arg>${password}</arg>
<status status="PASS" start="2024-09-16T19:59:05.058833" elapsed="0.553402"/>
</kw>
<arg>${password}</arg>
<status status="PASS" start="2024-09-16T19:59:05.058236" elapsed="0.553999"/>
</kw>
<kw name="Click_Login_Button_OnLoginpage" owner="LoginPage_Keyword">
<kw name="Wait Until Page Contains Element" owner="SeleniumLibrary">
<arg>${txt_clickloginbutton}</arg>
<doc>Waits until the element ``locator`` appears on the current page.</doc>
<status status="PASS" start="2024-09-16T19:59:05.613754" elapsed="0.026140"/>
</kw>
<kw name="checking_button_displayed_status-and_click_on_button" owner="Common_Functions">
<kw name="Element Should Be Visible" owner="SeleniumLibrary">
<msg time="2024-09-16T19:59:05.689305" level="INFO">Element 'xpath://*[text()='Login']' is displayed.</msg>
<arg>${Webelement}</arg>
<doc>Verifies that the element identified by ``locator`` is visible.</doc>
<status status="PASS" start="2024-09-16T19:59:05.640140" elapsed="0.049165"/>
</kw>
<kw name="Click Button" owner="SeleniumLibrary">
<msg time="2024-09-16T19:59:05.689305" level="INFO">Clicking button 'xpath://*[text()='Login']'.</msg>
<arg>${Webelement}</arg>
<doc>Clicks the button identified by ``locator``.</doc>
<status status="PASS" start="2024-09-16T19:59:05.689305" elapsed="0.186896"/>
</kw>
<arg>${txt_clickloginbutton}</arg>
<status status="PASS" start="2024-09-16T19:59:05.640140" elapsed="0.236754"/>
</kw>
<status status="PASS" start="2024-09-16T19:59:05.612235" elapsed="0.264659"/>
</kw>
<tag>Smoke Test</tag>
<doc>Testing Login With Valid Credentials</doc>
<status status="PASS" start="2024-09-16T19:59:00.774139" elapsed="5.102755"/>
</kw>
<kw name="SearchBar_Functionality_And_Validate_Results" owner="ChatBotPage_Keyword">
<kw name="checking_element_displayed_status-and_click_on_Icon" owner="Common_Functions">
<kw name="Element Should Be Visible" owner="SeleniumLibrary">
<msg time="2024-09-16T19:59:06.989419" level="INFO">Element 'xpath://li[@data-tip='Chatbots']' is displayed.</msg>
<arg>${Web-element}</arg>
<doc>Verifies that the element identified by ``locator`` is visible.</doc>
<status status="PASS" start="2024-09-16T19:59:05.878941" elapsed="1.110478"/>
</kw>
<kw name="Click Element" owner="SeleniumLibrary">
<msg time="2024-09-16T19:59:06.990792" level="INFO">Clicking element 'xpath://li[@data-tip='Chatbots']'.</msg>
<arg>${Web-element}</arg>
<doc>Click the element identified by ``locator``.</doc>
<status status="PASS" start="2024-09-16T19:59:06.989920" elapsed="0.603717"/>
</kw>
<arg>${click_chatbot_moduel}</arg>
<status status="PASS" start="2024-09-16T19:59:05.878941" elapsed="1.716239"/>
</kw>
<kw name="checking_textBox_displayed_status-and_input_value_in _textbox" owner="Common_Functions">
<kw name="Element Should Be Visible" owner="SeleniumLibrary">
<msg time="2024-09-16T19:59:07.654913" level="INFO">Element 'xpath://input[@placeholder='Enter characters to search']' is displayed.</msg>
<arg>${Webelement}</arg>
<doc>Verifies that the element identified by ``locator`` is visible.</doc>
<status status="PASS" start="2024-09-16T19:59:07.598482" elapsed="0.056431"/>
</kw>
<kw name="Element Should Be Enabled" owner="SeleniumLibrary">
<arg>${Webelement}</arg>
<doc>Verifies that element identified by ``locator`` is enabled.</doc>
<status status="PASS" start="2024-09-16T19:59:07.655246" elapsed="0.060265"/>
</kw>
<kw name="Clear Element Text" owner="SeleniumLibrary">
<arg>${Webelement}</arg>
<doc>Clears the value of the text-input-element identified by ``locator``.</doc>
<status status="PASS" start="2024-09-16T19:59:07.715946" elapsed="0.068493"/>
</kw>
<kw name="Input Text" owner="SeleniumLibrary">
<msg time="2024-09-16T19:59:07.785406" level="INFO">Typing text 'Bot' into text field 'xpath://input[@placeholder='Enter characters to search']'.</msg>
<arg>${Webelement}</arg>
<arg>${input_text_value}</arg>
<doc>Types the given ``text`` into the text field identified by ``locator``.</doc>
<status status="PASS" start="2024-09-16T19:59:07.784906" elapsed="0.140634"/>
</kw>
<arg>${search_bots}</arg>
<arg>Bot</arg>
<status status="PASS" start="2024-09-16T19:59:07.597482" elapsed="0.328297"/>
</kw>
<kw name="checking_element_displayed_status-and_click_on_Icon" owner="Common_Functions">
<kw name="Element Should Be Visible" owner="SeleniumLibrary">
<msg time="2024-09-16T19:59:07.977150" level="INFO">Element 'xpath://img[@class='search-img']' is displayed.</msg>
<arg>${Web-element}</arg>
<doc>Verifies that the element identified by ``locator`` is visible.</doc>
<status status="PASS" start="2024-09-16T19:59:07.926019" elapsed="0.051131"/>
</kw>
<kw name="Click Element" owner="SeleniumLibrary">
<msg time="2024-09-16T19:59:07.978094" level="INFO">Clicking element 'xpath://img[@class='search-img']'.</msg>
<arg>${Web-element}</arg>
<doc>Click the element identified by ``locator``.</doc>
<status status="PASS" start="2024-09-16T19:59:07.977594" elapsed="0.084010"/>
</kw>
<arg>${click_search}</arg>
<status status="PASS" start="2024-09-16T19:59:07.926019" elapsed="0.135917"/>
</kw>
<kw name="Get Text" owner="SeleniumLibrary">
<msg time="2024-09-16T19:59:08.122593" level="INFO">${bot_list} = Koodo - Unicorn Demo Bot - Do not edit
Public Mobile - Unicorn Bot
Public Test Bot
Test Bot - Vertex
Transaction Bot MQA
Yasmine Helper Bot</msg>
<var>${bot_list}</var>
<arg>${get_bots_list}</arg>
<doc>Returns the text value of the element identified by ``locator``.</doc>
<status status="PASS" start="2024-09-16T19:59:08.061936" elapsed="0.060657"/>
</kw>
<kw name="Log To Console" owner="BuiltIn">
<arg>${bot_list}</arg>
<doc>Logs the given message to the console.</doc>
<status status="PASS" start="2024-09-16T19:59:08.123076" elapsed="0.001383"/>
</kw>
<kw name="Set Variable" owner="BuiltIn">
<msg time="2024-09-16T19:59:08.125461" level="INFO">${str1} = Transaction Bot MQA</msg>
<var>${str1}</var>
<arg>Transaction Bot MQA</arg>
<doc>Returns the given values which can then be assigned to a variables.</doc>
<status status="PASS" start="2024-09-16T19:59:08.125461" elapsed="0.000000"/>
</kw>
<kw name="Split String" owner="String">
<msg time="2024-09-16T19:59:08.126611" level="INFO">${items} = ['Koodo - Unicorn Demo Bot - Do not edit', 'Public Mobile - Unicorn Bot', 'Public Test Bot', 'Test Bot - Vertex', 'Transaction Bot MQA', 'Yasmine Helper Bot']</msg>
<var>${items}</var>
<arg>${bot_list}</arg>
<arg>\n</arg>
<doc>Splits the ``string`` using ``separator`` as a delimiter string.</doc>
<status status="PASS" start="2024-09-16T19:59:08.125461" elapsed="0.001193"/>
</kw>
<kw name="Log To Console" owner="BuiltIn">
<arg>${items}</arg>
<doc>Logs the given message to the console.</doc>
<status status="PASS" start="2024-09-16T19:59:08.126654" elapsed="0.000222"/>
</kw>
<for flavor="IN">
<iter>
<kw name="Log To Console" owner="BuiltIn">
<arg>Current Item: ${item}</arg>
<doc>Logs the given message to the console.</doc>
<status status="PASS" start="2024-09-16T19:59:08.126876" elapsed="0.000000"/>
</kw>
<if>
<branch type="IF" condition="&quot;${item}&quot; == &quot;${str1}&quot;">
<kw name="checking_element_displayed_status-and_click_on_Icon" owner="Common_Functions">
<arg>//*[contains(text(),'Transaction Bot MQA')]</arg>
<status status="NOT RUN" start="2024-09-16T19:59:08.126876" elapsed="0.000000"/>
</kw>
<status status="NOT RUN" start="2024-09-16T19:59:08.126876" elapsed="0.000000"/>
</branch>
<status status="PASS" start="2024-09-16T19:59:08.126876" elapsed="0.001777"/>
</if>
<var name="${item}">Koodo - Unicorn Demo Bot - Do not edit</var>
<status status="PASS" start="2024-09-16T19:59:08.126876" elapsed="0.001777"/>
</iter>
<iter>
<kw name="Log To Console" owner="BuiltIn">
<arg>Current Item: ${item}</arg>
<doc>Logs the given message to the console.</doc>
<status status="PASS" start="2024-09-16T19:59:08.128779" elapsed="0.000504"/>
</kw>
<if>
<branch type="IF" condition="&quot;${item}&quot; == &quot;${str1}&quot;">
<kw name="checking_element_displayed_status-and_click_on_Icon" owner="Common_Functions">
<arg>//*[contains(text(),'Transaction Bot MQA')]</arg>
<status status="NOT RUN" start="2024-09-16T19:59:08.129283" elapsed="0.000000"/>
</kw>
<status status="NOT RUN" start="2024-09-16T19:59:08.129283" elapsed="0.000000"/>
</branch>
<status status="PASS" start="2024-09-16T19:59:08.129283" elapsed="0.000000"/>
</if>
<var name="${item}">Public Mobile - Unicorn Bot</var>
<status status="PASS" start="2024-09-16T19:59:08.128779" elapsed="0.000504"/>
</iter>
<iter>
<kw name="Log To Console" owner="BuiltIn">
<arg>Current Item: ${item}</arg>
<doc>Logs the given message to the console.</doc>
<status status="PASS" start="2024-09-16T19:59:08.129283" elapsed="0.000894"/>
</kw>
<if>
<branch type="IF" condition="&quot;${item}&quot; == &quot;${str1}&quot;">
<kw name="checking_element_displayed_status-and_click_on_Icon" owner="Common_Functions">
<arg>//*[contains(text(),'Transaction Bot MQA')]</arg>
<status status="NOT RUN" start="2024-09-16T19:59:08.130177" elapsed="0.000501"/>
</kw>
<status status="NOT RUN" start="2024-09-16T19:59:08.130177" elapsed="0.000501"/>
</branch>
<status status="PASS" start="2024-09-16T19:59:08.130177" elapsed="0.000604"/>
</if>
<var name="${item}">Public Test Bot</var>
<status status="PASS" start="2024-09-16T19:59:08.129283" elapsed="0.001512"/>
</iter>
<iter>
<kw name="Log To Console" owner="BuiltIn">
<arg>Current Item: ${item}</arg>
<doc>Logs the given message to the console.</doc>
<status status="PASS" start="2024-09-16T19:59:08.130826" elapsed="0.000469"/>
</kw>
<if>
<branch type="IF" condition="&quot;${item}&quot; == &quot;${str1}&quot;">
<kw name="checking_element_displayed_status-and_click_on_Icon" owner="Common_Functions">
<arg>//*[contains(text(),'Transaction Bot MQA')]</arg>
<status status="NOT RUN" start="2024-09-16T19:59:08.131796" elapsed="0.000000"/>
</kw>
<status status="NOT RUN" start="2024-09-16T19:59:08.131295" elapsed="0.000501"/>
</branch>
<status status="PASS" start="2024-09-16T19:59:08.131295" elapsed="0.000501"/>
</if>
<var name="${item}">Test Bot - Vertex</var>
<status status="PASS" start="2024-09-16T19:59:08.130826" elapsed="0.000970"/>
</iter>
<iter>
<kw name="Log To Console" owner="BuiltIn">
<arg>Current Item: ${item}</arg>
<doc>Logs the given message to the console.</doc>
<status status="PASS" start="2024-09-16T19:59:08.132218" elapsed="0.000077"/>
</kw>
<if>
<branch type="IF" condition="&quot;${item}&quot; == &quot;${str1}&quot;">
<kw name="checking_element_displayed_status-and_click_on_Icon" owner="Common_Functions">
<kw name="Element Should Be Visible" owner="SeleniumLibrary">
<msg time="2024-09-16T19:59:08.179697" level="INFO">Element '//*[contains(text(),'Transaction Bot MQA')]' is displayed.</msg>
<arg>${Web-element}</arg>
<doc>Verifies that the element identified by ``locator`` is visible.</doc>
<status status="PASS" start="2024-09-16T19:59:08.132798" elapsed="0.047081"/>
</kw>
<kw name="Click Element" owner="SeleniumLibrary">
<msg time="2024-09-16T19:59:08.180326" level="INFO">Clicking element '//*[contains(text(),'Transaction Bot MQA')]'.</msg>
<arg>${Web-element}</arg>
<doc>Click the element identified by ``locator``.</doc>
<status status="PASS" start="2024-09-16T19:59:08.180070" elapsed="0.366188"/>
</kw>
<arg>//*[contains(text(),'Transaction Bot MQA')]</arg>
<status status="PASS" start="2024-09-16T19:59:08.132295" elapsed="0.413963"/>
</kw>
<status status="PASS" start="2024-09-16T19:59:08.132295" elapsed="0.413963"/>
</branch>
<status status="PASS" start="2024-09-16T19:59:08.132295" elapsed="0.413963"/>
</if>
<var name="${item}">Transaction Bot MQA</var>
<status status="PASS" start="2024-09-16T19:59:08.131796" elapsed="0.414961"/>
</iter>
<iter>
<kw name="Log To Console" owner="BuiltIn">
<arg>Current Item: ${item}</arg>
<doc>Logs the given message to the console.</doc>
<status status="PASS" start="2024-09-16T19:59:08.547257" elapsed="0.012000"/>
</kw>
<if>
<branch type="IF" condition="&quot;${item}&quot; == &quot;${str1}&quot;">
<kw name="checking_element_displayed_status-and_click_on_Icon" owner="Common_Functions">
<arg>//*[contains(text(),'Transaction Bot MQA')]</arg>
<status status="NOT RUN" start="2024-09-16T19:59:08.560259" elapsed="0.000000"/>
</kw>
<status status="NOT RUN" start="2024-09-16T19:59:08.559758" elapsed="0.000501"/>
</branch>
<status status="PASS" start="2024-09-16T19:59:08.559758" elapsed="0.000501"/>
</if>
<var name="${item}">Yasmine Helper Bot</var>
<status status="PASS" start="2024-09-16T19:59:08.546757" elapsed="0.013502"/>
</iter>
<var>${item}</var>
<value>@{items}</value>
<status status="PASS" start="2024-09-16T19:59:08.126876" elapsed="0.433881"/>
</for>
<kw name="Sleep" owner="BuiltIn">
<msg time="2024-09-16T19:59:10.560844" level="INFO">Slept 2 seconds.</msg>
<arg>2</arg>
<doc>Pauses the test executed for the given time.</doc>
<status status="PASS" start="2024-09-16T19:59:08.560757" elapsed="2.000087"/>
</kw>
<kw name="Wait Until Element Is Visible" owner="SeleniumLibrary">
<arg>xpath://div[@class='inputBoxDiv ellipsis']//input[@title='Transaction Bot MQA']</arg>
<doc>Waits until the element ``locator`` is visible.</doc>
<status status="PASS" start="2024-09-16T19:59:10.560844" elapsed="0.050846"/>
</kw>
<status status="PASS" start="2024-09-16T19:59:05.878063" elapsed="4.733627"/>
</kw>
<kw name="Closing_The_Browser" owner="BaseClass_Keyword" type="TEARDOWN">
<kw name="Run Keyword If Test Failed" owner="BuiltIn">
<arg>Capture Page Screenshot</arg>
<arg>Faild_screenshot.png</arg>
<doc>Runs the given keyword with the given arguments, if the test failed.</doc>
<status status="PASS" start="2024-09-16T19:59:10.612250" elapsed="0.000000"/>
</kw>
<kw name="Close Browser" owner="SeleniumLibrary">
<doc>Closes the current browser.</doc>
<status status="PASS" start="2024-09-16T19:59:10.613356" elapsed="2.242866"/>
</kw>
<doc>This keyword for closing the current browser</doc>
<status status="PASS" start="2024-09-16T19:59:10.612250" elapsed="2.243972"/>
</kw>
<doc>Verify_Chatbot_SearchBar_Functionality_And_Validate_Results</doc>
<tag>Regression Testing</tag>
<status status="PASS" start="2024-09-16T19:58:50.254128" elapsed="22.602094"/>
</test>
<status status="PASS" start="2024-09-16T19:58:49.793983" elapsed="23.062239"/>
</suite>
<statistics>
<total>
<stat pass="1" fail="0" skip="0">All Tests</stat>
</total>
<tag>
<stat pass="1" fail="0" skip="0">Regression Testing</stat>
</tag>
<suite>
<stat pass="1" fail="0" skip="0" id="s1" name="Test Verify Chatbot SearchBar Functionality And Validate Results">Test Verify Chatbot SearchBar Functionality And Validate Results</stat>
</suite>
</statistics>
<errors>
<msg time="2024-09-16T19:58:50.221465" level="WARN">Imported resource file 'C:\Users\puchha.pavan\PycharmProjects\Telus_iTIA_Powered_by_Fuel_iX\iTIA_Powered_by_Fuel_iX\itia_datafiles\ChatBotPage_Variables.robot' is empty.</msg>
</errors>
</robot>
