<?xml version="1.0" encoding="UTF-8"?>
<robot generator="Robot 7.0.1 (Python 3.12.4 on win32)" generated="2024-09-11T15:46:48.434087" rpa="false" schemaversion="5">
<suite id="s1" name="Test Verify User Navigates To Flow CentralRepo" source="C:\Users\bisma.shah\iTIA_Powered_by_Fuel_iX\iTIA_Powered_by_Fuel_iX\itia_testcases\Central_RepositoryPage_TC\Test_Verify_User_Navigates_To_Flow_CentralRepo.robot">
<test id="s1-t1" name="Verify_User_Navigates_To_Flow/Qa_CentralRepo" line="9">
<kw name="launching_the_browser" owner="BaseClass_Keyword" type="SETUP">
<kw name="Open Browser" owner="SeleniumLibrary">
<msg time="2024-09-11T15:46:48.691772" level="INFO">Opening browser 'chrome' to base url 'https://mqa2.xavlab.xyz/'.</msg>
<arg>${site-url}</arg>
<arg>${browser}</arg>
<doc>Opens a new browser instance to the optional ``url``.</doc>
<status status="PASS" start="2024-09-11T15:46:48.691707" elapsed="10.253032"/>
</kw>
<kw name="Maximize Browser Window" owner="SeleniumLibrary">
<doc>Maximizes current browser window.</doc>
<status status="PASS" start="2024-09-11T15:46:58.945242" elapsed="0.030131"/>
</kw>
<kw name="Set Selenium Implicit Wait" owner="SeleniumLibrary">
<arg>15Seconds</arg>
<doc>Sets the implicit wait value used by Selenium.</doc>
<status status="PASS" start="2024-09-11T15:46:58.976121" elapsed="0.005815"/>
</kw>
<kw name="clear_all_ookies" owner="Common_Functions">
<kw name="Delete All Cookies" owner="SeleniumLibrary">
<doc>Deletes all cookies.</doc>
<status status="PASS" start="2024-09-11T15:46:58.984132" elapsed="0.020181"/>
</kw>
<doc>Clear all cookies</doc>
<status status="PASS" start="2024-09-11T15:46:58.983036" elapsed="0.022361"/>
</kw>
<doc>This keyword for launching the browser</doc>
<status status="PASS" start="2024-09-11T15:46:48.690700" elapsed="10.314697"/>
</kw>
<kw name="Verify_Login_With_Valid_Credentials" owner="Common_Functions">
<kw name="input_username_onloginpage" owner="LoginPage_Keyword">
<kw name="Sleep" owner="BuiltIn">
<msg time="2024-09-11T15:47:01.009246" level="INFO">Slept 2 seconds.</msg>
<arg>2</arg>
<doc>Pauses the test executed for the given time.</doc>
<status status="PASS" start="2024-09-11T15:46:59.007728" elapsed="2.001518"/>
</kw>
<kw name="checking_textBox_displayed_status-and_input_value_in _textbox" owner="Common_Functions">
<kw name="Element Should Be Visible" owner="SeleniumLibrary">
<msg time="2024-09-11T15:47:01.034122" level="INFO">Element 'name:username' is displayed.</msg>
<arg>${Webelement}</arg>
<doc>Verifies that the element identified by ``locator`` is visible.</doc>
<status status="PASS" start="2024-09-11T15:47:01.009246" elapsed="0.024876"/>
</kw>
<kw name="Element Should Be Enabled" owner="SeleniumLibrary">
<arg>${Webelement}</arg>
<doc>Verifies that element identified by ``locator`` is enabled.</doc>
<status status="PASS" start="2024-09-11T15:47:01.035711" elapsed="0.023060"/>
</kw>
<kw name="Input Text" owner="SeleniumLibrary">
<msg time="2024-09-11T15:47:01.058771" level="INFO">Typing text 'bisma.shah@telusinternational.com' into text field 'name:username'.</msg>
<arg>${Webelement}</arg>
<arg>${input_text_value}</arg>
<doc>Types the given ``text`` into the text field identified by ``locator``.</doc>
<status status="PASS" start="2024-09-11T15:47:01.058771" elapsed="0.178306"/>
</kw>
<arg>${txt_loginpageusername}</arg>
<arg>${username}</arg>
<status status="PASS" start="2024-09-11T15:47:01.009246" elapsed="0.227831"/>
</kw>
<arg>${username}</arg>
<status status="PASS" start="2024-09-11T15:46:59.007728" elapsed="2.229349"/>
</kw>
<kw name="click_login_button_onloginpage" owner="LoginPage_Keyword">
<kw name="Wait Until Page Contains Element" owner="SeleniumLibrary">
<arg>${txt_clickloginbutton}</arg>
<doc>Waits until the element ``locator`` appears on the current page.</doc>
<status status="PASS" start="2024-09-11T15:47:01.238555" elapsed="0.009239"/>
</kw>
<kw name="checking_button_displayed_status-and_click_on_button" owner="Common_Functions">
<kw name="Element Should Be Visible" owner="SeleniumLibrary">
<msg time="2024-09-11T15:47:01.261062" level="INFO">Element 'xpath://*[text()='Login']' is displayed.</msg>
<arg>${Webelement}</arg>
<doc>Verifies that the element identified by ``locator`` is visible.</doc>
<status status="PASS" start="2024-09-11T15:47:01.248838" elapsed="0.012224"/>
</kw>
<kw name="Click Button" owner="SeleniumLibrary">
<msg time="2024-09-11T15:47:01.261062" level="INFO">Clicking button 'xpath://*[text()='Login']'.</msg>
<arg>${Webelement}</arg>
<doc>Clicks the button identified by ``locator``.</doc>
<status status="PASS" start="2024-09-11T15:47:01.261062" elapsed="0.062250"/>
</kw>
<arg>${txt_clickloginbutton}</arg>
<status status="PASS" start="2024-09-11T15:47:01.247794" elapsed="0.075518"/>
</kw>
<status status="PASS" start="2024-09-11T15:47:01.237077" elapsed="0.087237"/>
</kw>
<kw name="input_domain-name_onloginpage" owner="LoginPage_Keyword">
<kw name="Wait Until Page Contains Element" owner="SeleniumLibrary">
<arg>${txt_loginpagedomain}</arg>
<doc>Waits until the element ``locator`` appears on the current page.</doc>
<status status="PASS" start="2024-09-11T15:47:01.325907" elapsed="0.323433"/>
</kw>
<kw name="checking_textBox_displayed_status-and_input_value_in _textbox" owner="Common_Functions">
<kw name="Element Should Be Visible" owner="SeleniumLibrary">
<msg time="2024-09-11T15:47:01.663389" level="INFO">Element 'xpath://*[@placeholder='Enter domain']' is displayed.</msg>
<arg>${Webelement}</arg>
<doc>Verifies that the element identified by ``locator`` is visible.</doc>
<status status="PASS" start="2024-09-11T15:47:01.650187" elapsed="0.013202"/>
</kw>
<kw name="Element Should Be Enabled" owner="SeleniumLibrary">
<arg>${Webelement}</arg>
<doc>Verifies that element identified by ``locator`` is enabled.</doc>
<status status="PASS" start="2024-09-11T15:47:01.663389" elapsed="0.022819"/>
</kw>
<kw name="Input Text" owner="SeleniumLibrary">
<msg time="2024-09-11T15:47:01.686208" level="INFO">Typing text 'xd' into text field 'xpath://*[@placeholder='Enter domain']'.</msg>
<arg>${Webelement}</arg>
<arg>${input_text_value}</arg>
<doc>Types the given ``text`` into the text field identified by ``locator``.</doc>
<status status="PASS" start="2024-09-11T15:47:01.686208" elapsed="0.077608"/>
</kw>
<arg>${txt_loginpagedomain}</arg>
<arg>${domain_name}</arg>
<status status="PASS" start="2024-09-11T15:47:01.649340" elapsed="0.114476"/>
</kw>
<arg>${domain_name}</arg>
<status status="PASS" start="2024-09-11T15:47:01.324407" elapsed="0.439409"/>
</kw>
<kw name="click_login_button_onloginpage" owner="LoginPage_Keyword">
<kw name="Wait Until Page Contains Element" owner="SeleniumLibrary">
<arg>${txt_clickloginbutton}</arg>
<doc>Waits until the element ``locator`` appears on the current page.</doc>
<status status="PASS" start="2024-09-11T15:47:01.765351" elapsed="0.007644"/>
</kw>
<kw name="checking_button_displayed_status-and_click_on_button" owner="Common_Functions">
<kw name="Element Should Be Visible" owner="SeleniumLibrary">
<msg time="2024-09-11T15:47:01.780818" level="INFO">Element 'xpath://*[text()='Login']' is displayed.</msg>
<arg>${Webelement}</arg>
<doc>Verifies that the element identified by ``locator`` is visible.</doc>
<status status="PASS" start="2024-09-11T15:47:01.772995" elapsed="0.007823"/>
</kw>
<kw name="Click Button" owner="SeleniumLibrary">
<msg time="2024-09-11T15:47:01.782493" level="INFO">Clicking button 'xpath://*[text()='Login']'.</msg>
<arg>${Webelement}</arg>
<doc>Clicks the button identified by ``locator``.</doc>
<status status="PASS" start="2024-09-11T15:47:01.781990" elapsed="0.202071"/>
</kw>
<arg>${txt_clickloginbutton}</arg>
<status status="PASS" start="2024-09-11T15:47:01.772995" elapsed="0.211066"/>
</kw>
<status status="PASS" start="2024-09-11T15:47:01.763816" elapsed="0.220245"/>
</kw>
<kw name="input_password_onloginpage" owner="LoginPage_Keyword">
<kw name="checking_textBox_displayed_status-and_input_value_in _textbox" owner="Common_Functions">
<kw name="Element Should Be Visible" owner="SeleniumLibrary">
<msg time="2024-09-11T15:47:02.002507" level="INFO">Element 'xpath://*[@placeholder='Enter password']' is displayed.</msg>
<arg>${Webelement}</arg>
<doc>Verifies that the element identified by ``locator`` is visible.</doc>
<status status="PASS" start="2024-09-11T15:47:01.985662" elapsed="0.016845"/>
</kw>
<kw name="Element Should Be Enabled" owner="SeleniumLibrary">
<arg>${Webelement}</arg>
<doc>Verifies that element identified by ``locator`` is enabled.</doc>
<status status="PASS" start="2024-09-11T15:47:02.002507" elapsed="0.017204"/>
</kw>
<kw name="Input Text" owner="SeleniumLibrary">
<msg time="2024-09-11T15:47:02.019711" level="INFO">Typing text 'Password@1' into text field 'xpath://*[@placeholder='Enter password']'.</msg>
<arg>${Webelement}</arg>
<arg>${input_text_value}</arg>
<doc>Types the given ``text`` into the text field identified by ``locator``.</doc>
<status status="PASS" start="2024-09-11T15:47:02.019711" elapsed="0.085549"/>
</kw>
<arg>${txt_loginpagepassword}</arg>
<arg>${password}</arg>
<status status="PASS" start="2024-09-11T15:47:01.985662" elapsed="0.120834"/>
</kw>
<arg>${password}</arg>
<status status="PASS" start="2024-09-11T15:47:01.984061" elapsed="0.122495"/>
</kw>
<kw name="click_login_button_onloginpage" owner="LoginPage_Keyword">
<kw name="Wait Until Page Contains Element" owner="SeleniumLibrary">
<arg>${txt_clickloginbutton}</arg>
<doc>Waits until the element ``locator`` appears on the current page.</doc>
<status status="PASS" start="2024-09-11T15:47:02.106556" elapsed="0.006768"/>
</kw>
<kw name="checking_button_displayed_status-and_click_on_button" owner="Common_Functions">
<kw name="Element Should Be Visible" owner="SeleniumLibrary">
<msg time="2024-09-11T15:47:02.124169" level="INFO">Element 'xpath://*[text()='Login']' is displayed.</msg>
<arg>${Webelement}</arg>
<doc>Verifies that the element identified by ``locator`` is visible.</doc>
<status status="PASS" start="2024-09-11T15:47:02.114473" elapsed="0.009696"/>
</kw>
<kw name="Click Button" owner="SeleniumLibrary">
<msg time="2024-09-11T15:47:02.125166" level="INFO">Clicking button 'xpath://*[text()='Login']'.</msg>
<arg>${Webelement}</arg>
<doc>Clicks the button identified by ``locator``.</doc>
<status status="PASS" start="2024-09-11T15:47:02.125166" elapsed="0.048860"/>
</kw>
<arg>${txt_clickloginbutton}</arg>
<status status="PASS" start="2024-09-11T15:47:02.113324" elapsed="0.060702"/>
</kw>
<status status="PASS" start="2024-09-11T15:47:02.106556" elapsed="0.067470"/>
</kw>
<tag>Smoke Test</tag>
<doc>Testing Login With Valid Credentials</doc>
<status status="PASS" start="2024-09-11T15:46:59.006395" elapsed="3.167631"/>
</kw>
<kw name="click_CentralRepo_icon_onNavigationMenu" owner="CentralRepositoryPage_Keyword">
<kw name="Wait Until Page Contains Element" owner="SeleniumLibrary">
<arg>${Central_Repository}</arg>
<doc>Waits until the element ``locator`` appears on the current page.</doc>
<status status="PASS" start="2024-09-11T15:47:02.175615" elapsed="0.948479"/>
</kw>
<kw name="checking_link_displayed_status-and_click_on_Link" owner="Common_Functions">
<kw name="Element Should Be Visible" owner="SeleniumLibrary">
<msg time="2024-09-11T15:47:03.143703" level="INFO">Element 'xpath://*[@href='/central-repository']' is displayed.</msg>
<arg>${Webelement}</arg>
<doc>Verifies that the element identified by ``locator`` is visible.</doc>
<status status="PASS" start="2024-09-11T15:47:03.125610" elapsed="0.018093"/>
</kw>
<kw name="Click Link" owner="SeleniumLibrary">
<msg time="2024-09-11T15:47:03.143703" level="INFO">Clicking link 'xpath://*[@href='/central-repository']'.</msg>
<arg>${Webelement}</arg>
<doc>Clicks a link identified by ``locator``.</doc>
<status status="PASS" start="2024-09-11T15:47:03.143703" elapsed="0.437730"/>
</kw>
<arg>${Central_Repository}</arg>
<status status="PASS" start="2024-09-11T15:47:03.124094" elapsed="0.457339"/>
</kw>
<status status="PASS" start="2024-09-11T15:47:02.175615" elapsed="1.405818"/>
</kw>
<kw name="Sleep" owner="BuiltIn">
<msg time="2024-09-11T15:47:05.584137" level="INFO">Slept 2 seconds.</msg>
<arg>2 seconds</arg>
<doc>Pauses the test executed for the given time.</doc>
<status status="PASS" start="2024-09-11T15:47:03.582867" elapsed="2.001270"/>
</kw>
<kw name="click_CentralRepo_Flow_folder" owner="CentralRepositoryPage_Keyword">
<kw name="Wait Until Page Contains Element" owner="SeleniumLibrary">
<arg>${QA_Repository_button}</arg>
<doc>Waits until the element ``locator`` appears on the current page.</doc>
<status status="PASS" start="2024-09-11T15:47:05.584137" elapsed="0.011254"/>
</kw>
<kw name="checking_link_displayed_status-and_click_on_Link" owner="Common_Functions">
<kw name="Element Should Be Visible" owner="SeleniumLibrary">
<msg time="2024-09-11T15:47:05.604528" level="INFO">Element 'xpath://a[text()='QA']' is displayed.</msg>
<arg>${Webelement}</arg>
<doc>Verifies that the element identified by ``locator`` is visible.</doc>
<status status="PASS" start="2024-09-11T15:47:05.595391" elapsed="0.009137"/>
</kw>
<kw name="Click Link" owner="SeleniumLibrary">
<msg time="2024-09-11T15:47:05.604528" level="INFO">Clicking link 'xpath://a[text()='QA']'.</msg>
<arg>${Webelement}</arg>
<doc>Clicks a link identified by ``locator``.</doc>
<status status="PASS" start="2024-09-11T15:47:05.604528" elapsed="0.049969"/>
</kw>
<arg>${QA_Repository_button}</arg>
<status status="PASS" start="2024-09-11T15:47:05.595391" elapsed="0.059106"/>
</kw>
<status status="PASS" start="2024-09-11T15:47:05.584137" elapsed="0.070360"/>
</kw>
<kw name="Sleep" owner="BuiltIn">
<msg time="2024-09-11T15:47:07.656982" level="INFO">Slept 2 seconds.</msg>
<arg>2 seconds</arg>
<doc>Pauses the test executed for the given time.</doc>
<status status="PASS" start="2024-09-11T15:47:05.655593" elapsed="2.001389"/>
</kw>
<kw name="Wait Until Element Is Visible" owner="SeleniumLibrary">
<arg>//span[@title='${FolderName}']</arg>
<doc>Waits until the element ``locator`` is visible.</doc>
<status status="PASS" start="2024-09-11T15:47:07.656982" elapsed="0.022862"/>
</kw>
<kw name="Scroll Element Into View" owner="SeleniumLibrary">
<msg time="2024-09-11T15:47:07.801837" level="INFO" html="true">&lt;/td&gt;&lt;/tr&gt;&lt;tr&gt;&lt;td colspan="3"&gt;&lt;a href="selenium-screenshot-11.png"&gt;&lt;img src="selenium-screenshot-11.png" width="800px"&gt;&lt;/a&gt;</msg>
<msg time="2024-09-11T15:47:07.801837" level="FAIL">JavascriptException: Message: javascript error: {"status":60,"value":"[object HTMLDivElement] has no size and location"}
  (Session info: chrome=128.0.6613.137)
Stacktrace:
	GetHandleVerifier [0x00007FF771C8B632+29090]
	(No symbol) [0x00007FF771BFE6E9]
	(No symbol) [0x00007FF771ABB1CA]
	(No symbol) [0x00007FF771AC1CD3]
	(No symbol) [0x00007FF771AC4071]
	(No symbol) [0x00007FF771AC4110]
	(No symbol) [0x00007FF771B16013]
	(No symbol) [0x00007FF771B15296]
	(No symbol) [0x00007FF771B6073B]
	(No symbol) [0x00007FF771B366EA]
	(No symbol) [0x00007FF771B565D9]
	(No symbol) [0x00007FF771B36493]
	(No symbol) [0x00007FF771B009B1]
	(No symbol) [0x00007FF771B01B11]
	GetHandleVerifier [0x00007FF771FA883D+3294125]
	GetHandleVerifier [0x00007FF771FF4423+3604371]
	GetHandleVerifier [0x00007FF771FEA2E7+3563095]
	GetHandleVerifier [0x00007FF771D46F16+797318]
	(No symbol) [0x00007FF771C0986F]
	(No symbol) [0x00007FF771C05454]
	(No symbol) [0x00007FF771C055E0]
	(No symbol) [0x00007FF771BF4A7F]
	BaseThreadInitThunk [0x00007FF9257C257D+29]
	RtlUserThreadStart [0x00007FF925ACAF28+40]
</msg>
<arg>(//span[@title='akshay']/following::div/div[@class='icon-ellipsis'])[1]</arg>
<doc>Scrolls the element identified by ``locator`` into view.</doc>
<status status="FAIL" start="2024-09-11T15:47:07.679844" elapsed="0.129073">JavascriptException: Message: javascript error: {"status":60,"value":"[object HTMLDivElement] has no size and location"}
  (Session info: chrome=128.0.6613.137)
Stacktrace:
	GetHandleVerifier [0x00007FF771C8B632+29090]
	(No symbol) [0x00007FF771BFE6E9]
	(No symbol) [0x00007FF771ABB1CA]
	(No symbol) [0x00007FF771AC1CD3]
	(No symbol) [0x00007FF771AC4071]
	(No symbol) [0x00007FF771AC4110]
	(No symbol) [0x00007FF771B16013]
	(No symbol) [0x00007FF771B15296]
	(No symbol) [0x00007FF771B6073B]
	(No symbol) [0x00007FF771B366EA]
	(No symbol) [0x00007FF771B565D9]
	(No symbol) [0x00007FF771B36493]
	(No symbol) [0x00007FF771B009B1]
	(No symbol) [0x00007FF771B01B11]
	GetHandleVerifier [0x00007FF771FA883D+3294125]
	GetHandleVerifier [0x00007FF771FF4423+3604371]
	GetHandleVerifier [0x00007FF771FEA2E7+3563095]
	GetHandleVerifier [0x00007FF771D46F16+797318]
	(No symbol) [0x00007FF771C0986F]
	(No symbol) [0x00007FF771C05454]
	(No symbol) [0x00007FF771C055E0]
	(No symbol) [0x00007FF771BF4A7F]
	BaseThreadInitThunk [0x00007FF9257C257D+29]
	RtlUserThreadStart [0x00007FF925ACAF28+40]
</status>
</kw>
<kw name="Sleep" owner="BuiltIn">
<arg>2 seconds</arg>
<doc>Pauses the test executed for the given time.</doc>
<status status="NOT RUN" start="2024-09-11T15:47:07.808917" elapsed="0.000000"/>
</kw>
<kw name="closing_the_browser" owner="BaseClass_Keyword" type="TEARDOWN">
<kw name="Run Keyword If Test Failed" owner="BuiltIn">
<kw name="Capture Page Screenshot" owner="SeleniumLibrary">
<msg time="2024-09-11T15:47:07.915307" level="INFO" html="true">&lt;/td&gt;&lt;/tr&gt;&lt;tr&gt;&lt;td colspan="3"&gt;&lt;a href="Faild_screenshot.png"&gt;&lt;img src="Faild_screenshot.png" width="800px"&gt;&lt;/a&gt;</msg>
<arg>Faild_screenshot.png</arg>
<doc>Takes a screenshot of the current page and embeds it into a log file.</doc>
<status status="PASS" start="2024-09-11T15:47:07.809936" elapsed="0.105371"/>
</kw>
<arg>Capture Page Screenshot</arg>
<arg>Faild_screenshot.png</arg>
<doc>Runs the given keyword with the given arguments, if the test failed.</doc>
<status status="PASS" start="2024-09-11T15:47:07.809936" elapsed="0.105371"/>
</kw>
<kw name="Close Browser" owner="SeleniumLibrary">
<doc>Closes the current browser.</doc>
<status status="PASS" start="2024-09-11T15:47:07.915307" elapsed="3.882380"/>
</kw>
<doc>This keyword for closing the current browser</doc>
<status status="PASS" start="2024-09-11T15:47:07.809936" elapsed="3.988755"/>
</kw>
<doc>This is test for verifying if user is able to navigate successfully to flow type central repository</doc>
<tag>functional testcase</tag>
<status status="FAIL" start="2024-09-11T15:46:48.689702" elapsed="23.109133">JavascriptException: Message: javascript error: {"status":60,"value":"[object HTMLDivElement] has no size and location"}
  (Session info: chrome=128.0.6613.137)
Stacktrace:
	GetHandleVerifier [0x00007FF771C8B632+29090]
	(No symbol) [0x00007FF771BFE6E9]
	(No symbol) [0x00007FF771ABB1CA]
	(No symbol) [0x00007FF771AC1CD3]
	(No symbol) [0x00007FF771AC4071]
	(No symbol) [0x00007FF771AC4110]
	(No symbol) [0x00007FF771B16013]
	(No symbol) [0x00007FF771B15296]
	(No symbol) [0x00007FF771B6073B]
	(No symbol) [0x00007FF771B366EA]
	(No symbol) [0x00007FF771B565D9]
	(No symbol) [0x00007FF771B36493]
	(No symbol) [0x00007FF771B009B1]
	(No symbol) [0x00007FF771B01B11]
	GetHandleVerifier [0x00007FF771FA883D+3294125]
	GetHandleVerifier [0x00007FF771FF4423+3604371]
	GetHandleVerifier [0x00007FF771FEA2E7+3563095]
	GetHandleVerifier [0x00007FF771D46F16+797318]
	(No symbol) [0x00007FF771C0986F]
	(No symbol) [0x00007FF771C05454]
	(No symbol) [0x00007FF771C055E0]
	(No symbol) [0x00007FF771BF4A7F]
	BaseThreadInitThunk [0x00007FF9257C257D+29]
	RtlUserThreadStart [0x00007FF925ACAF28+40]
</status>
</test>
<status status="FAIL" start="2024-09-11T15:46:48.436666" elapsed="23.364379"/>
</suite>
<statistics>
<total>
<stat pass="0" fail="1" skip="0">All Tests</stat>
</total>
<tag>
<stat pass="0" fail="1" skip="0">functional testcase</stat>
</tag>
<suite>
<stat pass="0" fail="1" skip="0" id="s1" name="Test Verify User Navigates To Flow CentralRepo">Test Verify User Navigates To Flow CentralRepo</stat>
</suite>
</statistics>
<errors>
</errors>
</robot>
