<?xml version="1.0" encoding="UTF-8"?>
<robot generator="Robot 7.0.1 (Python 3.12.3 on win32)" generated="2024-09-19T13:37:27.645545" rpa="false" schemaversion="5">
<suite id="s1" name="Suites">
<suite id="s1-s1" name="Test Verify Edit Preferred Language" source="C:\Users\puchha.pavan\PycharmProjects\Telus_iTIA_Powered_by_Fuel_iX\iTIA_Powered_by_Fuel_iX\itia_testcases\UserProfile_TC\Test_Verify_Edit_Preferred_Language.robot">
<test id="s1-s1-t1" name="Test_Verify_Edit_Preferred_Language" line="9">
<kw name="Launching_The_Browser" owner="BaseClass_Keyword" type="SETUP">
<kw name="Open Browser" owner="SeleniumLibrary">
<msg time="2024-09-19T13:37:27.906847" level="INFO">Opening browser 'chrome' to base url 'https://mqa2.xavlab.xyz/'.</msg>
<arg>${site-url}</arg>
<arg>${browser}</arg>
<doc>Opens a new browser instance to the optional ``url``.</doc>
<status status="PASS" start="2024-09-19T13:37:27.906847" elapsed="7.624182"/>
</kw>
<kw name="Maximize Browser Window" owner="SeleniumLibrary">
<doc>Maximizes current browser window.</doc>
<status status="PASS" start="2024-09-19T13:37:35.531029" elapsed="0.021492"/>
</kw>
<kw name="Set Selenium Implicit Wait" owner="SeleniumLibrary">
<arg>10Seconds</arg>
<doc>Sets the implicit wait value used by Selenium.</doc>
<status status="PASS" start="2024-09-19T13:37:35.553020" elapsed="0.000000"/>
</kw>
<kw name="clear_all_ookies" owner="Common_Functions">
<kw name="Delete All Cookies" owner="SeleniumLibrary">
<doc>Deletes all cookies.</doc>
<status status="PASS" start="2024-09-19T13:37:35.553020" elapsed="0.009442"/>
</kw>
<doc>Clear all cookies</doc>
<status status="PASS" start="2024-09-19T13:37:35.553020" elapsed="0.009953"/>
</kw>
<kw name="Set Selenium Speed" owner="SeleniumLibrary">
<arg>0.1</arg>
<doc>Sets the delay that is waited after each Selenium command.</doc>
<status status="PASS" start="2024-09-19T13:37:35.562973" elapsed="0.000461"/>
</kw>
<doc>This keyword for launching the browser</doc>
<status status="PASS" start="2024-09-19T13:37:27.906847" elapsed="7.656587"/>
</kw>
<kw name="Verify_Login_With_Valid_Credentials" owner="Common_Functions">
<kw name="Input_Username_OnLoginpage" owner="LoginPage_Keyword">
<kw name="Sleep" owner="BuiltIn">
<msg time="2024-09-19T13:37:37.565367" level="INFO">Slept 2 seconds.</msg>
<arg>2</arg>
<doc>Pauses the test executed for the given time.</doc>
<status status="PASS" start="2024-09-19T13:37:35.564686" elapsed="2.001144"/>
</kw>
<kw name="checking_textBox_displayed_status-and_input_value_in _textbox" owner="Common_Functions">
<kw name="Element Should Be Visible" owner="SeleniumLibrary">
<msg time="2024-09-19T13:37:37.811709" level="INFO">Element 'name:username' is displayed.</msg>
<arg>${Webelement}</arg>
<doc>Verifies that the element identified by ``locator`` is visible.</doc>
<status status="PASS" start="2024-09-19T13:37:37.565830" elapsed="0.245879"/>
</kw>
<kw name="Element Should Be Enabled" owner="SeleniumLibrary">
<arg>${Webelement}</arg>
<doc>Verifies that element identified by ``locator`` is enabled.</doc>
<status status="PASS" start="2024-09-19T13:37:37.811709" elapsed="0.356347"/>
</kw>
<kw name="Clear Element Text" owner="SeleniumLibrary">
<arg>${Webelement}</arg>
<doc>Clears the value of the text-input-element identified by ``locator``.</doc>
<status status="PASS" start="2024-09-19T13:37:38.168056" elapsed="0.256535"/>
</kw>
<kw name="Input Text" owner="SeleniumLibrary">
<msg time="2024-09-19T13:37:38.424728" level="INFO">Typing text 'puchha.pavan@telusinternational.com' into text field 'name:username'.</msg>
<arg>${Webelement}</arg>
<arg>${input_text_value}</arg>
<doc>Types the given ``text`` into the text field identified by ``locator``.</doc>
<status status="PASS" start="2024-09-19T13:37:38.424728" elapsed="0.419386"/>
</kw>
<arg>${txt_loginpageusername}</arg>
<arg>${username}</arg>
<status status="PASS" start="2024-09-19T13:37:37.565830" elapsed="1.278284"/>
</kw>
<arg>${username}</arg>
<status status="PASS" start="2024-09-19T13:37:35.564142" elapsed="3.279972"/>
</kw>
<kw name="Click_Login_Button_OnLoginpage" owner="LoginPage_Keyword">
<kw name="Wait Until Page Contains Element" owner="SeleniumLibrary">
<arg>${txt_clickloginbutton}</arg>
<doc>Waits until the element ``locator`` appears on the current page.</doc>
<status status="PASS" start="2024-09-19T13:37:38.844882" elapsed="0.114806"/>
</kw>
<kw name="checking_button_displayed_status-and_click_on_button" owner="Common_Functions">
<kw name="Element Should Be Visible" owner="SeleniumLibrary">
<msg time="2024-09-19T13:37:39.183249" level="INFO">Element 'xpath://*[text()='Login']' is displayed.</msg>
<arg>${Webelement}</arg>
<doc>Verifies that the element identified by ``locator`` is visible.</doc>
<status status="PASS" start="2024-09-19T13:37:38.959688" elapsed="0.223561"/>
</kw>
<kw name="Click Button" owner="SeleniumLibrary">
<msg time="2024-09-19T13:37:39.183249" level="INFO">Clicking button 'xpath://*[text()='Login']'.</msg>
<arg>${Webelement}</arg>
<doc>Clicks the button identified by ``locator``.</doc>
<status status="PASS" start="2024-09-19T13:37:39.183249" elapsed="0.793073"/>
</kw>
<arg>${txt_clickloginbutton}</arg>
<status status="PASS" start="2024-09-19T13:37:38.959688" elapsed="1.018159"/>
</kw>
<status status="PASS" start="2024-09-19T13:37:38.844114" elapsed="1.133733"/>
</kw>
<kw name="Input_Domain-Name_OnLoginpage" owner="LoginPage_Keyword">
<kw name="Wait Until Page Contains Element" owner="SeleniumLibrary">
<arg>${txt_loginpagedomain}</arg>
<doc>Waits until the element ``locator`` appears on the current page.</doc>
<status status="PASS" start="2024-09-19T13:37:39.982604" elapsed="0.452490"/>
</kw>
<kw name="checking_textBox_displayed_status-and_input_value_in _textbox" owner="Common_Functions">
<kw name="Element Should Be Visible" owner="SeleniumLibrary">
<msg time="2024-09-19T13:37:40.655102" level="INFO">Element 'xpath://*[@placeholder='Enter domain']' is displayed.</msg>
<arg>${Webelement}</arg>
<doc>Verifies that the element identified by ``locator`` is visible.</doc>
<status status="PASS" start="2024-09-19T13:37:40.435094" elapsed="0.220008"/>
</kw>
<kw name="Element Should Be Enabled" owner="SeleniumLibrary">
<arg>${Webelement}</arg>
<doc>Verifies that element identified by ``locator`` is enabled.</doc>
<status status="PASS" start="2024-09-19T13:37:40.655102" elapsed="0.322490"/>
</kw>
<kw name="Clear Element Text" owner="SeleniumLibrary">
<arg>${Webelement}</arg>
<doc>Clears the value of the text-input-element identified by ``locator``.</doc>
<status status="PASS" start="2024-09-19T13:37:40.978093" elapsed="0.228786"/>
</kw>
<kw name="Input Text" owner="SeleniumLibrary">
<msg time="2024-09-19T13:37:41.207508" level="INFO">Typing text 'xd' into text field 'xpath://*[@placeholder='Enter domain']'.</msg>
<arg>${Webelement}</arg>
<arg>${input_text_value}</arg>
<doc>Types the given ``text`` into the text field identified by ``locator``.</doc>
<status status="PASS" start="2024-09-19T13:37:41.207003" elapsed="0.361800"/>
</kw>
<arg>${txt_loginpagedomain}</arg>
<arg>${domain_name}</arg>
<status status="PASS" start="2024-09-19T13:37:40.435094" elapsed="1.133709"/>
</kw>
<arg>${domain_name}</arg>
<status status="PASS" start="2024-09-19T13:37:39.982462" elapsed="1.586341"/>
</kw>
<kw name="Click_Login_Button_OnLoginpage" owner="LoginPage_Keyword">
<kw name="Wait Until Page Contains Element" owner="SeleniumLibrary">
<arg>${txt_clickloginbutton}</arg>
<doc>Waits until the element ``locator`` appears on the current page.</doc>
<status status="PASS" start="2024-09-19T13:37:41.569584" elapsed="0.112492"/>
</kw>
<kw name="checking_button_displayed_status-and_click_on_button" owner="Common_Functions">
<kw name="Element Should Be Visible" owner="SeleniumLibrary">
<msg time="2024-09-19T13:37:41.895602" level="INFO">Element 'xpath://*[text()='Login']' is displayed.</msg>
<arg>${Webelement}</arg>
<doc>Verifies that the element identified by ``locator`` is visible.</doc>
<status status="PASS" start="2024-09-19T13:37:41.682625" elapsed="0.212977"/>
</kw>
<kw name="Click Button" owner="SeleniumLibrary">
<msg time="2024-09-19T13:37:41.895602" level="INFO">Clicking button 'xpath://*[text()='Login']'.</msg>
<arg>${Webelement}</arg>
<doc>Clicks the button identified by ``locator``.</doc>
<status status="PASS" start="2024-09-19T13:37:41.895602" elapsed="0.775874"/>
</kw>
<arg>${txt_clickloginbutton}</arg>
<status status="PASS" start="2024-09-19T13:37:41.682625" elapsed="0.988851"/>
</kw>
<status status="PASS" start="2024-09-19T13:37:41.569298" elapsed="1.102178"/>
</kw>
<kw name="Input_Password_OnLoginpage" owner="LoginPage_Keyword">
<kw name="checking_textBox_displayed_status-and_input_value_in _textbox" owner="Common_Functions">
<kw name="Element Should Be Visible" owner="SeleniumLibrary">
<msg time="2024-09-19T13:37:42.890738" level="INFO">Element 'xpath://*[@placeholder='Enter password']' is displayed.</msg>
<arg>${Webelement}</arg>
<doc>Verifies that the element identified by ``locator`` is visible.</doc>
<status status="PASS" start="2024-09-19T13:37:42.672772" elapsed="0.217966"/>
</kw>
<kw name="Element Should Be Enabled" owner="SeleniumLibrary">
<arg>${Webelement}</arg>
<doc>Verifies that element identified by ``locator`` is enabled.</doc>
<status status="PASS" start="2024-09-19T13:37:42.890738" elapsed="0.326452"/>
</kw>
<kw name="Clear Element Text" owner="SeleniumLibrary">
<arg>${Webelement}</arg>
<doc>Clears the value of the text-input-element identified by ``locator``.</doc>
<status status="PASS" start="2024-09-19T13:37:43.217190" elapsed="0.233198"/>
</kw>
<kw name="Input Text" owner="SeleniumLibrary">
<msg time="2024-09-19T13:37:43.452117" level="INFO">Typing text '*Pavan@7351' into text field 'xpath://*[@placeholder='Enter password']'.</msg>
<arg>${Webelement}</arg>
<arg>${input_text_value}</arg>
<doc>Types the given ``text`` into the text field identified by ``locator``.</doc>
<status status="PASS" start="2024-09-19T13:37:43.450388" elapsed="0.380329"/>
</kw>
<arg>${txt_loginpagepassword}</arg>
<arg>${password}</arg>
<status status="PASS" start="2024-09-19T13:37:42.672275" elapsed="1.158442"/>
</kw>
<arg>${password}</arg>
<status status="PASS" start="2024-09-19T13:37:42.671778" elapsed="1.158939"/>
</kw>
<kw name="Click_Login_Button_OnLoginpage" owner="LoginPage_Keyword">
<kw name="Wait Until Page Contains Element" owner="SeleniumLibrary">
<arg>${txt_clickloginbutton}</arg>
<doc>Waits until the element ``locator`` appears on the current page.</doc>
<status status="PASS" start="2024-09-19T13:37:43.831214" elapsed="0.106695"/>
</kw>
<kw name="checking_button_displayed_status-and_click_on_button" owner="Common_Functions">
<kw name="Element Should Be Visible" owner="SeleniumLibrary">
<msg time="2024-09-19T13:37:44.154089" level="INFO">Element 'xpath://*[text()='Login']' is displayed.</msg>
<arg>${Webelement}</arg>
<doc>Verifies that the element identified by ``locator`` is visible.</doc>
<status status="PASS" start="2024-09-19T13:37:43.937909" elapsed="0.216180"/>
</kw>
<kw name="Click Button" owner="SeleniumLibrary">
<msg time="2024-09-19T13:37:44.154089" level="INFO">Clicking button 'xpath://*[text()='Login']'.</msg>
<arg>${Webelement}</arg>
<doc>Clicks the button identified by ``locator``.</doc>
<status status="PASS" start="2024-09-19T13:37:44.154089" elapsed="0.778210"/>
</kw>
<arg>${txt_clickloginbutton}</arg>
<status status="PASS" start="2024-09-19T13:37:43.937909" elapsed="0.994390"/>
</kw>
<status status="PASS" start="2024-09-19T13:37:43.830717" elapsed="1.101923"/>
</kw>
<tag>Smoke Test</tag>
<doc>Testing Login With Valid Credentials</doc>
<status status="PASS" start="2024-09-19T13:37:35.563817" elapsed="9.368823"/>
</kw>
<kw name="Click_On_User_Profile_Icon" owner="UserProfilePage_Keyword">
<try>
<branch type="TRY">
<kw name="checking_icon_displayed_status-and_click_on_Icon" owner="Common_Functions">
<kw name="Element Should Be Visible" owner="SeleniumLibrary">
<msg time="2024-09-19T13:37:46.276701" level="INFO">Element 'xpath://div[@class='user-profile-image']' is displayed.</msg>
<arg>${Web-element}</arg>
<doc>Verifies that the element identified by ``locator`` is visible.</doc>
<status status="PASS" start="2024-09-19T13:37:44.933818" elapsed="1.343409"/>
</kw>
<kw name="Click Element" owner="SeleniumLibrary">
<msg time="2024-09-19T13:37:46.279700" level="INFO">Clicking element 'xpath://div[@class='user-profile-image']'.</msg>
<arg>${Web-element}</arg>
<doc>Click the element identified by ``locator``.</doc>
<status status="PASS" start="2024-09-19T13:37:46.278493" elapsed="0.408444"/>
</kw>
<arg>${icon_userProfileImage}</arg>
<status status="PASS" start="2024-09-19T13:37:44.933348" elapsed="1.753589"/>
</kw>
<kw name="Log To Console" owner="BuiltIn">
<arg>"clicked on profile with image"</arg>
<doc>Logs the given message to the console.</doc>
<status status="PASS" start="2024-09-19T13:37:46.686937" elapsed="0.000000"/>
</kw>
<status status="PASS" start="2024-09-19T13:37:44.932850" elapsed="1.754087"/>
</branch>
<branch type="EXCEPT">
<kw name="checking_icon_displayed_status-and_click_on_Icon" owner="Common_Functions">
<arg>${icon_userImage}</arg>
<status status="NOT RUN" start="2024-09-19T13:37:46.686937" elapsed="0.000000"/>
</kw>
<kw name="Log To Console" owner="BuiltIn">
<arg>"clicked on profile without image"</arg>
<doc>Logs the given message to the console.</doc>
<status status="NOT RUN" start="2024-09-19T13:37:46.686937" elapsed="0.000000"/>
</kw>
<status status="NOT RUN" start="2024-09-19T13:37:46.686937" elapsed="0.000000"/>
</branch>
<status status="PASS" start="2024-09-19T13:37:44.932850" elapsed="1.754087"/>
</try>
<status status="PASS" start="2024-09-19T13:37:44.932850" elapsed="1.754087"/>
</kw>
<kw name="Edit_Preferred_Language_And_Validate_Success_Message" owner="UserProfilePage_Keyword">
<kw name="Click Element" owner="SeleniumLibrary">
<msg time="2024-09-19T13:37:46.686937" level="INFO">Clicking element 'xpath://li[normalize-space()='Profile']'.</msg>
<arg>${icon_Profile}</arg>
<doc>Click the element identified by ``locator``.</doc>
<status status="PASS" start="2024-09-19T13:37:46.686937" elapsed="0.278259"/>
</kw>
<kw name="checking_icon_displayed_status-and_click_on_Icon" owner="Common_Functions">
<kw name="Element Should Be Visible" owner="SeleniumLibrary">
<msg time="2024-09-19T13:37:47.188866" level="INFO">Element 'xpath://button[text()='Edit Profile ']' is displayed.</msg>
<arg>${Web-element}</arg>
<doc>Verifies that the element identified by ``locator`` is visible.</doc>
<status status="PASS" start="2024-09-19T13:37:46.965196" elapsed="0.223689"/>
</kw>
<kw name="Click Element" owner="SeleniumLibrary">
<msg time="2024-09-19T13:37:47.189367" level="INFO">Clicking element 'xpath://button[text()='Edit Profile ']'.</msg>
<arg>${Web-element}</arg>
<doc>Click the element identified by ``locator``.</doc>
<status status="PASS" start="2024-09-19T13:37:47.188885" elapsed="0.260355"/>
</kw>
<arg>${icon_editProfile}</arg>
<status status="PASS" start="2024-09-19T13:37:46.965196" elapsed="0.484044"/>
</kw>
<kw name="checking_textBox_displayed_status-and_input_value_in _textbox" owner="Common_Functions">
<kw name="Element Should Be Visible" owner="SeleniumLibrary">
<msg time="2024-09-19T13:37:47.669170" level="INFO">Element 'xpath://input[@placeholder='Preferred Language']' is displayed.</msg>
<arg>${Webelement}</arg>
<doc>Verifies that the element identified by ``locator`` is visible.</doc>
<status status="PASS" start="2024-09-19T13:37:47.449240" elapsed="0.219930"/>
</kw>
<kw name="Element Should Be Enabled" owner="SeleniumLibrary">
<arg>${Webelement}</arg>
<doc>Verifies that element identified by ``locator`` is enabled.</doc>
<status status="PASS" start="2024-09-19T13:37:47.669170" elapsed="0.322731"/>
</kw>
<kw name="Clear Element Text" owner="SeleniumLibrary">
<arg>${Webelement}</arg>
<doc>Clears the value of the text-input-element identified by ``locator``.</doc>
<status status="PASS" start="2024-09-19T13:37:47.991901" elapsed="0.232525"/>
</kw>
<kw name="Input Text" owner="SeleniumLibrary">
<msg time="2024-09-19T13:37:48.225460" level="INFO">Typing text 'English' into text field 'xpath://input[@placeholder='Preferred Language']'.</msg>
<arg>${Webelement}</arg>
<arg>${input_text_value}</arg>
<doc>Types the given ``text`` into the text field identified by ``locator``.</doc>
<status status="PASS" start="2024-09-19T13:37:48.224426" elapsed="0.374381"/>
</kw>
<arg>${txt_preferredLanguage}</arg>
<arg>${preferred_language}</arg>
<status status="PASS" start="2024-09-19T13:37:47.449240" elapsed="1.149567"/>
</kw>
<kw name="checking_icon_displayed_status-and_click_on_Icon" owner="Common_Functions">
<kw name="Element Should Be Visible" owner="SeleniumLibrary">
<msg time="2024-09-19T13:37:48.815371" level="INFO">Element 'xpath://a[starts-with(@id,'dd')]' is displayed.</msg>
<arg>${Web-element}</arg>
<doc>Verifies that the element identified by ``locator`` is visible.</doc>
<status status="PASS" start="2024-09-19T13:37:48.599815" elapsed="0.215556"/>
</kw>
<kw name="Click Element" owner="SeleniumLibrary">
<msg time="2024-09-19T13:37:48.815371" level="INFO">Clicking element 'xpath://a[starts-with(@id,'dd')]'.</msg>
<arg>${Web-element}</arg>
<doc>Click the element identified by ``locator``.</doc>
<status status="PASS" start="2024-09-19T13:37:48.815371" elapsed="0.243871"/>
</kw>
<arg>${dropdownSelect_preferredLanguage}</arg>
<status status="PASS" start="2024-09-19T13:37:48.598807" elapsed="0.460435"/>
</kw>
<kw name="checking_button_displayed_status-and_click_on_button" owner="Common_Functions">
<kw name="Element Should Be Visible" owner="SeleniumLibrary">
<msg time="2024-09-19T13:37:49.279572" level="INFO">Element 'xpath://button[normalize-space()='Save']' is displayed.</msg>
<arg>${Webelement}</arg>
<doc>Verifies that the element identified by ``locator`` is visible.</doc>
<status status="PASS" start="2024-09-19T13:37:49.060321" elapsed="0.219465"/>
</kw>
<kw name="Click Button" owner="SeleniumLibrary">
<msg time="2024-09-19T13:37:49.280517" level="INFO">Clicking button 'xpath://button[normalize-space()='Save']'.</msg>
<arg>${Webelement}</arg>
<doc>Clicks the button identified by ``locator``.</doc>
<status status="PASS" start="2024-09-19T13:37:49.279786" elapsed="0.547945"/>
</kw>
<arg>${button_UserProfile_Save}</arg>
<status status="PASS" start="2024-09-19T13:37:49.059242" elapsed="0.768489"/>
</kw>
<kw name="verifying_validation_message" owner="Common_Functions">
<kw name="Wait Until Element Is Visible" owner="SeleniumLibrary">
<arg>${Webelement}</arg>
<doc>Waits until the element ``locator`` is visible.</doc>
<status status="PASS" start="2024-09-19T13:37:49.829710" elapsed="0.503177"/>
</kw>
<kw name="Get Text" owner="SeleniumLibrary">
<msg time="2024-09-19T13:37:50.561325" level="INFO">${toast_msg} = User profile edited successfully.</msg>
<var>${toast_msg}</var>
<arg>${Webelement}</arg>
<doc>Returns the text value of the element identified by ``locator``.</doc>
<status status="PASS" start="2024-09-19T13:37:50.332887" elapsed="0.228438"/>
</kw>
<kw name="Log To Console" owner="BuiltIn">
<arg>${toast_msg}</arg>
<doc>Logs the given message to the console.</doc>
<status status="PASS" start="2024-09-19T13:37:50.561816" elapsed="0.000993"/>
</kw>
<kw name="Should Be Equal" owner="BuiltIn">
<arg>${toast_msg}</arg>
<arg>${Expected_message}</arg>
<doc>Fails if the given objects are unequal.</doc>
<status status="PASS" start="2024-09-19T13:37:50.562809" elapsed="0.000498"/>
</kw>
<arg>${Success_Message}</arg>
<arg>User profile edited successfully.</arg>
<status status="PASS" start="2024-09-19T13:37:49.829213" elapsed="0.734507"/>
</kw>
<status status="PASS" start="2024-09-19T13:37:46.686937" elapsed="3.876783"/>
</kw>
<kw name="Closing_The_Browser" owner="BaseClass_Keyword" type="TEARDOWN">
<kw name="Run Keyword If Test Failed" owner="BuiltIn">
<arg>Capture Page Screenshot</arg>
<arg>Faild_screenshot.png</arg>
<doc>Runs the given keyword with the given arguments, if the test failed.</doc>
<status status="PASS" start="2024-09-19T13:37:50.564388" elapsed="0.000000"/>
</kw>
<kw name="Close Browser" owner="SeleniumLibrary">
<doc>Closes the current browser.</doc>
<status status="PASS" start="2024-09-19T13:37:50.564882" elapsed="2.238881"/>
</kw>
<doc>This keyword for closing the current browser</doc>
<status status="PASS" start="2024-09-19T13:37:50.563888" elapsed="2.239875"/>
</kw>
<doc>This is test for verifying if user is able to successfully edit the Preferred Language in user profile section</doc>
<tag>functional testcase</tag>
<status status="PASS" start="2024-09-19T13:37:27.906847" elapsed="24.896916"/>
</test>
<status status="PASS" start="2024-09-19T13:37:27.659999" elapsed="25.143764"/>
</suite>
<status status="PASS" start="2024-09-19T13:37:27.659073" elapsed="25.144690"/>
</suite>
<statistics>
<total>
<stat pass="1" fail="0" skip="0">All Tests</stat>
</total>
<tag>
<stat pass="1" fail="0" skip="0">functional testcase</stat>
</tag>
<suite>
<stat pass="1" fail="0" skip="0" id="s1" name="Suites">Suites</stat>
<stat pass="1" fail="0" skip="0" id="s1-s1" name="Test Verify Edit Preferred Language">Suites.Test Verify Edit Preferred Language</stat>
</suite>
</statistics>
<errors>
</errors>
</robot>
