<?xml version="1.0" encoding="UTF-8"?>
<robot generator="Rebot 7.0.1 (Python 3.12.3 on win32)" generated="2024-09-18T13:00:21.178425" rpa="false" schemaversion="5">
<suite id="s1" name="Suites">
<suite id="s1-s1" name="Test Verify User Adds AnswerCard Inside Intent To Qa CentralRepo And Validate Sucess Message" source="C:\Users\puchha.pavan\PycharmProjects\Telus_iTIA_Powered_by_Fuel_iX\iTIA_Powered_by_Fuel_iX\itia_testcases\Central_RepositoryPage_TC\Test_Verify_User_Adds_AnswerCard_Inside_Intent_To_Qa_CentralRepo_And_Validate_Sucess_Message.robot">
<test id="s1-s1-t1" name="Verify_User_Adds_AnswerCard_Inside_Intent_To_Qa_CentralRepo_And_Validate_Sucess_Message." line="9">
<kw name="Launching_The_Browser" owner="BaseClass_Keyword" type="SETUP">
<kw name="Open Browser" owner="SeleniumLibrary">
<msg time="2024-09-18T12:57:48.747538" level="INFO">Opening browser 'chrome' to base url 'https://mqa2.xavlab.xyz/'.</msg>
<arg>${site-url}</arg>
<arg>${browser}</arg>
<doc>Opens a new browser instance to the optional ``url``.</doc>
<status status="PASS" start="2024-09-18T12:57:48.746928" elapsed="19.563959"/>
</kw>
<kw name="Maximize Browser Window" owner="SeleniumLibrary">
<doc>Maximizes current browser window.</doc>
<status status="PASS" start="2024-09-18T12:58:08.311463" elapsed="16.671646"/>
</kw>
<kw name="Set Selenium Implicit Wait" owner="SeleniumLibrary">
<arg>10Seconds</arg>
<doc>Sets the implicit wait value used by Selenium.</doc>
<status status="PASS" start="2024-09-18T12:58:24.986055" elapsed="0.010927"/>
</kw>
<kw name="clear_all_ookies" owner="Common_Functions">
<kw name="Delete All Cookies" owner="SeleniumLibrary">
<doc>Deletes all cookies.</doc>
<status status="PASS" start="2024-09-18T12:58:24.999324" elapsed="0.064855"/>
</kw>
<doc>Clear all cookies</doc>
<status status="PASS" start="2024-09-18T12:58:24.997832" elapsed="0.066846"/>
</kw>
<kw name="Set Selenium Speed" owner="SeleniumLibrary">
<arg>0.2</arg>
<doc>Sets the delay that is waited after each Selenium command.</doc>
<status status="PASS" start="2024-09-18T12:58:25.065674" elapsed="0.000492"/>
</kw>
<doc>This keyword for launching the browser</doc>
<status status="PASS" start="2024-09-18T12:57:48.745228" elapsed="36.320938"/>
</kw>
<kw name="Verify_Login_With_Valid_Credentials" owner="Common_Functions">
<kw name="Input_Username_OnLoginpage" owner="LoginPage_Keyword">
<kw name="Sleep" owner="BuiltIn">
<msg time="2024-09-18T12:58:27.076981" level="INFO">Slept 2 seconds.</msg>
<arg>2</arg>
<doc>Pauses the test executed for the given time.</doc>
<status status="PASS" start="2024-09-18T12:58:25.075633" elapsed="2.001348"/>
</kw>
<kw name="checking_textBox_displayed_status-and_input_value_in _textbox" owner="Common_Functions">
<kw name="Element Should Be Visible" owner="SeleniumLibrary">
<msg time="2024-09-18T12:58:27.520752" level="INFO">Element 'name:username' is displayed.</msg>
<arg>${Webelement}</arg>
<doc>Verifies that the element identified by ``locator`` is visible.</doc>
<status status="PASS" start="2024-09-18T12:58:27.078471" elapsed="0.442281"/>
</kw>
<kw name="Element Should Be Enabled" owner="SeleniumLibrary">
<arg>${Webelement}</arg>
<doc>Verifies that element identified by ``locator`` is enabled.</doc>
<status status="PASS" start="2024-09-18T12:58:27.520752" elapsed="0.727120"/>
</kw>
<kw name="Clear Element Text" owner="SeleniumLibrary">
<arg>${Webelement}</arg>
<doc>Clears the value of the text-input-element identified by ``locator``.</doc>
<status status="PASS" start="2024-09-18T12:58:28.248369" elapsed="0.521834"/>
</kw>
<kw name="Input Text" owner="SeleniumLibrary">
<msg time="2024-09-18T12:58:28.771693" level="INFO">Typing text 'puchha.pavan@telusinternational.com' into text field 'name:username'.</msg>
<arg>${Webelement}</arg>
<arg>${input_text_value}</arg>
<doc>Types the given ``text`` into the text field identified by ``locator``.</doc>
<status status="PASS" start="2024-09-18T12:58:28.770700" elapsed="1.019852"/>
</kw>
<arg>${txt_loginpageusername}</arg>
<arg>${username}</arg>
<status status="PASS" start="2024-09-18T12:58:27.077479" elapsed="2.713211"/>
</kw>
<arg>${username}</arg>
<status status="PASS" start="2024-09-18T12:58:25.074606" elapsed="4.716440"/>
</kw>
<kw name="Click_Login_Button_OnLoginpage" owner="LoginPage_Keyword">
<kw name="Wait Until Page Contains Element" owner="SeleniumLibrary">
<arg>${txt_clickloginbutton}</arg>
<doc>Waits until the element ``locator`` appears on the current page.</doc>
<status status="PASS" start="2024-09-18T12:58:29.792537" elapsed="0.234405"/>
</kw>
<kw name="checking_button_displayed_status-and_click_on_button" owner="Common_Functions">
<kw name="Element Should Be Visible" owner="SeleniumLibrary">
<msg time="2024-09-18T12:58:30.490527" level="INFO">Element 'xpath://*[text()='Login']' is displayed.</msg>
<arg>${Webelement}</arg>
<doc>Verifies that the element identified by ``locator`` is visible.</doc>
<status status="PASS" start="2024-09-18T12:58:30.028933" elapsed="0.461594"/>
</kw>
<kw name="Click Button" owner="SeleniumLibrary">
<msg time="2024-09-18T12:58:30.492375" level="INFO">Clicking button 'xpath://*[text()='Login']'.</msg>
<arg>${Webelement}</arg>
<doc>Clicks the button identified by ``locator``.</doc>
<status status="PASS" start="2024-09-18T12:58:30.491024" elapsed="2.001992"/>
</kw>
<arg>${txt_clickloginbutton}</arg>
<status status="PASS" start="2024-09-18T12:58:30.027439" elapsed="2.467562"/>
</kw>
<status status="PASS" start="2024-09-18T12:58:29.791717" elapsed="2.703705"/>
</kw>
<kw name="Input_Domain-Name_OnLoginpage" owner="LoginPage_Keyword">
<kw name="Wait Until Page Contains Element" owner="SeleniumLibrary">
<arg>${txt_loginpagedomain}</arg>
<doc>Waits until the element ``locator`` appears on the current page.</doc>
<status status="PASS" start="2024-09-18T12:58:32.497872" elapsed="0.635613"/>
</kw>
<kw name="checking_textBox_displayed_status-and_input_value_in _textbox" owner="Common_Functions">
<kw name="Element Should Be Visible" owner="SeleniumLibrary">
<msg time="2024-09-18T12:58:33.742405" level="INFO">Element 'xpath://*[@placeholder='Enter domain']' is displayed.</msg>
<arg>${Webelement}</arg>
<doc>Verifies that the element identified by ``locator`` is visible.</doc>
<status status="PASS" start="2024-09-18T12:58:33.138523" elapsed="0.603882"/>
</kw>
<kw name="Element Should Be Enabled" owner="SeleniumLibrary">
<arg>${Webelement}</arg>
<doc>Verifies that element identified by ``locator`` is enabled.</doc>
<status status="PASS" start="2024-09-18T12:58:33.742877" elapsed="0.854504"/>
</kw>
<kw name="Clear Element Text" owner="SeleniumLibrary">
<arg>${Webelement}</arg>
<doc>Clears the value of the text-input-element identified by ``locator``.</doc>
<status status="PASS" start="2024-09-18T12:58:34.597839" elapsed="0.778091"/>
</kw>
<kw name="Input Text" owner="SeleniumLibrary">
<msg time="2024-09-18T12:58:35.380042" level="INFO">Typing text 'xd' into text field 'xpath://*[@placeholder='Enter domain']'.</msg>
<arg>${Webelement}</arg>
<arg>${input_text_value}</arg>
<doc>Types the given ``text`` into the text field identified by ``locator``.</doc>
<status status="PASS" start="2024-09-18T12:58:35.376427" elapsed="1.125504"/>
</kw>
<arg>${txt_loginpagedomain}</arg>
<arg>${domain_name}</arg>
<status status="PASS" start="2024-09-18T12:58:33.134829" elapsed="3.367599"/>
</kw>
<arg>${domain_name}</arg>
<status status="PASS" start="2024-09-18T12:58:32.496414" elapsed="4.006014"/>
</kw>
<kw name="Click_Login_Button_OnLoginpage" owner="LoginPage_Keyword">
<kw name="Wait Until Page Contains Element" owner="SeleniumLibrary">
<arg>${txt_clickloginbutton}</arg>
<doc>Waits until the element ``locator`` appears on the current page.</doc>
<status status="PASS" start="2024-09-18T12:58:36.504911" elapsed="0.327678"/>
</kw>
<kw name="checking_button_displayed_status-and_click_on_button" owner="Common_Functions">
<kw name="Element Should Be Visible" owner="SeleniumLibrary">
<msg time="2024-09-18T12:58:37.499713" level="INFO">Element 'xpath://*[text()='Login']' is displayed.</msg>
<arg>${Webelement}</arg>
<doc>Verifies that the element identified by ``locator`` is visible.</doc>
<status status="PASS" start="2024-09-18T12:58:36.835695" elapsed="0.664242"/>
</kw>
<kw name="Click Button" owner="SeleniumLibrary">
<msg time="2024-09-18T12:58:37.500740" level="INFO">Clicking button 'xpath://*[text()='Login']'.</msg>
<arg>${Webelement}</arg>
<doc>Clicks the button identified by ``locator``.</doc>
<status status="PASS" start="2024-09-18T12:58:37.500241" elapsed="1.614574"/>
</kw>
<arg>${txt_clickloginbutton}</arg>
<status status="PASS" start="2024-09-18T12:58:36.833086" elapsed="2.281803"/>
</kw>
<status status="PASS" start="2024-09-18T12:58:36.502925" elapsed="2.611964"/>
</kw>
<kw name="Input_Password_OnLoginpage" owner="LoginPage_Keyword">
<kw name="checking_textBox_displayed_status-and_input_value_in _textbox" owner="Common_Functions">
<kw name="Element Should Be Visible" owner="SeleniumLibrary">
<msg time="2024-09-18T12:58:39.590170" level="INFO">Element 'xpath://*[@placeholder='Enter password']' is displayed.</msg>
<arg>${Webelement}</arg>
<doc>Verifies that the element identified by ``locator`` is visible.</doc>
<status status="PASS" start="2024-09-18T12:58:39.116267" elapsed="0.473903"/>
</kw>
<kw name="Element Should Be Enabled" owner="SeleniumLibrary">
<arg>${Webelement}</arg>
<doc>Verifies that element identified by ``locator`` is enabled.</doc>
<status status="PASS" start="2024-09-18T12:58:39.591099" elapsed="0.732715"/>
</kw>
<kw name="Clear Element Text" owner="SeleniumLibrary">
<arg>${Webelement}</arg>
<doc>Clears the value of the text-input-element identified by ``locator``.</doc>
<status status="PASS" start="2024-09-18T12:58:40.324311" elapsed="0.980279"/>
</kw>
<kw name="Input Text" owner="SeleniumLibrary">
<msg time="2024-09-18T12:58:41.306154" level="INFO">Typing text '*Pavan@7351' into text field 'xpath://*[@placeholder='Enter password']'.</msg>
<arg>${Webelement}</arg>
<arg>${input_text_value}</arg>
<doc>Types the given ``text`` into the text field identified by ``locator``.</doc>
<status status="PASS" start="2024-09-18T12:58:41.305087" elapsed="0.966939"/>
</kw>
<arg>${txt_loginpagepassword}</arg>
<arg>${password}</arg>
<status status="PASS" start="2024-09-18T12:58:39.114889" elapsed="3.157463"/>
</kw>
<arg>${password}</arg>
<status status="PASS" start="2024-09-18T12:58:39.114889" elapsed="3.157633"/>
</kw>
<kw name="Click_Login_Button_OnLoginpage" owner="LoginPage_Keyword">
<kw name="Wait Until Page Contains Element" owner="SeleniumLibrary">
<arg>${txt_clickloginbutton}</arg>
<doc>Waits until the element ``locator`` appears on the current page.</doc>
<status status="PASS" start="2024-09-18T12:58:42.273516" elapsed="0.299223"/>
</kw>
<kw name="checking_button_displayed_status-and_click_on_button" owner="Common_Functions">
<kw name="Element Should Be Visible" owner="SeleniumLibrary">
<msg time="2024-09-18T12:58:43.122104" level="INFO">Element 'xpath://*[text()='Login']' is displayed.</msg>
<arg>${Webelement}</arg>
<doc>Verifies that the element identified by ``locator`` is visible.</doc>
<status status="PASS" start="2024-09-18T12:58:42.574728" elapsed="0.548866"/>
</kw>
<kw name="Click Button" owner="SeleniumLibrary">
<msg time="2024-09-18T12:58:43.124588" level="INFO">Clicking button 'xpath://*[text()='Login']'.</msg>
<arg>${Webelement}</arg>
<doc>Clicks the button identified by ``locator``.</doc>
<status status="PASS" start="2024-09-18T12:58:43.124091" elapsed="1.865758"/>
</kw>
<arg>${txt_clickloginbutton}</arg>
<status status="PASS" start="2024-09-18T12:58:42.573732" elapsed="2.416614"/>
</kw>
<status status="PASS" start="2024-09-18T12:58:42.272522" elapsed="2.717824"/>
</kw>
<tag>Smoke Test</tag>
<doc>Testing Login With Valid Credentials</doc>
<status status="PASS" start="2024-09-18T12:58:25.072463" elapsed="19.917883"/>
</kw>
<kw name="AnswerCard_Inside_Intent_To_Qa" owner="CentralRepositoryPage_Keyword">
<kw name="Wait Until Element Is Visible" owner="SeleniumLibrary">
<arg>${Central_Repository}</arg>
<doc>Waits until the element ``locator`` is visible.</doc>
<status status="PASS" start="2024-09-18T12:58:44.992829" elapsed="1.866954"/>
</kw>
<kw name="Sleep" owner="BuiltIn">
<msg time="2024-09-18T12:58:48.862156" level="INFO">Slept 2 seconds.</msg>
<arg>2</arg>
<doc>Pauses the test executed for the given time.</doc>
<status status="PASS" start="2024-09-18T12:58:46.861363" elapsed="2.001058"/>
</kw>
<kw name="checking_element_displayed_status-and_click_on_Icon" owner="Common_Functions">
<kw name="Element Should Be Visible" owner="SeleniumLibrary">
<msg time="2024-09-18T12:58:49.548863" level="INFO">Element 'xpath://*[@data-tip='Central Repository']' is displayed.</msg>
<arg>${Web-element}</arg>
<doc>Verifies that the element identified by ``locator`` is visible.</doc>
<status status="PASS" start="2024-09-18T12:58:48.865200" elapsed="0.683847"/>
</kw>
<kw name="Click Element" owner="SeleniumLibrary">
<msg time="2024-09-18T12:58:49.555345" level="INFO">Clicking element 'xpath://*[@data-tip='Central Repository']'.</msg>
<arg>${Web-element}</arg>
<doc>Click the element identified by ``locator``.</doc>
<status status="PASS" start="2024-09-18T12:58:49.552838" elapsed="2.021333"/>
</kw>
<arg>${Central_Repository}</arg>
<status status="PASS" start="2024-09-18T12:58:48.864210" elapsed="2.710957"/>
</kw>
<kw name="Verify_title_validation" owner="Common_Functions">
<kw name="Get Location" owner="SeleniumLibrary">
<msg time="2024-09-18T12:58:53.057859" level="INFO">${get_url} = https://mqa2.xavlab.xyz/central-repository</msg>
<var>${get_url}</var>
<doc>Returns the current browser window URL.</doc>
<status status="PASS" start="2024-09-18T12:58:51.578157" elapsed="1.479702"/>
</kw>
<kw name="Log To Console" owner="BuiltIn">
<arg>${get_url}</arg>
<doc>Logs the given message to the console.</doc>
<status status="PASS" start="2024-09-18T12:58:53.058355" elapsed="0.000994"/>
</kw>
<kw name="Should Be Equal" owner="BuiltIn">
<arg>${get_url}</arg>
<arg>${expected_CR_url}</arg>
<doc>Fails if the given objects are unequal.</doc>
<status status="PASS" start="2024-09-18T12:58:53.059349" elapsed="0.002221"/>
</kw>
<status status="PASS" start="2024-09-18T12:58:51.576164" elapsed="1.485406"/>
</kw>
<kw name="checking_element_displayed_status-and_click_on_Icon" owner="Common_Functions">
<kw name="Element Should Be Visible" owner="SeleniumLibrary">
<msg time="2024-09-18T12:58:54.189659" level="INFO">Element 'xpath://*[@title='QA']' is displayed.</msg>
<arg>${Web-element}</arg>
<doc>Verifies that the element identified by ``locator`` is visible.</doc>
<status status="PASS" start="2024-09-18T12:58:53.063964" elapsed="1.130485"/>
</kw>
<kw name="Click Element" owner="SeleniumLibrary">
<msg time="2024-09-18T12:58:54.195442" level="INFO">Clicking element 'xpath://*[@title='QA']'.</msg>
<arg>${Web-element}</arg>
<doc>Click the element identified by ``locator``.</doc>
<status status="PASS" start="2024-09-18T12:58:54.194946" elapsed="0.979842"/>
</kw>
<arg>${QA_Repostory_button}</arg>
<status status="PASS" start="2024-09-18T12:58:53.062665" elapsed="2.113116"/>
</kw>
<kw name="checking_element_displayed_status-and_click_on_Icon" owner="Common_Functions">
<kw name="Element Should Be Visible" owner="SeleniumLibrary">
<msg time="2024-09-18T12:58:56.835945" level="INFO">Element 'xpath://*[@class='add-new']' is displayed.</msg>
<arg>${Web-element}</arg>
<doc>Verifies that the element identified by ``locator`` is visible.</doc>
<status status="PASS" start="2024-09-18T12:58:55.177219" elapsed="1.659383"/>
</kw>
<kw name="Click Element" owner="SeleniumLibrary">
<msg time="2024-09-18T12:58:56.837847" level="INFO">Clicking element 'xpath://*[@class='add-new']'.</msg>
<arg>${Web-element}</arg>
<doc>Click the element identified by ``locator``.</doc>
<status status="PASS" start="2024-09-18T12:58:56.837098" elapsed="1.093678"/>
</kw>
<arg>${add_new_folder_qa}</arg>
<status status="PASS" start="2024-09-18T12:58:55.176278" elapsed="2.754995"/>
</kw>
<kw name="checking_textBox_displayed_status-and_input_value_in _textbox" owner="Common_Functions">
<kw name="Element Should Be Visible" owner="SeleniumLibrary">
<msg time="2024-09-18T12:58:58.423280" level="INFO">Element 'xpath://*[@placeholder='Enter folder name']' is displayed.</msg>
<arg>${Webelement}</arg>
<doc>Verifies that the element identified by ``locator`` is visible.</doc>
<status status="PASS" start="2024-09-18T12:58:57.938576" elapsed="0.484704"/>
</kw>
<kw name="Element Should Be Enabled" owner="SeleniumLibrary">
<arg>${Webelement}</arg>
<doc>Verifies that element identified by ``locator`` is enabled.</doc>
<status status="PASS" start="2024-09-18T12:58:58.423776" elapsed="0.655878"/>
</kw>
<kw name="Clear Element Text" owner="SeleniumLibrary">
<arg>${Webelement}</arg>
<doc>Clears the value of the text-input-element identified by ``locator``.</doc>
<status status="PASS" start="2024-09-18T12:58:59.080148" elapsed="0.918338"/>
</kw>
<kw name="Input Text" owner="SeleniumLibrary">
<msg time="2024-09-18T12:59:00.004387" level="INFO">Typing text 'Test_AutomationRPA' into text field 'xpath://*[@placeholder='Enter folder name']'.</msg>
<arg>${Webelement}</arg>
<arg>${input_text_value}</arg>
<doc>Types the given ``text`` into the text field identified by ``locator``.</doc>
<status status="PASS" start="2024-09-18T12:59:00.002522" elapsed="1.272025"/>
</kw>
<arg>${enter_folder_name_qa}</arg>
<arg>${folder_name_value}</arg>
<status status="PASS" start="2024-09-18T12:58:57.936684" elapsed="3.338360"/>
</kw>
<kw name="checking_element_displayed_status-and_click_on_Icon" owner="Common_Functions">
<kw name="Element Should Be Visible" owner="SeleniumLibrary">
<msg time="2024-09-18T12:59:01.740313" level="INFO">Element 'xpath://*[@data-testid='promptokbutton']' is displayed.</msg>
<arg>${Web-element}</arg>
<doc>Verifies that the element identified by ``locator`` is visible.</doc>
<status status="PASS" start="2024-09-18T12:59:01.277182" elapsed="0.463625"/>
</kw>
<kw name="Click Element" owner="SeleniumLibrary">
<msg time="2024-09-18T12:59:01.742319" level="INFO">Clicking element 'xpath://*[@data-testid='promptokbutton']'.</msg>
<arg>${Web-element}</arg>
<doc>Click the element identified by ``locator``.</doc>
<status status="PASS" start="2024-09-18T12:59:01.741463" elapsed="2.615325"/>
</kw>
<arg>${button_create_qa}</arg>
<status status="PASS" start="2024-09-18T12:59:01.275542" elapsed="3.081776"/>
</kw>
<kw name="verifying_validation_message" owner="Common_Functions">
<kw name="Wait Until Element Is Visible" owner="SeleniumLibrary">
<arg>${Webelement}</arg>
<doc>Waits until the element ``locator`` is visible.</doc>
<status status="PASS" start="2024-09-18T12:59:04.360917" elapsed="1.226573"/>
</kw>
<kw name="Get Text" owner="SeleniumLibrary">
<msg time="2024-09-18T12:59:06.212173" level="INFO">${toast_msg} = Added successfully!</msg>
<var>${toast_msg}</var>
<arg>${Webelement}</arg>
<doc>Returns the text value of the element identified by ``locator``.</doc>
<status status="PASS" start="2024-09-18T12:59:05.588980" elapsed="0.623193"/>
</kw>
<kw name="Log To Console" owner="BuiltIn">
<arg>${toast_msg}</arg>
<doc>Logs the given message to the console.</doc>
<status status="PASS" start="2024-09-18T12:59:06.212647" elapsed="0.001509"/>
</kw>
<kw name="Should Be Equal" owner="BuiltIn">
<arg>${toast_msg}</arg>
<arg>${Expected_message}</arg>
<doc>Fails if the given objects are unequal.</doc>
<status status="PASS" start="2024-09-18T12:59:06.214583" elapsed="0.004238"/>
</kw>
<arg>${Newfolder_success_validation_msg_qa}</arg>
<arg>${expected_newfolder_success_validation_msg}</arg>
<status status="PASS" start="2024-09-18T12:59:04.357875" elapsed="1.860946"/>
</kw>
<kw name="checking_element_displayed_status-and_click_on_Icon" owner="Common_Functions">
<kw name="Element Should Be Visible" owner="SeleniumLibrary">
<msg time="2024-09-18T12:59:06.695011" level="INFO">Element 'xpath://*[@class='lang_dropIcon']' is displayed.</msg>
<arg>${Web-element}</arg>
<doc>Verifies that the element identified by ``locator`` is visible.</doc>
<status status="PASS" start="2024-09-18T12:59:06.220808" elapsed="0.474203"/>
</kw>
<kw name="Click Element" owner="SeleniumLibrary">
<msg time="2024-09-18T12:59:06.696501" level="INFO">Clicking element 'xpath://*[@class='lang_dropIcon']'.</msg>
<arg>${Web-element}</arg>
<doc>Click the element identified by ``locator``.</doc>
<status status="PASS" start="2024-09-18T12:59:06.695508" elapsed="0.694360"/>
</kw>
<arg>${add_intent_qa}</arg>
<status status="PASS" start="2024-09-18T12:59:06.219815" elapsed="1.170053"/>
</kw>
<kw name="checking_element_displayed_status-and_click_on_Icon" owner="Common_Functions">
<kw name="Element Should Be Visible" owner="SeleniumLibrary">
<msg time="2024-09-18T12:59:08.270123" level="INFO">Element 'xpath://span[contains(text(),'New Intent')]' is displayed.</msg>
<arg>${Web-element}</arg>
<doc>Verifies that the element identified by ``locator`` is visible.</doc>
<status status="PASS" start="2024-09-18T12:59:07.391852" elapsed="0.878770"/>
</kw>
<kw name="Click Element" owner="SeleniumLibrary">
<msg time="2024-09-18T12:59:08.271850" level="INFO">Clicking element 'xpath://span[contains(text(),'New Intent')]'.</msg>
<arg>${Web-element}</arg>
<doc>Click the element identified by ``locator``.</doc>
<status status="PASS" start="2024-09-18T12:59:08.270622" elapsed="0.867624"/>
</kw>
<arg>${new_intent_qa}</arg>
<status status="PASS" start="2024-09-18T12:59:07.390362" elapsed="1.751345"/>
</kw>
<kw name="checking_textBox_displayed_status-and_input_value_in _textbox" owner="Common_Functions">
<kw name="Element Should Be Visible" owner="SeleniumLibrary">
<msg time="2024-09-18T12:59:10.408509" level="INFO">Element 'xpath://*[@placeholder='Enter template title here']' is displayed.</msg>
<arg>${Webelement}</arg>
<doc>Verifies that the element identified by ``locator`` is visible.</doc>
<status status="PASS" start="2024-09-18T12:59:09.146006" elapsed="1.262503"/>
</kw>
<kw name="Element Should Be Enabled" owner="SeleniumLibrary">
<arg>${Webelement}</arg>
<doc>Verifies that element identified by ``locator`` is enabled.</doc>
<status status="PASS" start="2024-09-18T12:59:10.409005" elapsed="0.649036"/>
</kw>
<kw name="Clear Element Text" owner="SeleniumLibrary">
<arg>${Webelement}</arg>
<doc>Clears the value of the text-input-element identified by ``locator``.</doc>
<status status="PASS" start="2024-09-18T12:59:11.058041" elapsed="0.469187"/>
</kw>
<kw name="Input Text" owner="SeleniumLibrary">
<msg time="2024-09-18T12:59:11.528501" level="INFO">Typing text 'TestIntent123' into text field 'xpath://*[@placeholder='Enter template title here']'.</msg>
<arg>${Webelement}</arg>
<arg>${input_text_value}</arg>
<doc>Types the given ``text`` into the text field identified by ``locator``.</doc>
<status status="PASS" start="2024-09-18T12:59:11.527656" elapsed="0.827113"/>
</kw>
<arg>${title_name_qa}</arg>
<arg>${qa_title_name_value }</arg>
<status status="PASS" start="2024-09-18T12:59:09.142372" elapsed="3.212397"/>
</kw>
<kw name="Get Current Date" owner="DateTime">
<msg time="2024-09-18T12:59:12.354769" level="INFO">${current_time} = 18-09-2024_125912</msg>
<var>${current_time}</var>
<arg>result_format=%d-%m-%Y_%H%M%S</arg>
<doc>Returns current local or UTC time with an optional increment.</doc>
<status status="PASS" start="2024-09-18T12:59:12.354769" elapsed="0.000987"/>
</kw>
<kw name="checking_textBox_displayed_status-and_input_value_in _textbox" owner="Common_Functions">
<kw name="Element Should Be Visible" owner="SeleniumLibrary">
<msg time="2024-09-18T12:59:12.785244" level="INFO">Element 'xpath://*[@data-placeholder='Add question here']' is displayed.</msg>
<arg>${Webelement}</arg>
<doc>Verifies that the element identified by ``locator`` is visible.</doc>
<status status="PASS" start="2024-09-18T12:59:12.356270" elapsed="0.429470"/>
</kw>
<kw name="Element Should Be Enabled" owner="SeleniumLibrary">
<arg>${Webelement}</arg>
<doc>Verifies that element identified by ``locator`` is enabled.</doc>
<status status="PASS" start="2024-09-18T12:59:12.786237" elapsed="0.634374"/>
</kw>
<kw name="Clear Element Text" owner="SeleniumLibrary">
<arg>${Webelement}</arg>
<doc>Clears the value of the text-input-element identified by ``locator``.</doc>
<status status="PASS" start="2024-09-18T12:59:13.421109" elapsed="0.512761"/>
</kw>
<kw name="Input Text" owner="SeleniumLibrary">
<msg time="2024-09-18T12:59:13.936195" level="INFO">Typing text 'I want to know my billing details_18-09-2024_125912' into text field 'xpath://*[@data-placeholder='Add question here']'.</msg>
<arg>${Webelement}</arg>
<arg>${input_text_value}</arg>
<doc>Types the given ``text`` into the text field identified by ``locator``.</doc>
<status status="PASS" start="2024-09-18T12:59:13.936195" elapsed="1.399533"/>
</kw>
<arg>${enter_question_qa}</arg>
<arg>${enter_question_value1}_${current_time}</arg>
<status status="PASS" start="2024-09-18T12:59:12.355756" elapsed="2.980469"/>
</kw>
<kw name="Wait Until Element Is Visible" owner="SeleniumLibrary">
<arg>${enable_checkbox_qa}</arg>
<doc>Waits until the element ``locator`` is visible.</doc>
<status status="PASS" start="2024-09-18T12:59:15.336722" elapsed="0.472666"/>
</kw>
<kw name="Mouse Over" owner="SeleniumLibrary">
<msg time="2024-09-18T12:59:15.810368" level="INFO">Simulating Mouse Over on element 'xpath:(//span[@class='checkmark'])[1]'.</msg>
<arg>${enable_checkbox_qa}</arg>
<doc>Simulates hovering the mouse over the element ``locator``.</doc>
<status status="PASS" start="2024-09-18T12:59:15.809871" elapsed="0.703050"/>
</kw>
<kw name="checking_element_displayed_status-and_click_on_Icon" owner="Common_Functions">
<kw name="Element Should Be Visible" owner="SeleniumLibrary">
<msg time="2024-09-18T12:59:16.944165" level="INFO">Element 'xpath:(//span[@class='checkmark'])[1]' is displayed.</msg>
<arg>${Web-element}</arg>
<doc>Verifies that the element identified by ``locator`` is visible.</doc>
<status status="PASS" start="2024-09-18T12:59:16.514412" elapsed="0.430250"/>
</kw>
<kw name="Click Element" owner="SeleniumLibrary">
<msg time="2024-09-18T12:59:16.946154" level="INFO">Clicking element 'xpath:(//span[@class='checkmark'])[1]'.</msg>
<msg time="2024-09-18T12:59:18.679641" level="INFO" html="true">&lt;/td&gt;&lt;/tr&gt;&lt;tr&gt;&lt;td colspan="3"&gt;&lt;a href="0-selenium-screenshot-1.png"&gt;&lt;img src="0-selenium-screenshot-1.png" width="800px"&gt;&lt;/a&gt;</msg>
<msg time="2024-09-18T12:59:18.679641" level="FAIL">ElementClickInterceptedException: Message: element click intercepted: Element &lt;span class="checkmark"&gt;&lt;/span&gt; is not clickable at point (151, 508). Other element would receive the click: &lt;div data-testid="auto-complete-bgblock" class="bgblock"&gt;&lt;/div&gt;
  (Session info: chrome=128.0.6613.138)
Stacktrace:
	GetHandleVerifier [0x00007FF644CF9412+29090]
	(No symbol) [0x00007FF644C6E239]
	(No symbol) [0x00007FF644B2B1DA]
	(No symbol) [0x00007FF644B86C1E]
	(No symbol) [0x00007FF644B84692]
	(No symbol) [0x00007FF644B81BAB]
	(No symbol) [0x00007FF644B80DC5]
	(No symbol) [0x00007FF644B72D81]
	(No symbol) [0x00007FF644BA66EA]
	(No symbol) [0x00007FF644B726C6]
	(No symbol) [0x00007FF644BA6900]
	(No symbol) [0x00007FF644BC65A2]
	(No symbol) [0x00007FF644BA6493]
	(No symbol) [0x00007FF644B709D1]
	(No symbol) [0x00007FF644B71B31]
	GetHandleVerifier [0x00007FF64501871D+3302573]
	GetHandleVerifier [0x00007FF645064243+3612627]
	GetHandleVerifier [0x00007FF64505A417+3572135]
	GetHandleVerifier [0x00007FF644DB5EB6+801862]
	(No symbol) [0x00007FF644C7945F]
	(No symbol) [0x00007FF644C74FB4]
	(No symbol) [0x00007FF644C75140]
	(No symbol) [0x00007FF644C6461F]
	BaseThreadInitThunk [0x00007FFEC2277374+20]
	RtlUserThreadStart [0x00007FFEC255CC91+33]
</msg>
<arg>${Web-element}</arg>
<doc>Click the element identified by ``locator``.</doc>
<status status="FAIL" start="2024-09-18T12:59:16.945200" elapsed="1.749819">ElementClickInterceptedException: Message: element click intercepted: Element &lt;span class="checkmark"&gt;&lt;/span&gt; is not clickable at point (151, 508). Other element would receive the click: &lt;div data-testid="auto-complete-bgblock" class="bgblock"&gt;&lt;/div&gt;
  (Session info: chrome=128.0.6613.138)
Stacktrace:
	GetHandleVerifier [0x00007FF644CF9412+29090]
	(No symbol) [0x00007FF644C6E239]
	(No symbol) [0x00007FF644B2B1DA]
	(No symbol) [0x00007FF644B86C1E]
	(No symbol) [0x00007FF644B84692]
	(No symbol) [0x00007FF644B81BAB]
	(No symbol) [0x00007FF644B80DC5]
	(No symbol) [0x00007FF644B72D81]
	(No symbol) [0x00007FF644BA66EA]
	(No symbol) [0x00007FF644B726C6]
	(No symbol) [0x00007FF644BA6900]
	(No symbol) [0x00007FF644BC65A2]
	(No symbol) [0x00007FF644BA6493]
	(No symbol) [0x00007FF644B709D1]
	(No symbol) [0x00007FF644B71B31]
	GetHandleVerifier [0x00007FF64501871D+3302573]
	GetHandleVerifier [0x00007FF645064243+3612627]
	GetHandleVerifier [0x00007FF64505A417+3572135]
	GetHandleVerifier [0x00007FF644DB5EB6+801862]
	(No symbol) [0x00007FF644C7945F]
	(No symbol) [0x00007FF644C74FB4]
	(No symbol) [0x00007FF644C75140]
	(No symbol) [0x00007FF644C6461F]
	BaseThreadInitThunk [0x00007FFEC2277374+20]
	RtlUserThreadStart [0x00007FFEC255CC91+33]
</status>
</kw>
<arg>${enable_checkbox_qa}</arg>
<status status="FAIL" start="2024-09-18T12:59:16.513417" elapsed="2.182616">ElementClickInterceptedException: Message: element click intercepted: Element &lt;span class="checkmark"&gt;&lt;/span&gt; is not clickable at point (151, 508). Other element would receive the click: &lt;div data-testid="auto-complete-bgblock" class="bgblock"&gt;&lt;/div&gt;
  (Session info: chrome=128.0.6613.138)
Stacktrace:
	GetHandleVerifier [0x00007FF644CF9412+29090]
	(No symbol) [0x00007FF644C6E239]
	(No symbol) [0x00007FF644B2B1DA]
	(No symbol) [0x00007FF644B86C1E]
	(No symbol) [0x00007FF644B84692]
	(No symbol) [0x00007FF644B81BAB]
	(No symbol) [0x00007FF644B80DC5]
	(No symbol) [0x00007FF644B72D81]
	(No symbol) [0x00007FF644BA66EA]
	(No symbol) [0x00007FF644B726C6]
	(No symbol) [0x00007FF644BA6900]
	(No symbol) [0x00007FF644BC65A2]
	(No symbol) [0x00007FF644BA6493]
	(No symbol) [0x00007FF644B709D1]
	(No symbol) [0x00007FF644B71B31]
	GetHandleVerifier [0x00007FF64501871D+3302573]
	GetHandleVerifier [0x00007FF645064243+3612627]
	GetHandleVerifier [0x00007FF64505A417+3572135]
	GetHandleVerifier [0x00007FF644DB5EB6+801862]
	(No symbol) [0x00007FF644C7945F]
	(No symbol) [0x00007FF644C74FB4]
	(No symbol) [0x00007FF644C75140]
	(No symbol) [0x00007FF644C6461F]
	BaseThreadInitThunk [0x00007FFEC2277374+20]
	RtlUserThreadStart [0x00007FFEC255CC91+33]
</status>
</kw>
<kw name="checking_element_displayed_status-and_click_on_Icon" owner="Common_Functions">
<arg>${add_cards_qa}</arg>
<status status="NOT RUN" start="2024-09-18T12:59:18.696508" elapsed="0.000000"/>
</kw>
<kw name="checking_element_displayed_status-and_click_on_Icon" owner="Common_Functions">
<arg>${answer_card_qa}</arg>
<status status="NOT RUN" start="2024-09-18T12:59:18.697010" elapsed="0.000000"/>
</kw>
<kw name="checking_textBox_displayed_status-and_input_value_in _textbox" owner="Common_Functions">
<arg>${enter_answer_qa}</arg>
<arg>${enter_answer_value}_${current_time}</arg>
<status status="NOT RUN" start="2024-09-18T12:59:18.697010" elapsed="0.000000"/>
</kw>
<kw name="checking_element_displayed_status-and_click_on_Icon" owner="Common_Functions">
<arg>${url_card_qa}</arg>
<status status="NOT RUN" start="2024-09-18T12:59:18.698135" elapsed="0.000495"/>
</kw>
<kw name="checking_textBox_displayed_status-and_input_value_in _textbox" owner="Common_Functions">
<arg>${enter_url_qa}</arg>
<arg>${vaild_url}</arg>
<status status="NOT RUN" start="2024-09-18T12:59:18.699623" elapsed="0.000497"/>
</kw>
<kw name="checking_element_displayed_status-and_click_on_Icon" owner="Common_Functions">
<arg>${shuffle_card_qa}</arg>
<status status="NOT RUN" start="2024-09-18T12:59:18.700925" elapsed="0.000000"/>
</kw>
<kw name="checking_element_displayed_status-and_click_on_Icon" owner="Common_Functions">
<arg>${add_shuffle_card_qa}</arg>
<status status="NOT RUN" start="2024-09-18T12:59:18.701422" elapsed="0.000991"/>
</kw>
<kw name="checking_textBox_displayed_status-and_input_value_in _textbox" owner="Common_Functions">
<arg>${shuffle_text1_qa}</arg>
<arg>${shuffle_text1}</arg>
<status status="NOT RUN" start="2024-09-18T12:59:18.703406" elapsed="0.000497"/>
</kw>
<kw name="checking_element_displayed_status-and_click_on_Icon" owner="Common_Functions">
<arg>${add_shuffle_card_qa}</arg>
<status status="NOT RUN" start="2024-09-18T12:59:18.703903" elapsed="0.000496"/>
</kw>
<kw name="checking_textBox_displayed_status-and_input_value_in _textbox" owner="Common_Functions">
<arg>${shuffle_text2_qa}</arg>
<arg>${shuffle_text2}</arg>
<status status="NOT RUN" start="2024-09-18T12:59:18.705890" elapsed="0.000000"/>
</kw>
<kw name="checking_element_displayed_status-and_click_on_Icon" owner="Common_Functions">
<arg>${video_card_qa}</arg>
<status status="NOT RUN" start="2024-09-18T12:59:18.706391" elapsed="0.000000"/>
</kw>
<kw name="checking_textBox_displayed_status-and_input_value_in _textbox" owner="Common_Functions">
<arg>${enter_video_url_qa}</arg>
<arg>${video_card_url}</arg>
<status status="NOT RUN" start="2024-09-18T12:59:18.706883" elapsed="0.000000"/>
</kw>
<kw name="checking_element_displayed_status-and_click_on_Icon" owner="Common_Functions">
<arg>${video_done_button_qa}</arg>
<status status="NOT RUN" start="2024-09-18T12:59:18.707379" elapsed="0.000000"/>
</kw>
<kw name="checking_element_displayed_status-and_click_on_Icon" owner="Common_Functions">
<arg>${image_card_qa1}</arg>
<status status="NOT RUN" start="2024-09-18T12:59:18.707899" elapsed="0.000000"/>
</kw>
<kw name="Choose File" owner="SeleniumLibrary">
<arg>${add_image_in_imagecard_qa}</arg>
<arg>${image_file3}</arg>
<doc>Inputs the ``file_path`` into the file input field ``locator``.</doc>
<status status="NOT RUN" start="2024-09-18T12:59:18.708372" elapsed="0.000497"/>
</kw>
<kw name="Sleep" owner="BuiltIn">
<arg>5</arg>
<doc>Pauses the test executed for the given time.</doc>
<status status="NOT RUN" start="2024-09-18T12:59:18.708869" elapsed="0.000625"/>
</kw>
<kw name="checking_element_displayed_status-and_click_on_Icon" owner="Common_Functions">
<arg>${carousel_card_qa}</arg>
<status status="NOT RUN" start="2024-09-18T12:59:18.709494" elapsed="0.000496"/>
</kw>
<kw name="Choose File" owner="SeleniumLibrary">
<arg>${upload_image_carousalcard_qa1}</arg>
<arg>${image_file1}</arg>
<doc>Inputs the ``file_path`` into the file input field ``locator``.</doc>
<status status="NOT RUN" start="2024-09-18T12:59:18.710487" elapsed="0.000000"/>
</kw>
<kw name="Sleep" owner="BuiltIn">
<arg>2</arg>
<doc>Pauses the test executed for the given time.</doc>
<status status="NOT RUN" start="2024-09-18T12:59:18.710983" elapsed="0.000000"/>
</kw>
<kw name="Mouse Over" owner="SeleniumLibrary">
<arg>${carouselcard_title1_qa}</arg>
<doc>Simulates hovering the mouse over the element ``locator``.</doc>
<status status="NOT RUN" start="2024-09-18T12:59:18.711480" elapsed="0.000000"/>
</kw>
<kw name="checking_element_displayed_status-and_click_on_Icon" owner="Common_Functions">
<arg>${carouselcard_title1_qa}</arg>
<status status="NOT RUN" start="2024-09-18T12:59:18.711976" elapsed="0.000497"/>
</kw>
<kw name="checking_textBox_displayed_status-and_input_value_in _textbox" owner="Common_Functions">
<arg>${button_title_popup1_qa}</arg>
<arg>${button_title1}</arg>
<status status="NOT RUN" start="2024-09-18T12:59:18.712473" elapsed="0.000496"/>
</kw>
<kw name="checking_textBox_displayed_status-and_input_value_in _textbox" owner="Common_Functions">
<arg>${query_popup1_qa}</arg>
<arg>${query1}</arg>
<status status="NOT RUN" start="2024-09-18T12:59:18.712969" elapsed="0.000520"/>
</kw>
<kw name="Wait Until Element Is Enabled" owner="SeleniumLibrary">
<arg>${done_popup1_qa}</arg>
<doc>Waits until the element ``locator`` is enabled.</doc>
<status status="NOT RUN" start="2024-09-18T12:59:18.713979" elapsed="0.000000"/>
</kw>
<kw name="checking_element_displayed_status-and_click_on_Icon" owner="Common_Functions">
<arg>${done_popup1_qa}</arg>
<status status="NOT RUN" start="2024-09-18T12:59:18.714476" elapsed="0.000000"/>
</kw>
<kw name="Mouse Over" owner="SeleniumLibrary">
<arg>${carousel_card_text1_qa}</arg>
<doc>Simulates hovering the mouse over the element ``locator``.</doc>
<status status="NOT RUN" start="2024-09-18T12:59:18.714973" elapsed="0.000000"/>
</kw>
<kw name="Wait Until Element Is Visible" owner="SeleniumLibrary">
<arg>${carousel_card_text1_qa}</arg>
<doc>Waits until the element ``locator`` is visible.</doc>
<status status="NOT RUN" start="2024-09-18T12:59:18.714973" elapsed="0.000628"/>
</kw>
<kw name="checking_textBox_displayed_status-and_input_value_in _textbox" owner="Common_Functions">
<arg>${carousel_card_text1_qa}</arg>
<arg>${carouselcard_text_value1}</arg>
<status status="NOT RUN" start="2024-09-18T12:59:18.716594" elapsed="0.001483"/>
</kw>
<kw name="checking_element_displayed_status-and_click_on_Icon" owner="Common_Functions">
<arg>${carousel_card_add_image2_qa}</arg>
<status status="NOT RUN" start="2024-09-18T12:59:18.719545" elapsed="0.000000"/>
</kw>
<kw name="Choose File" owner="SeleniumLibrary">
<arg>${upload_image_carousalcard_qa2}</arg>
<arg>${image_file2}</arg>
<doc>Inputs the ``file_path`` into the file input field ``locator``.</doc>
<status status="NOT RUN" start="2024-09-18T12:59:18.720041" elapsed="0.000497"/>
</kw>
<kw name="Sleep" owner="BuiltIn">
<arg>2</arg>
<doc>Pauses the test executed for the given time.</doc>
<status status="NOT RUN" start="2024-09-18T12:59:18.720538" elapsed="0.000496"/>
</kw>
<kw name="Mouse Over" owner="SeleniumLibrary">
<arg>${carouselcard_title2_qa}</arg>
<doc>Simulates hovering the mouse over the element ``locator``.</doc>
<status status="NOT RUN" start="2024-09-18T12:59:18.721824" elapsed="0.000496"/>
</kw>
<kw name="checking_element_displayed_status-and_click_on_Icon" owner="Common_Functions">
<arg>${carouselcard_title2_qa}</arg>
<status status="NOT RUN" start="2024-09-18T12:59:18.722320" elapsed="0.000496"/>
</kw>
<kw name="checking_textBox_displayed_status-and_input_value_in _textbox" owner="Common_Functions">
<arg>${button_title_popup2_qa}</arg>
<arg>${button_title2}</arg>
<status status="NOT RUN" start="2024-09-18T12:59:18.723412" elapsed="0.000000"/>
</kw>
<kw name="checking_element_displayed_status-and_click_on_Icon" owner="Common_Functions">
<arg>${url_popup_qa}</arg>
<status status="NOT RUN" start="2024-09-18T12:59:18.724091" elapsed="0.000000"/>
</kw>
<kw name="checking_textBox_displayed_status-and_input_value_in _textbox" owner="Common_Functions">
<arg>${enter_url_popup_qa}</arg>
<arg>${url_popup}</arg>
<status status="NOT RUN" start="2024-09-18T12:59:18.724587" elapsed="0.000000"/>
</kw>
<kw name="Sleep" owner="BuiltIn">
<arg>2</arg>
<doc>Pauses the test executed for the given time.</doc>
<status status="NOT RUN" start="2024-09-18T12:59:18.725084" elapsed="0.000407"/>
</kw>
<kw name="Wait Until Element Is Enabled" owner="SeleniumLibrary">
<arg>${done_popup2_qa}</arg>
<doc>Waits until the element ``locator`` is enabled.</doc>
<status status="NOT RUN" start="2024-09-18T12:59:18.725987" elapsed="0.000000"/>
</kw>
<kw name="checking_element_displayed_status-and_click_on_Icon" owner="Common_Functions">
<arg>${done_popup2_qa}</arg>
<status status="NOT RUN" start="2024-09-18T12:59:18.726487" elapsed="0.000000"/>
</kw>
<kw name="Mouse Over" owner="SeleniumLibrary">
<arg>${carousel_card_text2_qa}</arg>
<doc>Simulates hovering the mouse over the element ``locator``.</doc>
<status status="NOT RUN" start="2024-09-18T12:59:18.726854" elapsed="0.000000"/>
</kw>
<kw name="Wait Until Element Is Visible" owner="SeleniumLibrary">
<arg>${carousel_card_text2_qa}</arg>
<doc>Waits until the element ``locator`` is visible.</doc>
<status status="NOT RUN" start="2024-09-18T12:59:18.727351" elapsed="0.000000"/>
</kw>
<kw name="checking_textBox_displayed_status-and_input_value_in _textbox" owner="Common_Functions">
<arg>${carousel_card_text2_qa}</arg>
<arg>${carouselcard_text_value2}</arg>
<status status="NOT RUN" start="2024-09-18T12:59:18.728793" elapsed="0.000498"/>
</kw>
<kw name="Wait Until Element Is Enabled" owner="SeleniumLibrary">
<arg>${button_save}</arg>
<doc>Waits until the element ``locator`` is enabled.</doc>
<status status="NOT RUN" start="2024-09-18T12:59:18.729291" elapsed="0.000704"/>
</kw>
<kw name="checking_element_displayed_status-and_click_on_Icon" owner="Common_Functions">
<arg>${button_save}</arg>
<status status="NOT RUN" start="2024-09-18T12:59:18.729995" elapsed="0.000496"/>
</kw>
<kw name="verifying_validation_message" owner="Common_Functions">
<arg>${success_intent_msg}</arg>
<arg>${expected_Intent_success_validation_msg}</arg>
<status status="NOT RUN" start="2024-09-18T12:59:18.730491" elapsed="0.000496"/>
</kw>
<status status="FAIL" start="2024-09-18T12:58:44.991339" elapsed="33.740145">ElementClickInterceptedException: Message: element click intercepted: Element &lt;span class="checkmark"&gt;&lt;/span&gt; is not clickable at point (151, 508). Other element would receive the click: &lt;div data-testid="auto-complete-bgblock" class="bgblock"&gt;&lt;/div&gt;
  (Session info: chrome=128.0.6613.138)
Stacktrace:
	GetHandleVerifier [0x00007FF644CF9412+29090]
	(No symbol) [0x00007FF644C6E239]
	(No symbol) [0x00007FF644B2B1DA]
	(No symbol) [0x00007FF644B86C1E]
	(No symbol) [0x00007FF644B84692]
	(No symbol) [0x00007FF644B81BAB]
	(No symbol) [0x00007FF644B80DC5]
	(No symbol) [0x00007FF644B72D81]
	(No symbol) [0x00007FF644BA66EA]
	(No symbol) [0x00007FF644B726C6]
	(No symbol) [0x00007FF644BA6900]
	(No symbol) [0x00007FF644BC65A2]
	(No symbol) [0x00007FF644BA6493]
	(No symbol) [0x00007FF644B709D1]
	(No symbol) [0x00007FF644B71B31]
	GetHandleVerifier [0x00007FF64501871D+3302573]
	GetHandleVerifier [0x00007FF645064243+3612627]
	GetHandleVerifier [0x00007FF64505A417+3572135]
	GetHandleVerifier [0x00007FF644DB5EB6+801862]
	(No symbol) [0x00007FF644C7945F]
	(No symbol) [0x00007FF644C74FB4]
	(No symbol) [0x00007FF644C75140]
	(No symbol) [0x00007FF644C6461F]
	BaseThreadInitThunk [0x00007FFEC2277374+20]
	RtlUserThreadStart [0x00007FFEC255CC91+33]
</status>
</kw>
<kw name="Closing_The_Browser" owner="BaseClass_Keyword" type="TEARDOWN">
<kw name="Run Keyword If Test Failed" owner="BuiltIn">
<kw name="Capture Page Screenshot" owner="SeleniumLibrary">
<msg time="2024-09-18T12:59:19.070979" level="INFO" html="true">&lt;/td&gt;&lt;/tr&gt;&lt;tr&gt;&lt;td colspan="3"&gt;&lt;a href="0-Faild_screenshot.png"&gt;&lt;img src="0-Faild_screenshot.png" width="800px"&gt;&lt;/a&gt;</msg>
<arg>Faild_screenshot.png</arg>
<doc>Takes a screenshot of the current page and embeds it into a log file.</doc>
<status status="PASS" start="2024-09-18T12:59:18.739697" elapsed="0.331282"/>
</kw>
<arg>Capture Page Screenshot</arg>
<arg>Faild_screenshot.png</arg>
<doc>Runs the given keyword with the given arguments, if the test failed.</doc>
<status status="PASS" start="2024-09-18T12:59:18.738934" elapsed="0.332045"/>
</kw>
<kw name="Close Browser" owner="SeleniumLibrary">
<doc>Closes the current browser.</doc>
<status status="PASS" start="2024-09-18T12:59:19.071475" elapsed="2.514041"/>
</kw>
<doc>This keyword for closing the current browser</doc>
<status status="PASS" start="2024-09-18T12:59:18.737444" elapsed="2.848568"/>
</kw>
<doc>Verify_User_Adds_AnswerCard_Inside_Intent_To_Qa_CentralRepo_And_Validate_Sucess_Message.</doc>
<tag>Regerssion Testing</tag>
<status status="FAIL" start="2024-09-18T12:57:48.742675" elapsed="92.843337">ElementClickInterceptedException: Message: element click intercepted: Element &lt;span class="checkmark"&gt;&lt;/span&gt; is not clickable at point (151, 508). Other element would receive the click: &lt;div data-testid="auto-complete-bgblock" class="bgblock"&gt;&lt;/div&gt;
  (Session info: chrome=128.0.6613.138)
Stacktrace:
	GetHandleVerifier [0x00007FF644CF9412+29090]
	(No symbol) [0x00007FF644C6E239]
	(No symbol) [0x00007FF644B2B1DA]
	(No symbol) [0x00007FF644B86C1E]
	(No symbol) [0x00007FF644B84692]
	(No symbol) [0x00007FF644B81BAB]
	(No symbol) [0x00007FF644B80DC5]
	(No symbol) [0x00007FF644B72D81]
	(No symbol) [0x00007FF644BA66EA]
	(No symbol) [0x00007FF644B726C6]
	(No symbol) [0x00007FF644BA6900]
	(No symbol) [0x00007FF644BC65A2]
	(No symbol) [0x00007FF644BA6493]
	(No symbol) [0x00007FF644B709D1]
	(No symbol) [0x00007FF644B71B31]
	GetHandleVerifier [0x00007FF64501871D+3302573]
	GetHandleVerifier [0x00007FF645064243+3612627]
	GetHandleVerifier [0x00007FF64505A417+3572135]
	GetHandleVerifier [0x00007FF644DB5EB6+801862]
	(No symbol) [0x00007FF644C7945F]
	(No symbol) [0x00007FF644C74FB4]
	(No symbol) [0x00007FF644C75140]
	(No symbol) [0x00007FF644C6461F]
	BaseThreadInitThunk [0x00007FFEC2277374+20]
	RtlUserThreadStart [0x00007FFEC255CC91+33]
</status>
</test>
<status status="FAIL" start="2024-09-18T12:57:48.136000" elapsed="93.451815"/>
</suite>
<suite id="s1-s2" name="Test Verify User ChangeRepository FromDropDown Menu Inside Flow And Qa CentralRepo" source="C:\Users\puchha.pavan\PycharmProjects\Telus_iTIA_Powered_by_Fuel_iX\iTIA_Powered_by_Fuel_iX\itia_testcases\Central_RepositoryPage_TC\Test_Verify_User_ChangeRepository_FromDropDown_Menu_Inside_Flow_And_Qa_CentralRepo.robot">
<test id="s1-s2-t1" name="Testcase_For_Selecting_Repository_ByVisisble_Value_From_RepositoryDropdown" line="8">
<kw name="Launching_The_Browser" owner="BaseClass_Keyword" type="SETUP">
<kw name="Open Browser" owner="SeleniumLibrary">
<msg time="2024-09-18T12:57:48.346928" level="INFO">Opening browser 'chrome' to base url 'https://mqa2.xavlab.xyz/'.</msg>
<arg>${site-url}</arg>
<arg>${browser}</arg>
<doc>Opens a new browser instance to the optional ``url``.</doc>
<status status="PASS" start="2024-09-18T12:57:48.346659" elapsed="37.937040"/>
</kw>
<kw name="Maximize Browser Window" owner="SeleniumLibrary">
<doc>Maximizes current browser window.</doc>
<status status="PASS" start="2024-09-18T12:58:26.285189" elapsed="0.107417"/>
</kw>
<kw name="Set Selenium Implicit Wait" owner="SeleniumLibrary">
<arg>10Seconds</arg>
<doc>Sets the implicit wait value used by Selenium.</doc>
<status status="PASS" start="2024-09-18T12:58:26.393597" elapsed="0.002529"/>
</kw>
<kw name="clear_all_ookies" owner="Common_Functions">
<kw name="Delete All Cookies" owner="SeleniumLibrary">
<doc>Deletes all cookies.</doc>
<status status="PASS" start="2024-09-18T12:58:26.398470" elapsed="0.044604"/>
</kw>
<doc>Clear all cookies</doc>
<status status="PASS" start="2024-09-18T12:58:26.396904" elapsed="0.046667"/>
</kw>
<kw name="Set Selenium Speed" owner="SeleniumLibrary">
<arg>0.2</arg>
<doc>Sets the delay that is waited after each Selenium command.</doc>
<status status="PASS" start="2024-09-18T12:58:26.444197" elapsed="0.000864"/>
</kw>
<doc>This keyword for launching the browser</doc>
<status status="PASS" start="2024-09-18T12:57:48.344941" elapsed="38.100120"/>
</kw>
<kw name="Login_To_Virtual_Assistant_WebApplication" owner="LoginPage_Keyword">
<kw name="Input_Username_OnLoginpage" owner="LoginPage_Keyword">
<kw name="Sleep" owner="BuiltIn">
<msg time="2024-09-18T12:58:28.450432" level="INFO">Slept 2 seconds.</msg>
<arg>2</arg>
<doc>Pauses the test executed for the given time.</doc>
<status status="PASS" start="2024-09-18T12:58:26.449039" elapsed="2.001540"/>
</kw>
<kw name="checking_textBox_displayed_status-and_input_value_in _textbox" owner="Common_Functions">
<kw name="Element Should Be Visible" owner="SeleniumLibrary">
<msg time="2024-09-18T12:58:28.921975" level="INFO">Element 'name:username' is displayed.</msg>
<arg>${Webelement}</arg>
<doc>Verifies that the element identified by ``locator`` is visible.</doc>
<status status="PASS" start="2024-09-18T12:58:28.452070" elapsed="0.470199"/>
</kw>
<kw name="Element Should Be Enabled" owner="SeleniumLibrary">
<arg>${Webelement}</arg>
<doc>Verifies that element identified by ``locator`` is enabled.</doc>
<status status="PASS" start="2024-09-18T12:58:28.922303" elapsed="0.788618"/>
</kw>
<kw name="Clear Element Text" owner="SeleniumLibrary">
<arg>${Webelement}</arg>
<doc>Clears the value of the text-input-element identified by ``locator``.</doc>
<status status="PASS" start="2024-09-18T12:58:29.711312" elapsed="0.548553"/>
</kw>
<kw name="Input Text" owner="SeleniumLibrary">
<msg time="2024-09-18T12:58:30.261858" level="INFO">Typing text 'puchha.pavan@telusinternational.com' into text field 'name:username'.</msg>
<arg>${Webelement}</arg>
<arg>${input_text_value}</arg>
<doc>Types the given ``text`` into the text field identified by ``locator``.</doc>
<status status="PASS" start="2024-09-18T12:58:30.259865" elapsed="0.930147"/>
</kw>
<arg>${txt_loginpageusername}</arg>
<arg>${username}</arg>
<status status="PASS" start="2024-09-18T12:58:28.451075" elapsed="2.738937"/>
</kw>
<arg>${username}</arg>
<status status="PASS" start="2024-09-18T12:58:26.447418" elapsed="4.743091"/>
</kw>
<kw name="Click_Login_Button_OnLoginpage" owner="LoginPage_Keyword">
<kw name="Wait Until Page Contains Element" owner="SeleniumLibrary">
<arg>${txt_clickloginbutton}</arg>
<doc>Waits until the element ``locator`` appears on the current page.</doc>
<status status="PASS" start="2024-09-18T12:58:31.191606" elapsed="0.254830"/>
</kw>
<kw name="checking_button_displayed_status-and_click_on_button" owner="Common_Functions">
<kw name="Element Should Be Visible" owner="SeleniumLibrary">
<msg time="2024-09-18T12:58:31.962170" level="INFO">Element 'xpath://*[text()='Login']' is displayed.</msg>
<arg>${Webelement}</arg>
<doc>Verifies that the element identified by ``locator`` is visible.</doc>
<status status="PASS" start="2024-09-18T12:58:31.448479" elapsed="0.513691"/>
</kw>
<kw name="Click Button" owner="SeleniumLibrary">
<msg time="2024-09-18T12:58:31.963164" level="INFO">Clicking button 'xpath://*[text()='Login']'.</msg>
<arg>${Webelement}</arg>
<doc>Clicks the button identified by ``locator``.</doc>
<status status="PASS" start="2024-09-18T12:58:31.962667" elapsed="3.256931"/>
</kw>
<arg>${txt_clickloginbutton}</arg>
<status status="PASS" start="2024-09-18T12:58:31.447430" elapsed="3.773129"/>
</kw>
<status status="PASS" start="2024-09-18T12:58:31.190693" elapsed="4.029866"/>
</kw>
<kw name="Input_Domain-Name_OnLoginpage" owner="LoginPage_Keyword">
<kw name="Wait Until Page Contains Element" owner="SeleniumLibrary">
<arg>${txt_loginpagedomain}</arg>
<doc>Waits until the element ``locator`` appears on the current page.</doc>
<status status="PASS" start="2024-09-18T12:58:35.229756" elapsed="0.783028"/>
</kw>
<kw name="checking_textBox_displayed_status-and_input_value_in _textbox" owner="Common_Functions">
<kw name="Element Should Be Visible" owner="SeleniumLibrary">
<msg time="2024-09-18T12:58:36.555862" level="INFO">Element 'xpath://*[@placeholder='Enter domain']' is displayed.</msg>
<arg>${Webelement}</arg>
<doc>Verifies that the element identified by ``locator`` is visible.</doc>
<status status="PASS" start="2024-09-18T12:58:36.014280" elapsed="0.542078"/>
</kw>
<kw name="Element Should Be Enabled" owner="SeleniumLibrary">
<arg>${Webelement}</arg>
<doc>Verifies that element identified by ``locator`` is enabled.</doc>
<status status="PASS" start="2024-09-18T12:58:36.556855" elapsed="1.007138"/>
</kw>
<kw name="Clear Element Text" owner="SeleniumLibrary">
<arg>${Webelement}</arg>
<doc>Clears the value of the text-input-element identified by ``locator``.</doc>
<status status="PASS" start="2024-09-18T12:58:37.564560" elapsed="0.455561"/>
</kw>
<kw name="Input Text" owner="SeleniumLibrary">
<msg time="2024-09-18T12:58:38.021521" level="INFO">Typing text 'xd' into text field 'xpath://*[@placeholder='Enter domain']'.</msg>
<arg>${Webelement}</arg>
<arg>${input_text_value}</arg>
<doc>Types the given ``text`` into the text field identified by ``locator``.</doc>
<status status="PASS" start="2024-09-18T12:58:38.020528" elapsed="0.787369"/>
</kw>
<arg>${txt_loginpagedomain}</arg>
<arg>${domain_name}</arg>
<status status="PASS" start="2024-09-18T12:58:36.013286" elapsed="2.795109"/>
</kw>
<arg>${domain_name}</arg>
<status status="PASS" start="2024-09-18T12:58:35.221055" elapsed="3.587340"/>
</kw>
<kw name="Click_Login_Button_OnLoginpage" owner="LoginPage_Keyword">
<kw name="Wait Until Page Contains Element" owner="SeleniumLibrary">
<arg>${txt_clickloginbutton}</arg>
<doc>Waits until the element ``locator`` appears on the current page.</doc>
<status status="PASS" start="2024-09-18T12:58:38.809493" elapsed="0.253479"/>
</kw>
<kw name="checking_button_displayed_status-and_click_on_button" owner="Common_Functions">
<kw name="Element Should Be Visible" owner="SeleniumLibrary">
<msg time="2024-09-18T12:58:39.525909" level="INFO">Element 'xpath://*[text()='Login']' is displayed.</msg>
<arg>${Webelement}</arg>
<doc>Verifies that the element identified by ``locator`` is visible.</doc>
<status status="PASS" start="2024-09-18T12:58:39.065315" elapsed="0.460594"/>
</kw>
<kw name="Click Button" owner="SeleniumLibrary">
<msg time="2024-09-18T12:58:39.527768" level="INFO">Clicking button 'xpath://*[text()='Login']'.</msg>
<arg>${Webelement}</arg>
<doc>Clicks the button identified by ``locator``.</doc>
<status status="PASS" start="2024-09-18T12:58:39.527246" elapsed="2.299544"/>
</kw>
<arg>${txt_clickloginbutton}</arg>
<status status="PASS" start="2024-09-18T12:58:39.063759" elapsed="2.763031"/>
</kw>
<status status="PASS" start="2024-09-18T12:58:38.808996" elapsed="3.018291"/>
</kw>
<kw name="Input_Password_OnLoginpage" owner="LoginPage_Keyword">
<kw name="checking_textBox_displayed_status-and_input_value_in _textbox" owner="Common_Functions">
<kw name="Element Should Be Visible" owner="SeleniumLibrary">
<msg time="2024-09-18T12:58:42.294974" level="INFO">Element 'xpath://*[@placeholder='Enter password']' is displayed.</msg>
<arg>${Webelement}</arg>
<doc>Verifies that the element identified by ``locator`` is visible.</doc>
<status status="PASS" start="2024-09-18T12:58:41.829542" elapsed="0.465716"/>
</kw>
<kw name="Element Should Be Enabled" owner="SeleniumLibrary">
<arg>${Webelement}</arg>
<doc>Verifies that element identified by ``locator`` is enabled.</doc>
<status status="PASS" start="2024-09-18T12:58:42.295470" elapsed="0.941863"/>
</kw>
<kw name="Clear Element Text" owner="SeleniumLibrary">
<arg>${Webelement}</arg>
<doc>Clears the value of the text-input-element identified by ``locator``.</doc>
<status status="PASS" start="2024-09-18T12:58:43.237827" elapsed="0.483359"/>
</kw>
<kw name="Input Text" owner="SeleniumLibrary">
<msg time="2024-09-18T12:58:43.722677" level="INFO">Typing text '*Pavan@7351' into text field 'xpath://*[@placeholder='Enter password']'.</msg>
<arg>${Webelement}</arg>
<arg>${input_text_value}</arg>
<doc>Types the given ``text`` into the text field identified by ``locator``.</doc>
<status status="PASS" start="2024-09-18T12:58:43.721683" elapsed="1.091674"/>
</kw>
<arg>${txt_loginpagepassword}</arg>
<arg>${password}</arg>
<status status="PASS" start="2024-09-18T12:58:41.828550" elapsed="2.985635"/>
</kw>
<arg>${password}</arg>
<status status="PASS" start="2024-09-18T12:58:41.827538" elapsed="2.987154"/>
</kw>
<kw name="Click_Login_Button_OnLoginpage" owner="LoginPage_Keyword">
<kw name="Wait Until Page Contains Element" owner="SeleniumLibrary">
<arg>${txt_clickloginbutton}</arg>
<doc>Waits until the element ``locator`` appears on the current page.</doc>
<status status="PASS" start="2024-09-18T12:58:44.818985" elapsed="0.262176"/>
</kw>
<kw name="checking_button_displayed_status-and_click_on_button" owner="Common_Functions">
<kw name="Element Should Be Visible" owner="SeleniumLibrary">
<msg time="2024-09-18T12:58:45.597683" level="INFO">Element 'xpath://*[text()='Login']' is displayed.</msg>
<arg>${Webelement}</arg>
<doc>Verifies that the element identified by ``locator`` is visible.</doc>
<status status="PASS" start="2024-09-18T12:58:45.085158" elapsed="0.514015"/>
</kw>
<kw name="Click Button" owner="SeleniumLibrary">
<msg time="2024-09-18T12:58:45.610038" level="INFO">Clicking button 'xpath://*[text()='Login']'.</msg>
<arg>${Webelement}</arg>
<doc>Clicks the button identified by ``locator``.</doc>
<status status="PASS" start="2024-09-18T12:58:45.606595" elapsed="2.674955"/>
</kw>
<arg>${txt_clickloginbutton}</arg>
<status status="PASS" start="2024-09-18T12:58:45.082154" elapsed="3.199733"/>
</kw>
<status status="PASS" start="2024-09-18T12:58:44.815188" elapsed="3.467196"/>
</kw>
<kw name="Verify_Report_And_Analytics_Message_OnLoginpage" owner="LoginPage_Keyword">
<kw name="Set Selenium Timeout" owner="SeleniumLibrary">
<arg>3seconds</arg>
<doc>Sets the timeout that is used by various keywords.</doc>
<status status="PASS" start="2024-09-18T12:58:48.288124" elapsed="0.214369"/>
</kw>
<kw name="Wait Until Page Contains Element" owner="SeleniumLibrary">
<arg>${txt_reportandanalyticslogo}</arg>
<doc>Waits until the element ``locator`` appears on the current page.</doc>
<status status="PASS" start="2024-09-18T12:58:48.502990" elapsed="1.392137"/>
</kw>
<kw name="Page Should Contain" owner="SeleniumLibrary">
<msg time="2024-09-18T12:58:50.712777" level="INFO">Current page contains text 'Analytics &amp; Reports'.</msg>
<arg>${analytics&amp;ReportPage_validation_text}</arg>
<doc>Verifies that current page contains ``text``.</doc>
<status status="PASS" start="2024-09-18T12:58:49.895127" elapsed="0.817650"/>
</kw>
<kw name="Capture Element Screenshot" owner="SeleniumLibrary">
<msg time="2024-09-18T12:58:54.129371" level="INFO" html="true">&lt;/td&gt;&lt;/tr&gt;&lt;tr&gt;&lt;td colspan="3"&gt;&lt;a href="1-AnalyticsandReporttextscreenshot.png"&gt;&lt;img src="1-AnalyticsandReporttextscreenshot.png" width="400px"&gt;&lt;/a&gt;</msg>
<arg>${txt_reportandanalyticslogo}</arg>
<arg>AnalyticsandReporttextscreenshot.png</arg>
<doc>Captures a screenshot from the element identified by ``locator`` and embeds it into log file.</doc>
<status status="PASS" start="2024-09-18T12:58:50.713620" elapsed="3.415751"/>
</kw>
<kw name="Capture Page Screenshot" owner="SeleniumLibrary">
<msg time="2024-09-18T12:58:54.808196" level="INFO" html="true">&lt;/td&gt;&lt;/tr&gt;&lt;tr&gt;&lt;td colspan="3"&gt;&lt;a href="1-AnalyticsandReportpagescreenshot.png"&gt;&lt;img src="1-AnalyticsandReportpagescreenshot.png" width="800px"&gt;&lt;/a&gt;</msg>
<arg>AnalyticsandReportpagescreenshot.png</arg>
<doc>Takes a screenshot of the current page and embeds it into a log file.</doc>
<status status="PASS" start="2024-09-18T12:58:54.134442" elapsed="0.674251"/>
</kw>
<arg>${analytics&amp;ReportPage_validation_text}</arg>
<status status="PASS" start="2024-09-18T12:58:48.285956" elapsed="6.523110"/>
</kw>
<arg>${username}</arg>
<arg>${domain_name}</arg>
<arg>${password}</arg>
<arg>${analytics&amp;ReportPage_validation_text}</arg>
<doc>This  keyword is  for  login to virtual assistant webapp</doc>
<status status="PASS" start="2024-09-18T12:58:26.445432" elapsed="28.363788"/>
</kw>
<kw name="Click_On_Central_Repository_Icon" owner="CentralRepositoryPage_Keyword">
<kw name="Wait Until Page Contains Element" owner="SeleniumLibrary">
<arg>${Central_Repository}</arg>
<doc>Waits until the element ``locator`` appears on the current page.</doc>
<status status="PASS" start="2024-09-18T12:58:54.810710" elapsed="0.241266"/>
</kw>
<kw name="checking_element_displayed_status-and_click_on_Icon" owner="Common_Functions">
<kw name="Element Should Be Visible" owner="SeleniumLibrary">
<msg time="2024-09-18T12:58:55.581474" level="INFO">Element 'xpath://*[@data-tip='Central Repository']' is displayed.</msg>
<arg>${Web-element}</arg>
<doc>Verifies that the element identified by ``locator`` is visible.</doc>
<status status="PASS" start="2024-09-18T12:58:55.054104" elapsed="0.527867"/>
</kw>
<kw name="Click Element" owner="SeleniumLibrary">
<msg time="2024-09-18T12:58:55.583928" level="INFO">Clicking element 'xpath://*[@data-tip='Central Repository']'.</msg>
<arg>${Web-element}</arg>
<doc>Click the element identified by ``locator``.</doc>
<status status="PASS" start="2024-09-18T12:58:55.583167" elapsed="1.409988"/>
</kw>
<arg>${Central_Repository}</arg>
<status status="PASS" start="2024-09-18T12:58:55.052472" elapsed="1.942298"/>
</kw>
<status status="PASS" start="2024-09-18T12:58:54.809220" elapsed="2.187040"/>
</kw>
<kw name="Click_On_Qa_Repository_Button" owner="CentralRepositoryPage_Keyword">
<kw name="Wait Until Page Contains Element" owner="SeleniumLibrary">
<arg>${Qa_Repostory_button}</arg>
<doc>Waits until the element ``locator`` appears on the current page.</doc>
<status status="PASS" start="2024-09-18T12:58:56.997902" elapsed="0.682335"/>
</kw>
<kw name="checking_link_displayed_status-and_click_on_Link" owner="Common_Functions">
<kw name="Element Should Be Visible" owner="SeleniumLibrary">
<msg time="2024-09-18T12:58:58.196828" level="INFO">Element 'xpath://*[@title='QA']' is displayed.</msg>
<arg>${Webelement}</arg>
<doc>Verifies that the element identified by ``locator`` is visible.</doc>
<status status="PASS" start="2024-09-18T12:58:57.687710" elapsed="0.510110"/>
</kw>
<kw name="Click Link" owner="SeleniumLibrary">
<msg time="2024-09-18T12:58:58.199808" level="INFO">Clicking link 'xpath://*[@title='QA']'.</msg>
<arg>${Webelement}</arg>
<doc>Clicks a link identified by ``locator``.</doc>
<status status="PASS" start="2024-09-18T12:58:58.198316" elapsed="0.837220"/>
</kw>
<arg>${Qa_Repostory_button}</arg>
<status status="PASS" start="2024-09-18T12:58:57.681547" elapsed="1.358218"/>
</kw>
<status status="PASS" start="2024-09-18T12:58:56.996756" elapsed="2.043506"/>
</kw>
<kw name="Validate_Qa/Flow_Central_Repository_Page" owner="CentralRepositoryPage_Keyword">
<kw name="Set Selenium Timeout" owner="SeleniumLibrary">
<arg>3seconds</arg>
<doc>Sets the timeout that is used by various keywords.</doc>
<status status="PASS" start="2024-09-18T12:58:59.043738" elapsed="0.211901"/>
</kw>
<kw name="Wait Until Page Contains Element" owner="SeleniumLibrary">
<arg>${Central_Repository_page_title}</arg>
<doc>Waits until the element ``locator`` appears on the current page.</doc>
<status status="PASS" start="2024-09-18T12:58:59.256632" elapsed="1.118374"/>
</kw>
<kw name="Get Element Attribute" owner="SeleniumLibrary">
<msg time="2024-09-18T12:59:00.376652" level="WARN">Keyword 'Get Element Attribute' found both from a custom library 'SeleniumLibrary' and a standard library 'XML'. The custom keyword is used. To select explicitly, and to get rid of this warning, use either 'SeleniumLibrary.Get Element Attribute' or 'XML.Get Element Attribute'.</msg>
<msg time="2024-09-18T12:59:00.896348" level="INFO">${page_title} = QA</msg>
<var>${page_title}</var>
<arg>xpath://*[@data-testid="inputBoxDiv-ellipsis"]//*[@title="${Page_title_validation}"]</arg>
<arg>title</arg>
<doc>Returns the value of ``attribute`` from the element ``locator``.</doc>
<status status="PASS" start="2024-09-18T12:59:00.376652" elapsed="0.519696"/>
</kw>
<kw name="Should Be Equal" owner="BuiltIn">
<arg>${page_title}</arg>
<arg>${Page_title_validation}</arg>
<doc>Fails if the given objects are unequal.</doc>
<status status="PASS" start="2024-09-18T12:59:00.896916" elapsed="0.000993"/>
</kw>
<arg>${QaRepositoryPage_title_validation}</arg>
<status status="PASS" start="2024-09-18T12:58:59.040758" elapsed="1.857925"/>
</kw>
<kw name="Capture Page Screenshot" owner="SeleniumLibrary">
<msg time="2024-09-18T12:59:01.372305" level="INFO" html="true">&lt;/td&gt;&lt;/tr&gt;&lt;tr&gt;&lt;td colspan="3"&gt;&lt;a href="1-qa-selected-ddown.png"&gt;&lt;img src="1-qa-selected-ddown.png" width="800px"&gt;&lt;/a&gt;</msg>
<arg>qa-selected-ddown.png</arg>
<doc>Takes a screenshot of the current page and embeds it into a log file.</doc>
<status status="PASS" start="2024-09-18T12:59:00.899222" elapsed="0.473580"/>
</kw>
<kw name="Click_On_Repository_Dropdown" owner="CentralRepositoryPage_Keyword">
<kw name="Wait Until Page Contains Element" owner="SeleniumLibrary">
<arg>${Click_on_repository_CRdropdown}</arg>
<doc>Waits until the element ``locator`` appears on the current page.</doc>
<status status="PASS" start="2024-09-18T12:59:01.374034" elapsed="0.274053"/>
</kw>
<kw name="Click Element" owner="SeleniumLibrary">
<msg time="2024-09-18T12:59:01.658836" level="INFO">Clicking element 'xpath://*[@data-testid="inputBoxDiv-ellipsis"]//*[@title="QA"]'.</msg>
<arg>${Click_on_repository_CRdropdown}</arg>
<doc>Click the element identified by ``locator``.</doc>
<status status="PASS" start="2024-09-18T12:59:01.654081" elapsed="3.458753"/>
</kw>
<status status="PASS" start="2024-09-18T12:59:01.373298" elapsed="3.740032"/>
</kw>
<kw name="Selecting_Repository_ByVisisble_Value_From_RepositoryDropdown" owner="CentralRepositoryPage_Keyword">
<kw name="Set Selenium Timeout" owner="SeleniumLibrary">
<arg>3 seconds</arg>
<doc>Sets the timeout that is used by various keywords.</doc>
<status status="PASS" start="2024-09-18T12:59:05.115476" elapsed="0.208682"/>
</kw>
<kw name="Get Element Count" owner="SeleniumLibrary">
<msg time="2024-09-18T12:59:05.325649" level="WARN">Keyword 'Get Element Count' found both from a custom library 'SeleniumLibrary' and a standard library 'XML'. The custom keyword is used. To select explicitly, and to get rid of this warning, use either 'SeleniumLibrary.Get Element Count' or 'XML.Get Element Count'.</msg>
<msg time="2024-09-18T12:59:05.591258" level="INFO">${element count} = 17</msg>
<var>${element count}</var>
<arg>${Selecting_repository_Webelement_CRdropdown}</arg>
<doc>Returns the number of elements matching ``locator``.</doc>
<status status="PASS" start="2024-09-18T12:59:05.326146" elapsed="0.265112"/>
</kw>
<for flavor="IN RANGE">
<iter>
<kw name="Get WebElement" owner="SeleniumLibrary">
<msg time="2024-09-18T12:59:05.862603" level="INFO">${element} = &lt;selenium.webdriver.remote.webelement.WebElement (session="2bb94987c0587176c025ae3465f8fe41", element="f.DA9F90E436A272064B09BD7CAA338B0C.d.43F9750B418F878ADCE2FA3804DFA202.e.2890")&gt;</msg>
<var>${element}</var>
<arg>//*[@data-testid="inputBoxDiv-ellipsis"]//following::a[${index}]</arg>
<doc>Returns the first WebElement matching the given ``locator``.</doc>
<status status="PASS" start="2024-09-18T12:59:05.594237" elapsed="0.268366"/>
</kw>
<kw name="Get Element Attribute" owner="SeleniumLibrary">
<msg time="2024-09-18T12:59:05.863098" level="WARN">Keyword 'Get Element Attribute' found both from a custom library 'SeleniumLibrary' and a standard library 'XML'. The custom keyword is used. To select explicitly, and to get rid of this warning, use either 'SeleniumLibrary.Get Element Attribute' or 'XML.Get Element Attribute'.</msg>
<msg time="2024-09-18T12:59:06.160607" level="INFO">${text} = Common</msg>
<var>${text}</var>
<arg>${element}</arg>
<arg>title</arg>
<doc>Returns the value of ``attribute`` from the element ``locator``.</doc>
<status status="PASS" start="2024-09-18T12:59:05.863595" elapsed="0.297012"/>
</kw>
<kw name="Log To Console" owner="BuiltIn">
<arg>${text}</arg>
<doc>Logs the given message to the console.</doc>
<status status="PASS" start="2024-09-18T12:59:06.161104" elapsed="0.001490"/>
</kw>
<if>
<branch type="IF" condition="'${text}' == '${Repository_name}'">
<kw name="Click Element" owner="SeleniumLibrary">
<arg>${element}</arg>
<doc>Click the element identified by ``locator``.</doc>
<status status="NOT RUN" start="2024-09-18T12:59:06.163588" elapsed="0.000631"/>
</kw>
<break>
<status status="NOT RUN" start="2024-09-18T12:59:06.164219" elapsed="0.000000"/>
</break>
<status status="NOT RUN" start="2024-09-18T12:59:06.163091" elapsed="0.001128"/>
</branch>
<status status="PASS" start="2024-09-18T12:59:06.163091" elapsed="0.001688"/>
</if>
<var name="${index}">1</var>
<status status="PASS" start="2024-09-18T12:59:05.593741" elapsed="0.571038"/>
</iter>
<iter>
<kw name="Get WebElement" owner="SeleniumLibrary">
<msg time="2024-09-18T12:59:06.412286" level="INFO">${element} = &lt;selenium.webdriver.remote.webelement.WebElement (session="2bb94987c0587176c025ae3465f8fe41", element="f.DA9F90E436A272064B09BD7CAA338B0C.d.43F9750B418F878ADCE2FA3804DFA202.e.2891")&gt;</msg>
<var>${element}</var>
<arg>//*[@data-testid="inputBoxDiv-ellipsis"]//following::a[${index}]</arg>
<doc>Returns the first WebElement matching the given ``locator``.</doc>
<status status="PASS" start="2024-09-18T12:59:06.167314" elapsed="0.244972"/>
</kw>
<kw name="Get Element Attribute" owner="SeleniumLibrary">
<msg time="2024-09-18T12:59:06.412782" level="WARN">Keyword 'Get Element Attribute' found both from a custom library 'SeleniumLibrary' and a standard library 'XML'. The custom keyword is used. To select explicitly, and to get rid of this warning, use either 'SeleniumLibrary.Get Element Attribute' or 'XML.Get Element Attribute'.</msg>
<msg time="2024-09-18T12:59:06.662169" level="INFO">${text} = Shared</msg>
<var>${text}</var>
<arg>${element}</arg>
<arg>title</arg>
<doc>Returns the value of ``attribute`` from the element ``locator``.</doc>
<status status="PASS" start="2024-09-18T12:59:06.412782" elapsed="0.249387"/>
</kw>
<kw name="Log To Console" owner="BuiltIn">
<arg>${text}</arg>
<doc>Logs the given message to the console.</doc>
<status status="PASS" start="2024-09-18T12:59:06.663457" elapsed="0.002038"/>
</kw>
<if>
<branch type="IF" condition="'${text}' == '${Repository_name}'">
<kw name="Click Element" owner="SeleniumLibrary">
<arg>${element}</arg>
<doc>Click the element identified by ``locator``.</doc>
<status status="NOT RUN" start="2024-09-18T12:59:06.669468" elapsed="0.000000"/>
</kw>
<break>
<status status="NOT RUN" start="2024-09-18T12:59:06.669468" elapsed="0.000000"/>
</break>
<status status="NOT RUN" start="2024-09-18T12:59:06.665991" elapsed="0.004482"/>
</branch>
<status status="PASS" start="2024-09-18T12:59:06.665991" elapsed="0.004482"/>
</if>
<var name="${index}">2</var>
<status status="PASS" start="2024-09-18T12:59:06.166320" elapsed="0.504153"/>
</iter>
<iter>
<kw name="Get WebElement" owner="SeleniumLibrary">
<msg time="2024-09-18T12:59:06.898490" level="INFO">${element} = &lt;selenium.webdriver.remote.webelement.WebElement (session="2bb94987c0587176c025ae3465f8fe41", element="f.DA9F90E436A272064B09BD7CAA338B0C.d.43F9750B418F878ADCE2FA3804DFA202.e.2892")&gt;</msg>
<var>${element}</var>
<arg>//*[@data-testid="inputBoxDiv-ellipsis"]//following::a[${index}]</arg>
<doc>Returns the first WebElement matching the given ``locator``.</doc>
<status status="PASS" start="2024-09-18T12:59:06.672154" elapsed="0.226681"/>
</kw>
<kw name="Get Element Attribute" owner="SeleniumLibrary">
<msg time="2024-09-18T12:59:06.899484" level="WARN">Keyword 'Get Element Attribute' found both from a custom library 'SeleniumLibrary' and a standard library 'XML'. The custom keyword is used. To select explicitly, and to get rid of this warning, use either 'SeleniumLibrary.Get Element Attribute' or 'XML.Get Element Attribute'.</msg>
<msg time="2024-09-18T12:59:07.119204" level="INFO">${text} = GAMING</msg>
<var>${text}</var>
<arg>${element}</arg>
<arg>title</arg>
<doc>Returns the value of ``attribute`` from the element ``locator``.</doc>
<status status="PASS" start="2024-09-18T12:59:06.899484" elapsed="0.219720"/>
</kw>
<kw name="Log To Console" owner="BuiltIn">
<arg>${text}</arg>
<doc>Logs the given message to the console.</doc>
<status status="PASS" start="2024-09-18T12:59:07.119701" elapsed="0.003877"/>
</kw>
<if>
<branch type="IF" condition="'${text}' == '${Repository_name}'">
<kw name="Click Element" owner="SeleniumLibrary">
<arg>${element}</arg>
<doc>Click the element identified by ``locator``.</doc>
<status status="NOT RUN" start="2024-09-18T12:59:07.125050" elapsed="0.000497"/>
</kw>
<break>
<status status="NOT RUN" start="2024-09-18T12:59:07.125547" elapsed="0.001196"/>
</break>
<status status="NOT RUN" start="2024-09-18T12:59:07.124074" elapsed="0.003167"/>
</branch>
<status status="PASS" start="2024-09-18T12:59:07.124074" elapsed="0.003167"/>
</if>
<var name="${index}">3</var>
<status status="PASS" start="2024-09-18T12:59:06.670473" elapsed="0.456768"/>
</iter>
<iter>
<kw name="Get WebElement" owner="SeleniumLibrary">
<msg time="2024-09-18T12:59:07.924788" level="INFO">${element} = &lt;selenium.webdriver.remote.webelement.WebElement (session="2bb94987c0587176c025ae3465f8fe41", element="f.DA9F90E436A272064B09BD7CAA338B0C.d.43F9750B418F878ADCE2FA3804DFA202.e.2893")&gt;</msg>
<var>${element}</var>
<arg>//*[@data-testid="inputBoxDiv-ellipsis"]//following::a[${index}]</arg>
<doc>Returns the first WebElement matching the given ``locator``.</doc>
<status status="PASS" start="2024-09-18T12:59:07.128417" elapsed="0.796868"/>
</kw>
<kw name="Get Element Attribute" owner="SeleniumLibrary">
<msg time="2024-09-18T12:59:07.925285" level="WARN">Keyword 'Get Element Attribute' found both from a custom library 'SeleniumLibrary' and a standard library 'XML'. The custom keyword is used. To select explicitly, and to get rid of this warning, use either 'SeleniumLibrary.Get Element Attribute' or 'XML.Get Element Attribute'.</msg>
<msg time="2024-09-18T12:59:08.418257" level="INFO">${text} = ITSD</msg>
<var>${text}</var>
<arg>${element}</arg>
<arg>title</arg>
<doc>Returns the value of ``attribute`` from the element ``locator``.</doc>
<status status="PASS" start="2024-09-18T12:59:07.925782" elapsed="0.492475"/>
</kw>
<kw name="Log To Console" owner="BuiltIn">
<arg>${text}</arg>
<doc>Logs the given message to the console.</doc>
<status status="PASS" start="2024-09-18T12:59:08.418753" elapsed="0.002688"/>
</kw>
<if>
<branch type="IF" condition="'${text}' == '${Repository_name}'">
<kw name="Click Element" owner="SeleniumLibrary">
<arg>${element}</arg>
<doc>Click the element identified by ``locator``.</doc>
<status status="NOT RUN" start="2024-09-18T12:59:08.424538" elapsed="0.000497"/>
</kw>
<break>
<status status="NOT RUN" start="2024-09-18T12:59:08.425035" elapsed="0.000000"/>
</break>
<status status="NOT RUN" start="2024-09-18T12:59:08.422459" elapsed="0.003073"/>
</branch>
<status status="PASS" start="2024-09-18T12:59:08.422459" elapsed="0.003073"/>
</if>
<var name="${index}">4</var>
<status status="PASS" start="2024-09-18T12:59:07.127920" elapsed="1.297612"/>
</iter>
<iter>
<kw name="Get WebElement" owner="SeleniumLibrary">
<msg time="2024-09-18T12:59:08.662900" level="INFO">${element} = &lt;selenium.webdriver.remote.webelement.WebElement (session="2bb94987c0587176c025ae3465f8fe41", element="f.DA9F90E436A272064B09BD7CAA338B0C.d.43F9750B418F878ADCE2FA3804DFA202.e.2894")&gt;</msg>
<var>${element}</var>
<arg>//*[@data-testid="inputBoxDiv-ellipsis"]//following::a[${index}]</arg>
<doc>Returns the first WebElement matching the given ``locator``.</doc>
<status status="PASS" start="2024-09-18T12:59:08.426525" elapsed="0.236837"/>
</kw>
<kw name="Get Element Attribute" owner="SeleniumLibrary">
<msg time="2024-09-18T12:59:08.663480" level="WARN">Keyword 'Get Element Attribute' found both from a custom library 'SeleniumLibrary' and a standard library 'XML'. The custom keyword is used. To select explicitly, and to get rid of this warning, use either 'SeleniumLibrary.Get Element Attribute' or 'XML.Get Element Attribute'.</msg>
<msg time="2024-09-18T12:59:08.907088" level="INFO">${text} = MISC.</msg>
<var>${text}</var>
<arg>${element}</arg>
<arg>title</arg>
<doc>Returns the value of ``attribute`` from the element ``locator``.</doc>
<status status="PASS" start="2024-09-18T12:59:08.663978" elapsed="0.243110"/>
</kw>
<kw name="Log To Console" owner="BuiltIn">
<arg>${text}</arg>
<doc>Logs the given message to the console.</doc>
<status status="PASS" start="2024-09-18T12:59:08.907746" elapsed="0.004001"/>
</kw>
<if>
<branch type="IF" condition="'${text}' == '${Repository_name}'">
<kw name="Click Element" owner="SeleniumLibrary">
<arg>${element}</arg>
<doc>Click the element identified by ``locator``.</doc>
<status status="NOT RUN" start="2024-09-18T12:59:08.914243" elapsed="0.000000"/>
</kw>
<break>
<status status="NOT RUN" start="2024-09-18T12:59:08.914740" elapsed="0.000351"/>
</break>
<status status="NOT RUN" start="2024-09-18T12:59:08.912726" elapsed="0.002365"/>
</branch>
<status status="PASS" start="2024-09-18T12:59:08.912726" elapsed="0.002365"/>
</if>
<var name="${index}">5</var>
<status status="PASS" start="2024-09-18T12:59:08.426029" elapsed="0.489062"/>
</iter>
<iter>
<kw name="Get WebElement" owner="SeleniumLibrary">
<msg time="2024-09-18T12:59:09.174525" level="INFO">${element} = &lt;selenium.webdriver.remote.webelement.WebElement (session="2bb94987c0587176c025ae3465f8fe41", element="f.DA9F90E436A272064B09BD7CAA338B0C.d.43F9750B418F878ADCE2FA3804DFA202.e.2895")&gt;</msg>
<var>${element}</var>
<arg>//*[@data-testid="inputBoxDiv-ellipsis"]//following::a[${index}]</arg>
<doc>Returns the first WebElement matching the given ``locator``.</doc>
<status status="PASS" start="2024-09-18T12:59:08.916076" elapsed="0.258449"/>
</kw>
<kw name="Get Element Attribute" owner="SeleniumLibrary">
<msg time="2024-09-18T12:59:09.175022" level="WARN">Keyword 'Get Element Attribute' found both from a custom library 'SeleniumLibrary' and a standard library 'XML'. The custom keyword is used. To select explicitly, and to get rid of this warning, use either 'SeleniumLibrary.Get Element Attribute' or 'XML.Get Element Attribute'.</msg>
<msg time="2024-09-18T12:59:09.424908" level="INFO">${text} = FLOW</msg>
<var>${text}</var>
<arg>${element}</arg>
<arg>title</arg>
<doc>Returns the value of ``attribute`` from the element ``locator``.</doc>
<status status="PASS" start="2024-09-18T12:59:09.175022" elapsed="0.249886"/>
</kw>
<kw name="Log To Console" owner="BuiltIn">
<arg>${text}</arg>
<doc>Logs the given message to the console.</doc>
<status status="PASS" start="2024-09-18T12:59:09.425528" elapsed="0.000993"/>
</kw>
<if>
<branch type="IF" condition="'${text}' == '${Repository_name}'">
<kw name="Click Element" owner="SeleniumLibrary">
<msg time="2024-09-18T12:59:09.428613" level="INFO">Clicking element '&lt;selenium.webdriver.remote.webelement.WebElement (session="2bb94987c0587176c025ae3465f8fe41", element="f.DA9F90E436A272064B09BD7CAA338B0C.d.43F9750B418F878ADCE2FA3804DFA202.e.2895")&gt;'.</msg>
<arg>${element}</arg>
<doc>Click the element identified by ``locator``.</doc>
<status status="PASS" start="2024-09-18T12:59:09.428380" elapsed="0.627956"/>
</kw>
<break>
<status status="PASS" start="2024-09-18T12:59:10.056651" elapsed="0.000182"/>
</break>
<status status="PASS" start="2024-09-18T12:59:09.427381" elapsed="0.629950"/>
</branch>
<status status="PASS" start="2024-09-18T12:59:09.427018" elapsed="0.630313"/>
</if>
<var name="${index}">6</var>
<status status="PASS" start="2024-09-18T12:59:08.915580" elapsed="1.141751"/>
</iter>
<var>${index}</var>
<value>1</value>
<value>${element count}</value>
<status status="PASS" start="2024-09-18T12:59:05.591258" elapsed="4.466073"/>
</for>
<arg>${Repository_name}</arg>
<status status="PASS" start="2024-09-18T12:59:05.113826" elapsed="4.947099"/>
</kw>
<kw name="Capture Page Screenshot" owner="SeleniumLibrary">
<msg time="2024-09-18T12:59:11.431233" level="INFO" html="true">&lt;/td&gt;&lt;/tr&gt;&lt;tr&gt;&lt;td colspan="3"&gt;&lt;a href="1-flow-selected-ddown.png"&gt;&lt;img src="1-flow-selected-ddown.png" width="800px"&gt;&lt;/a&gt;</msg>
<arg>flow-selected-ddown.png</arg>
<doc>Takes a screenshot of the current page and embeds it into a log file.</doc>
<status status="PASS" start="2024-09-18T12:59:10.061422" elapsed="1.370308"/>
</kw>
<kw name="Closing_The_Browser" owner="BaseClass_Keyword" type="TEARDOWN">
<kw name="Run Keyword If Test Failed" owner="BuiltIn">
<arg>Capture Page Screenshot</arg>
<arg>Faild_screenshot.png</arg>
<doc>Runs the given keyword with the given arguments, if the test failed.</doc>
<status status="PASS" start="2024-09-18T12:59:11.432254" elapsed="0.000826"/>
</kw>
<kw name="Close Browser" owner="SeleniumLibrary">
[...]
<status status="PASS" start="2024-09-18T12:58:39.073279" elapsed="2.858558"/>
</kw>
<status status="PASS" start="2024-09-18T12:58:38.830029" elapsed="3.101808"/>
</kw>
<kw name="Verify_Report_And_Analytics_Message_OnLoginpage" owner="LoginPage_Keyword">
<kw name="Set Selenium Timeout" owner="SeleniumLibrary">
<arg>3seconds</arg>
<doc>Sets the timeout that is used by various keywords.</doc>
<status status="PASS" start="2024-09-18T12:58:41.934321" elapsed="0.203510"/>
</kw>
<kw name="Wait Until Page Contains Element" owner="SeleniumLibrary">
<arg>${txt_reportandanalyticslogo}</arg>
<doc>Waits until the element ``locator`` appears on the current page.</doc>
<status status="PASS" start="2024-09-18T12:58:42.138327" elapsed="0.948351"/>
</kw>
<kw name="Page Should Contain" owner="SeleniumLibrary">
<msg time="2024-09-18T12:58:43.598212" level="INFO">Current page contains text 'Analytics &amp; Reports'.</msg>
<arg>${analytics&amp;ReportPage_validation_text}</arg>
<doc>Verifies that current page contains ``text``.</doc>
<status status="PASS" start="2024-09-18T12:58:43.087173" elapsed="0.511039"/>
</kw>
<kw name="Capture Element Screenshot" owner="SeleniumLibrary">
<msg time="2024-09-18T12:58:44.305515" level="INFO" html="true">&lt;/td&gt;&lt;/tr&gt;&lt;tr&gt;&lt;td colspan="3"&gt;&lt;a href="7-AnalyticsandReporttextscreenshot.png"&gt;&lt;img src="7-AnalyticsandReporttextscreenshot.png" width="400px"&gt;&lt;/a&gt;</msg>
<arg>${txt_reportandanalyticslogo}</arg>
<arg>AnalyticsandReporttextscreenshot.png</arg>
<doc>Captures a screenshot from the element identified by ``locator`` and embeds it into log file.</doc>
<status status="PASS" start="2024-09-18T12:58:43.599191" elapsed="0.706324"/>
</kw>
<kw name="Capture Page Screenshot" owner="SeleniumLibrary">
<msg time="2024-09-18T12:58:44.706519" level="INFO" html="true">&lt;/td&gt;&lt;/tr&gt;&lt;tr&gt;&lt;td colspan="3"&gt;&lt;a href="7-AnalyticsandReportpagescreenshot.png"&gt;&lt;img src="7-AnalyticsandReportpagescreenshot.png" width="800px"&gt;&lt;/a&gt;</msg>
<arg>AnalyticsandReportpagescreenshot.png</arg>
<doc>Takes a screenshot of the current page and embeds it into a log file.</doc>
<status status="PASS" start="2024-09-18T12:58:44.306011" elapsed="0.401004"/>
</kw>
<arg>${analytics&amp;ReportPage_validation_text}</arg>
<status status="PASS" start="2024-09-18T12:58:41.932435" elapsed="2.774580"/>
</kw>
<arg>${username}</arg>
<arg>${domain_name}</arg>
<arg>${password}</arg>
<arg>${analytics&amp;ReportPage_validation_text}</arg>
<doc>This  keyword is  for  login to virtual assistant webapp</doc>
<status status="PASS" start="2024-09-18T12:58:17.629954" elapsed="27.077558"/>
</kw>
<kw name="Click_On_Central_Repository_Icon" owner="CentralRepositoryPage_Keyword">
<kw name="Wait Until Page Contains Element" owner="SeleniumLibrary">
<arg>${Central_Repository}</arg>
<doc>Waits until the element ``locator`` appears on the current page.</doc>
<status status="PASS" start="2024-09-18T12:58:44.709890" elapsed="0.386632"/>
</kw>
<kw name="checking_element_displayed_status-and_click_on_Icon" owner="Common_Functions">
<kw name="Element Should Be Visible" owner="SeleniumLibrary">
<msg time="2024-09-18T12:58:45.629363" level="INFO">Element 'xpath://*[@data-tip='Central Repository']' is displayed.</msg>
<arg>${Web-element}</arg>
<doc>Verifies that the element identified by ``locator`` is visible.</doc>
<status status="PASS" start="2024-09-18T12:58:45.098509" elapsed="0.533918"/>
</kw>
<kw name="Click Element" owner="SeleniumLibrary">
<msg time="2024-09-18T12:58:45.638136" level="INFO">Clicking element 'xpath://*[@data-tip='Central Repository']'.</msg>
<arg>${Web-element}</arg>
<doc>Click the element identified by ``locator``.</doc>
<status status="PASS" start="2024-09-18T12:58:45.636538" elapsed="1.473326"/>
</kw>
<arg>${Central_Repository}</arg>
<status status="PASS" start="2024-09-18T12:58:45.097019" elapsed="2.013138"/>
</kw>
<status status="PASS" start="2024-09-18T12:58:44.708345" elapsed="2.401812"/>
</kw>
<kw name="Click_On_Qa_Repository_Button" owner="CentralRepositoryPage_Keyword">
<kw name="Wait Until Page Contains Element" owner="SeleniumLibrary">
<arg>${Qa_Repostory_button}</arg>
<doc>Waits until the element ``locator`` appears on the current page.</doc>
<status status="PASS" start="2024-09-18T12:58:47.112640" elapsed="1.263144"/>
</kw>
<kw name="checking_link_displayed_status-and_click_on_Link" owner="Common_Functions">
<kw name="Element Should Be Visible" owner="SeleniumLibrary">
<msg time="2024-09-18T12:58:48.990818" level="INFO">Element 'xpath://*[@title='QA']' is displayed.</msg>
<arg>${Webelement}</arg>
<doc>Verifies that the element identified by ``locator`` is visible.</doc>
<status status="PASS" start="2024-09-18T12:58:48.377457" elapsed="0.613361"/>
</kw>
<kw name="Click Link" owner="SeleniumLibrary">
<msg time="2024-09-18T12:58:48.993352" level="INFO">Clicking link 'xpath://*[@title='QA']'.</msg>
<arg>${Webelement}</arg>
<doc>Clicks a link identified by ``locator``.</doc>
<status status="PASS" start="2024-09-18T12:58:48.992358" elapsed="2.321699"/>
</kw>
<arg>${Qa_Repostory_button}</arg>
<status status="PASS" start="2024-09-18T12:58:48.376220" elapsed="2.938834"/>
</kw>
<status status="PASS" start="2024-09-18T12:58:47.111647" elapsed="4.213374"/>
</kw>
<kw name="Validate_Qa/Flow_Central_Repository_Page" owner="CentralRepositoryPage_Keyword">
<kw name="Set Selenium Timeout" owner="SeleniumLibrary">
<arg>3seconds</arg>
<doc>Sets the timeout that is used by various keywords.</doc>
<status status="PASS" start="2024-09-18T12:58:51.328011" elapsed="0.245163"/>
</kw>
<kw name="Wait Until Page Contains Element" owner="SeleniumLibrary">
<arg>${Central_Repository_page_title}</arg>
<doc>Waits until the element ``locator`` appears on the current page.</doc>
<status status="PASS" start="2024-09-18T12:58:51.574171" elapsed="1.587304"/>
</kw>
<kw name="Get Element Attribute" owner="SeleniumLibrary">
<msg time="2024-09-18T12:58:53.161475" level="WARN">Keyword 'Get Element Attribute' found both from a custom library 'SeleniumLibrary' and a standard library 'XML'. The custom keyword is used. To select explicitly, and to get rid of this warning, use either 'SeleniumLibrary.Get Element Attribute' or 'XML.Get Element Attribute'.</msg>
<msg time="2024-09-18T12:58:54.530350" level="INFO">${page_title} = QA</msg>
<var>${page_title}</var>
<arg>xpath://*[@data-testid="inputBoxDiv-ellipsis"]//*[@title="${Page_title_validation}"]</arg>
<arg>title</arg>
<doc>Returns the value of ``attribute`` from the element ``locator``.</doc>
<status status="PASS" start="2024-09-18T12:58:53.161989" elapsed="1.368854"/>
</kw>
<kw name="Should Be Equal" owner="BuiltIn">
<arg>${page_title}</arg>
<arg>${Page_title_validation}</arg>
<doc>Fails if the given objects are unequal.</doc>
<status status="PASS" start="2024-09-18T12:58:54.530870" elapsed="0.000994"/>
</kw>
<arg>${QaRepositoryPage_title_validation}</arg>
<status status="PASS" start="2024-09-18T12:58:51.326018" elapsed="3.205846"/>
</kw>
<kw name="Capture Page Screenshot" owner="SeleniumLibrary">
<msg time="2024-09-18T12:58:55.004708" level="INFO" html="true">&lt;/td&gt;&lt;/tr&gt;&lt;tr&gt;&lt;td colspan="3"&gt;&lt;a href="7-qarepo.png"&gt;&lt;img src="7-qarepo.png" width="800px"&gt;&lt;/a&gt;</msg>
<arg>qarepo.png</arg>
<doc>Takes a screenshot of the current page and embeds it into a log file.</doc>
<status status="PASS" start="2024-09-18T12:58:54.532381" elapsed="0.472327"/>
</kw>
<kw name="Go Back" owner="SeleniumLibrary">
<doc>Simulates the user clicking the back button on their browser.</doc>
<status status="PASS" start="2024-09-18T12:58:55.005205" elapsed="0.321713"/>
</kw>
<kw name="Click_On_Central_Repository_Icon" owner="CentralRepositoryPage_Keyword">
<kw name="Wait Until Page Contains Element" owner="SeleniumLibrary">
<arg>${Central_Repository}</arg>
<doc>Waits until the element ``locator`` appears on the current page.</doc>
<status status="PASS" start="2024-09-18T12:58:55.329954" elapsed="0.257047"/>
</kw>
<kw name="checking_element_displayed_status-and_click_on_Icon" owner="Common_Functions">
<kw name="Element Should Be Visible" owner="SeleniumLibrary">
<msg time="2024-09-18T12:58:56.712484" level="INFO">Element 'xpath://*[@data-tip='Central Repository']' is displayed.</msg>
<arg>${Web-element}</arg>
<doc>Verifies that the element identified by ``locator`` is visible.</doc>
<status status="PASS" start="2024-09-18T12:58:55.589365" elapsed="1.123119"/>
</kw>
<kw name="Click Element" owner="SeleniumLibrary">
<msg time="2024-09-18T12:58:56.713478" level="INFO">Clicking element 'xpath://*[@data-tip='Central Repository']'.</msg>
<arg>${Web-element}</arg>
<doc>Click the element identified by ``locator``.</doc>
<status status="PASS" start="2024-09-18T12:58:56.712981" elapsed="1.217299"/>
</kw>
<arg>${Central_Repository}</arg>
<status status="PASS" start="2024-09-18T12:58:55.587866" elapsed="2.342910"/>
</kw>
<status status="PASS" start="2024-09-18T12:58:55.328407" elapsed="2.602866"/>
</kw>
<kw name="Click_On_Flow_Repository_Button" owner="CentralRepositoryPage_Keyword">
<kw name="Wait Until Page Contains Element" owner="SeleniumLibrary">
<arg>${Flow_Repostory_button}</arg>
<doc>Waits until the element ``locator`` appears on the current page.</doc>
<status status="PASS" start="2024-09-18T12:58:57.937180" elapsed="0.240623"/>
</kw>
<kw name="checking_link_displayed_status-and_click_on_Link" owner="Common_Functions">
<kw name="Element Should Be Visible" owner="SeleniumLibrary">
<msg time="2024-09-18T12:58:58.646150" level="INFO">Element 'xpath://*[@title='FLOW']' is displayed.</msg>
<arg>${Webelement}</arg>
<doc>Verifies that the element identified by ``locator`` is visible.</doc>
<status status="PASS" start="2024-09-18T12:58:58.178800" elapsed="0.467350"/>
</kw>
<kw name="Click Link" owner="SeleniumLibrary">
<msg time="2024-09-18T12:58:58.647641" level="INFO">Clicking link 'xpath://*[@title='FLOW']'.</msg>
<arg>${Webelement}</arg>
<doc>Clicks a link identified by ``locator``.</doc>
<status status="PASS" start="2024-09-18T12:58:58.646647" elapsed="1.015997"/>
</kw>
<arg>${Flow_Repostory_button}</arg>
<status status="PASS" start="2024-09-18T12:58:58.177803" elapsed="1.484841"/>
</kw>
<status status="PASS" start="2024-09-18T12:58:57.931770" elapsed="1.731428"/>
</kw>
<kw name="Validate_Qa/Flow_Central_Repository_Page" owner="CentralRepositoryPage_Keyword">
<kw name="Set Selenium Timeout" owner="SeleniumLibrary">
<arg>3seconds</arg>
<doc>Sets the timeout that is used by various keywords.</doc>
<status status="PASS" start="2024-09-18T12:58:59.664568" elapsed="0.216509"/>
</kw>
<kw name="Wait Until Page Contains Element" owner="SeleniumLibrary">
<arg>${Central_Repository_page_title}</arg>
<doc>Waits until the element ``locator`` appears on the current page.</doc>
<status status="PASS" start="2024-09-18T12:58:59.881573" elapsed="3.233935"/>
</kw>
<kw name="Get Element Attribute" owner="SeleniumLibrary">
<msg time="2024-09-18T12:59:03.118774" level="WARN">Keyword 'Get Element Attribute' found both from a custom library 'SeleniumLibrary' and a standard library 'XML'. The custom keyword is used. To select explicitly, and to get rid of this warning, use either 'SeleniumLibrary.Get Element Attribute' or 'XML.Get Element Attribute'.</msg>
<msg time="2024-09-18T12:59:04.667549" level="INFO">${page_title} = FLOW</msg>
<var>${page_title}</var>
<arg>xpath://*[@data-testid="inputBoxDiv-ellipsis"]//*[@title="${Page_title_validation}"]</arg>
<arg>title</arg>
<doc>Returns the value of ``attribute`` from the element ``locator``.</doc>
<status status="PASS" start="2024-09-18T12:59:03.119271" elapsed="1.548775"/>
</kw>
<kw name="Should Be Equal" owner="BuiltIn">
<arg>${page_title}</arg>
<arg>${Page_title_validation}</arg>
<doc>Fails if the given objects are unequal.</doc>
<status status="PASS" start="2024-09-18T12:59:04.669039" elapsed="0.001987"/>
</kw>
<arg>${FlowRepositoryPage_title_validation}</arg>
<status status="PASS" start="2024-09-18T12:58:59.663695" elapsed="5.007881"/>
</kw>
<kw name="Capture Page Screenshot" owner="SeleniumLibrary">
<msg time="2024-09-18T12:59:05.249980" level="INFO" html="true">&lt;/td&gt;&lt;/tr&gt;&lt;tr&gt;&lt;td colspan="3"&gt;&lt;a href="7-Flowrepo.png"&gt;&lt;img src="7-Flowrepo.png" width="800px"&gt;&lt;/a&gt;</msg>
<arg>Flowrepo.png</arg>
<doc>Takes a screenshot of the current page and embeds it into a log file.</doc>
<status status="PASS" start="2024-09-18T12:59:04.672517" elapsed="0.577463"/>
</kw>
<kw name="Closing_The_Browser" owner="BaseClass_Keyword" type="TEARDOWN">
<kw name="Run Keyword If Test Failed" owner="BuiltIn">
<arg>Capture Page Screenshot</arg>
<arg>Faild_screenshot.png</arg>
<doc>Runs the given keyword with the given arguments, if the test failed.</doc>
<status status="PASS" start="2024-09-18T12:59:05.251967" elapsed="0.000497"/>
</kw>
<kw name="Close Browser" owner="SeleniumLibrary">
<doc>Closes the current browser.</doc>
<status status="PASS" start="2024-09-18T12:59:05.253475" elapsed="5.182187"/>
</kw>
<doc>This keyword for closing the current browser</doc>
<status status="PASS" start="2024-09-18T12:59:05.250974" elapsed="5.184688"/>
</kw>
<doc>This is CR testcase for Selecting Qa/Flow Repository</doc>
<status status="PASS" start="2024-09-18T12:57:48.484953" elapsed="81.950709"/>
</test>
<status status="PASS" start="2024-09-18T12:57:47.828903" elapsed="82.608746"/>
</suite>
<doc>[https://pabot.org/?ref=log|Pabot] result from 8 executions.</doc>
<status status="FAIL" start="2024-09-18T12:57:47.473000" elapsed="93.474022"/>
</suite>
<statistics>
<total>
<stat pass="4" fail="4" skip="0">All Tests</stat>
</total>
<tag>
<stat pass="1" fail="1" skip="0">functionaltestcase</stat>
<stat pass="0" fail="1" skip="0">Regerssion Testing</stat>
<stat pass="1" fail="1" skip="0">Regression Testing</stat>
</tag>
<suite>
<stat pass="4" fail="4" skip="0" id="s1" name="Suites">Suites</stat>
<stat pass="0" fail="1" skip="0" id="s1-s1" name="Test Verify User Adds AnswerCard Inside Intent To Qa CentralRepo And Validate Sucess Message">Suites.Test Verify User Adds AnswerCard Inside Intent To Qa CentralRepo And Validate Sucess Message</stat>
<stat pass="1" fail="0" skip="0" id="s1-s2" name="Test Verify User ChangeRepository FromDropDown Menu Inside Flow And Qa CentralRepo">Suites.Test Verify User ChangeRepository FromDropDown Menu Inside Flow And Qa CentralRepo</stat>
<stat pass="0" fail="1" skip="0" id="s1-s3" name="Test Verify User Create NewTemplateFolder Rename And Delete To Flow And Qa CentralRepo And Validate Sucess Message">Suites.Test Verify User Create NewTemplateFolder Rename And Delete To Flow And Qa CentralRepo And Validate Sucess Message</stat>
<stat pass="0" fail="1" skip="0" id="s1-s4" name="Test Verify User CreateNewIntent To FLOW CentralRepo And Validate Success Message">Suites.Test Verify User CreateNewIntent To FLOW CentralRepo And Validate Success Message</stat>
<stat pass="1" fail="0" skip="0" id="s1-s5" name="Test Verify User CreateNewIntent To Qa CentralRepo And Validate Sucess Message">Suites.Test Verify User CreateNewIntent To Qa CentralRepo And Validate Sucess Message</stat>
<stat pass="1" fail="0" skip="0" id="s1-s6" name="Test Verify User Edit and Delete the ExistingIntent UnderAction For Flow CentralRepo And Validate Success Message">Suites.Test Verify User Edit and Delete the ExistingIntent UnderAction For Flow CentralRepo And Validate Success Message</stat>
<stat pass="0" fail="1" skip="0" id="s1-s7" name="Test Verify User Edit and Delete the ExistingIntent UnderAction For QA CentralRepo And Validate Sucess Message">Suites.Test Verify User Edit and Delete the ExistingIntent UnderAction For QA CentralRepo And Validate Sucess Message</stat>
<stat pass="1" fail="0" skip="0" id="s1-s8" name="Test Verify User Navigates To Flow And Qa CentralRepo">Suites.Test Verify User Navigates To Flow And Qa CentralRepo</stat>
</suite>
</statistics>
<errors>
<msg time="2024-09-18T12:59:00.376652" level="WARN">Keyword 'Get Element Attribute' found both from a custom library 'SeleniumLibrary' and a standard library 'XML'. The custom keyword is used. To select explicitly, and to get rid of this warning, use either 'SeleniumLibrary.Get Element Attribute' or 'XML.Get Element Attribute'.</msg>
<msg time="2024-09-18T12:59:05.325649" level="WARN">Keyword 'Get Element Count' found both from a custom library 'SeleniumLibrary' and a standard library 'XML'. The custom keyword is used. To select explicitly, and to get rid of this warning, use either 'SeleniumLibrary.Get Element Count' or 'XML.Get Element Count'.</msg>
<msg time="2024-09-18T12:59:05.863098" level="WARN">Keyword 'Get Element Attribute' found both from a custom library 'SeleniumLibrary' and a standard library 'XML'. The custom keyword is used. To select explicitly, and to get rid of this warning, use either 'SeleniumLibrary.Get Element Attribute' or 'XML.Get Element Attribute'.</msg>
<msg time="2024-09-18T12:59:06.412782" level="WARN">Keyword 'Get Element Attribute' found both from a custom library 'SeleniumLibrary' and a standard library 'XML'. The custom keyword is used. To select explicitly, and to get rid of this warning, use either 'SeleniumLibrary.Get Element Attribute' or 'XML.Get Element Attribute'.</msg>
<msg time="2024-09-18T12:59:06.899484" level="WARN">Keyword 'Get Element Attribute' found both from a custom library 'SeleniumLibrary' and a standard library 'XML'. The custom keyword is used. To select explicitly, and to get rid of this warning, use either 'SeleniumLibrary.Get Element Attribute' or 'XML.Get Element Attribute'.</msg>
<msg time="2024-09-18T12:59:07.925285" level="WARN">Keyword 'Get Element Attribute' found both from a custom library 'SeleniumLibrary' and a standard library 'XML'. The custom keyword is used. To select explicitly, and to get rid of this warning, use either 'SeleniumLibrary.Get Element Attribute' or 'XML.Get Element Attribute'.</msg>
<msg time="2024-09-18T12:59:08.663480" level="WARN">Keyword 'Get Element Attribute' found both from a custom library 'SeleniumLibrary' and a standard library 'XML'. The custom keyword is used. To select explicitly, and to get rid of this warning, use either 'SeleniumLibrary.Get Element Attribute' or 'XML.Get Element Attribute'.</msg>
<msg time="2024-09-18T12:59:09.175022" level="WARN">Keyword 'Get Element Attribute' found both from a custom library 'SeleniumLibrary' and a standard library 'XML'. The custom keyword is used. To select explicitly, and to get rid of this warning, use either 'SeleniumLibrary.Get Element Attribute' or 'XML.Get Element Attribute'.</msg>
<msg time="2024-09-18T12:59:04.612951" level="WARN">Keyword 'Get Element Attribute' found both from a custom library 'SeleniumLibrary' and a standard library 'XML'. The custom keyword is used. To select explicitly, and to get rid of this warning, use either 'SeleniumLibrary.Get Element Attribute' or 'XML.Get Element Attribute'.</msg>
<msg time="2024-09-18T12:59:05.113826" level="WARN">Keyword 'Get Element Attribute' found both from a custom library 'SeleniumLibrary' and a standard library 'XML'. The custom keyword is used. To select explicitly, and to get rid of this warning, use either 'SeleniumLibrary.Get Element Attribute' or 'XML.Get Element Attribute'.</msg>
<msg time="2024-09-18T12:58:53.161475" level="WARN">Keyword 'Get Element Attribute' found both from a custom library 'SeleniumLibrary' and a standard library 'XML'. The custom keyword is used. To select explicitly, and to get rid of this warning, use either 'SeleniumLibrary.Get Element Attribute' or 'XML.Get Element Attribute'.</msg>
<msg time="2024-09-18T12:59:03.118774" level="WARN">Keyword 'Get Element Attribute' found both from a custom library 'SeleniumLibrary' and a standard library 'XML'. The custom keyword is used. To select explicitly, and to get rid of this warning, use either 'SeleniumLibrary.Get Element Attribute' or 'XML.Get Element Attribute'.</msg>
</errors>
</robot>
