<?xml version="1.0" encoding="UTF-8"?>
<robot generator="Rebot 7.0.1 (Python 3.12.3 on win32)" generated="2024-09-16T12:54:36.847883" rpa="false" schemaversion="5">
<suite id="s1" name="Suites">
<suite id="s1-s1" name="Test Verify User Adds AnswerCard Inside Intent To Qa CentralRepo And Validate Sucess Message" source="C:\Users\puchha.pavan\PycharmProjects\Telus_iTIA_Powered_by_Fuel_iX\iTIA_Powered_by_Fuel_iX\itia_testcases\Central_RepositoryPage_TC\Test_Verify_User_Adds_AnswerCard_Inside_Intent_To_Qa_CentralRepo_And_Validate_Sucess_Message.robot">
<test id="s1-s1-t1" name="Verify_User_Adds_AnswerCard_Inside_Intent_To_Qa_CentralRepo_And_Validate_Sucess_Message." line="9">
<kw name="launching_the_browser" owner="BaseClass_Keyword" type="SETUP">
<kw name="Open Browser" owner="SeleniumLibrary">
<msg time="2024-09-16T12:52:47.896896" level="INFO">Opening browser 'chrome' to base url 'https://mqa2.xavlab.xyz/'.</msg>
<arg>${site-url}</arg>
<arg>${browser}</arg>
<doc>Opens a new browser instance to the optional ``url``.</doc>
<status status="PASS" start="2024-09-16T12:52:47.896396" elapsed="32.998984"/>
</kw>
<kw name="Maximize Browser Window" owner="SeleniumLibrary">
<doc>Maximizes current browser window.</doc>
<status status="PASS" start="2024-09-16T12:53:20.895380" elapsed="0.051162"/>
</kw>
<kw name="Set Selenium Implicit Wait" owner="SeleniumLibrary">
<arg>10Seconds</arg>
<doc>Sets the implicit wait value used by Selenium.</doc>
<status status="PASS" start="2024-09-16T12:53:20.947042" elapsed="0.005237"/>
</kw>
<kw name="clear_all_ookies" owner="Common_Functions">
<kw name="Delete All Cookies" owner="SeleniumLibrary">
<doc>Deletes all cookies.</doc>
<status status="PASS" start="2024-09-16T12:53:20.953817" elapsed="0.018768"/>
</kw>
<doc>Clear all cookies</doc>
<status status="PASS" start="2024-09-16T12:53:20.952651" elapsed="0.019934"/>
</kw>
<kw name="Set Selenium Speed" owner="SeleniumLibrary">
<arg>0.1</arg>
<doc>Sets the delay that is waited after each Selenium command.</doc>
<status status="PASS" start="2024-09-16T12:53:20.973085" elapsed="0.000502"/>
</kw>
<doc>This keyword for launching the browser</doc>
<status status="PASS" start="2024-09-16T12:52:47.894446" elapsed="33.079141"/>
</kw>
<kw name="Verify_Login_With_Valid_Credentials" owner="Common_Functions">
<kw name="input_username_onloginpage" owner="LoginPage_Keyword">
<kw name="Sleep" owner="BuiltIn">
<msg time="2024-09-16T12:53:22.978646" level="INFO">Slept 2 seconds.</msg>
<arg>2</arg>
<doc>Pauses the test executed for the given time.</doc>
<status status="PASS" start="2024-09-16T12:53:20.977321" elapsed="2.001325"/>
</kw>
<kw name="checking_textBox_displayed_status-and_input_value_in _textbox" owner="Common_Functions">
<kw name="Element Should Be Visible" owner="SeleniumLibrary">
<msg time="2024-09-16T12:53:23.219862" level="INFO">Element 'name:username' is displayed.</msg>
<arg>${Webelement}</arg>
<doc>Verifies that the element identified by ``locator`` is visible.</doc>
<status status="PASS" start="2024-09-16T12:53:22.979646" elapsed="0.240715"/>
</kw>
<kw name="Element Should Be Enabled" owner="SeleniumLibrary">
<arg>${Webelement}</arg>
<doc>Verifies that element identified by ``locator`` is enabled.</doc>
<status status="PASS" start="2024-09-16T12:53:23.220861" elapsed="0.342695"/>
</kw>
<kw name="Clear Element Text" owner="SeleniumLibrary">
<arg>${Webelement}</arg>
<doc>Clears the value of the text-input-element identified by ``locator``.</doc>
<status status="PASS" start="2024-09-16T12:53:23.565469" elapsed="0.279909"/>
</kw>
<kw name="Input Text" owner="SeleniumLibrary">
<msg time="2024-09-16T12:53:23.846380" level="INFO">Typing text 'puchha.pavan@telusinternational.com' into text field 'name:username'.</msg>
<arg>${Webelement}</arg>
<arg>${input_text_value}</arg>
<doc>Types the given ``text`` into the text field identified by ``locator``.</doc>
<status status="PASS" start="2024-09-16T12:53:23.845378" elapsed="0.498488"/>
</kw>
<arg>${txt_loginpageusername}</arg>
<arg>${username}</arg>
<status status="PASS" start="2024-09-16T12:53:22.978646" elapsed="1.365220"/>
</kw>
<arg>${username}</arg>
<status status="PASS" start="2024-09-16T12:53:20.975274" elapsed="3.369091"/>
</kw>
<kw name="click_login_button_onloginpage" owner="LoginPage_Keyword">
<kw name="Wait Until Page Contains Element" owner="SeleniumLibrary">
<arg>${txt_clickloginbutton}</arg>
<doc>Waits until the element ``locator`` appears on the current page.</doc>
<status status="PASS" start="2024-09-16T12:53:24.345542" elapsed="0.127108"/>
</kw>
<kw name="checking_button_displayed_status-and_click_on_button" owner="Common_Functions">
<kw name="Element Should Be Visible" owner="SeleniumLibrary">
<msg time="2024-09-16T12:53:24.700767" level="INFO">Element 'xpath://*[text()='Login']' is displayed.</msg>
<arg>${Webelement}</arg>
<doc>Verifies that the element identified by ``locator`` is visible.</doc>
<status status="PASS" start="2024-09-16T12:53:24.474170" elapsed="0.226597"/>
</kw>
<kw name="Click Button" owner="SeleniumLibrary">
<msg time="2024-09-16T12:53:24.701796" level="INFO">Clicking button 'xpath://*[text()='Login']'.</msg>
<arg>${Webelement}</arg>
<doc>Clicks the button identified by ``locator``.</doc>
<status status="PASS" start="2024-09-16T12:53:24.700767" elapsed="0.823517"/>
</kw>
<arg>${txt_clickloginbutton}</arg>
<status status="PASS" start="2024-09-16T12:53:24.473150" elapsed="1.051134"/>
</kw>
<status status="PASS" start="2024-09-16T12:53:24.344365" elapsed="1.179919"/>
</kw>
<kw name="input_domain-name_onloginpage" owner="LoginPage_Keyword">
<kw name="Wait Until Page Contains Element" owner="SeleniumLibrary">
<arg>${txt_loginpagedomain}</arg>
<doc>Waits until the element ``locator`` appears on the current page.</doc>
<status status="PASS" start="2024-09-16T12:53:25.525787" elapsed="0.468308"/>
</kw>
<kw name="checking_textBox_displayed_status-and_input_value_in _textbox" owner="Common_Functions">
<kw name="Element Should Be Visible" owner="SeleniumLibrary">
<msg time="2024-09-16T12:53:26.224396" level="INFO">Element 'xpath://*[@placeholder='Enter domain']' is displayed.</msg>
<arg>${Webelement}</arg>
<doc>Verifies that the element identified by ``locator`` is visible.</doc>
<status status="PASS" start="2024-09-16T12:53:25.995593" elapsed="0.228803"/>
</kw>
<kw name="Element Should Be Enabled" owner="SeleniumLibrary">
<arg>${Webelement}</arg>
<doc>Verifies that element identified by ``locator`` is enabled.</doc>
<status status="PASS" start="2024-09-16T12:53:26.224896" elapsed="0.354796"/>
</kw>
<kw name="Clear Element Text" owner="SeleniumLibrary">
<arg>${Webelement}</arg>
<doc>Clears the value of the text-input-element identified by ``locator``.</doc>
<status status="PASS" start="2024-09-16T12:53:26.579692" elapsed="0.318666"/>
</kw>
<kw name="Input Text" owner="SeleniumLibrary">
<msg time="2024-09-16T12:53:26.899115" level="INFO">Typing text 'xd' into text field 'xpath://*[@placeholder='Enter domain']'.</msg>
<arg>${Webelement}</arg>
<arg>${input_text_value}</arg>
<doc>Types the given ``text`` into the text field identified by ``locator``.</doc>
<status status="PASS" start="2024-09-16T12:53:26.899115" elapsed="0.421396"/>
</kw>
<arg>${txt_loginpagedomain}</arg>
<arg>${domain_name}</arg>
<status status="PASS" start="2024-09-16T12:53:25.994594" elapsed="1.326417"/>
</kw>
<arg>${domain_name}</arg>
<status status="PASS" start="2024-09-16T12:53:25.524784" elapsed="1.796727"/>
</kw>
<kw name="click_login_button_onloginpage" owner="LoginPage_Keyword">
<kw name="Wait Until Page Contains Element" owner="SeleniumLibrary">
<arg>${txt_clickloginbutton}</arg>
<doc>Waits until the element ``locator`` appears on the current page.</doc>
<status status="PASS" start="2024-09-16T12:53:27.323512" elapsed="0.121298"/>
</kw>
<kw name="checking_button_displayed_status-and_click_on_button" owner="Common_Functions">
<kw name="Element Should Be Visible" owner="SeleniumLibrary">
<msg time="2024-09-16T12:53:27.672121" level="INFO">Element 'xpath://*[text()='Login']' is displayed.</msg>
<arg>${Webelement}</arg>
<doc>Verifies that the element identified by ``locator`` is visible.</doc>
<status status="PASS" start="2024-09-16T12:53:27.445809" elapsed="0.226312"/>
</kw>
<kw name="Click Button" owner="SeleniumLibrary">
<msg time="2024-09-16T12:53:27.673399" level="INFO">Clicking button 'xpath://*[text()='Login']'.</msg>
<arg>${Webelement}</arg>
<doc>Clicks the button identified by ``locator``.</doc>
<status status="PASS" start="2024-09-16T12:53:27.672901" elapsed="0.842857"/>
</kw>
<arg>${txt_clickloginbutton}</arg>
<status status="PASS" start="2024-09-16T12:53:27.444810" elapsed="1.071583"/>
</kw>
<status status="PASS" start="2024-09-16T12:53:27.322513" elapsed="1.193880"/>
</kw>
<kw name="input_password_onloginpage" owner="LoginPage_Keyword">
<kw name="checking_textBox_displayed_status-and_input_value_in _textbox" owner="Common_Functions">
<kw name="Element Should Be Visible" owner="SeleniumLibrary">
<msg time="2024-09-16T12:53:28.770615" level="INFO">Element 'xpath://*[@placeholder='Enter password']' is displayed.</msg>
<arg>${Webelement}</arg>
<doc>Verifies that the element identified by ``locator`` is visible.</doc>
<status status="PASS" start="2024-09-16T12:53:28.519454" elapsed="0.253621"/>
</kw>
<kw name="Element Should Be Enabled" owner="SeleniumLibrary">
<arg>${Webelement}</arg>
<doc>Verifies that element identified by ``locator`` is enabled.</doc>
<status status="PASS" start="2024-09-16T12:53:28.774126" elapsed="0.359994"/>
</kw>
<kw name="Clear Element Text" owner="SeleniumLibrary">
<arg>${Webelement}</arg>
<doc>Clears the value of the text-input-element identified by ``locator``.</doc>
<status status="PASS" start="2024-09-16T12:53:29.134120" elapsed="0.251983"/>
</kw>
<kw name="Input Text" owner="SeleniumLibrary">
<msg time="2024-09-16T12:53:29.387103" level="INFO">Typing text '*Pavan@7351' into text field 'xpath://*[@placeholder='Enter password']'.</msg>
<arg>${Webelement}</arg>
<arg>${input_text_value}</arg>
<doc>Types the given ``text`` into the text field identified by ``locator``.</doc>
<status status="PASS" start="2024-09-16T12:53:29.386103" elapsed="0.442107"/>
</kw>
<arg>${txt_loginpagepassword}</arg>
<arg>${password}</arg>
<status status="PASS" start="2024-09-16T12:53:28.518391" elapsed="1.310317"/>
</kw>
<arg>${password}</arg>
<status status="PASS" start="2024-09-16T12:53:28.516892" elapsed="1.311816"/>
</kw>
<kw name="click_login_button_onloginpage" owner="LoginPage_Keyword">
<kw name="Wait Until Page Contains Element" owner="SeleniumLibrary">
<arg>${txt_clickloginbutton}</arg>
<doc>Waits until the element ``locator`` appears on the current page.</doc>
<status status="PASS" start="2024-09-16T12:53:29.830220" elapsed="0.114296"/>
</kw>
<kw name="checking_button_displayed_status-and_click_on_button" owner="Common_Functions">
<kw name="Element Should Be Visible" owner="SeleniumLibrary">
<msg time="2024-09-16T12:53:30.294090" level="INFO">Element 'xpath://*[text()='Login']' is displayed.</msg>
<arg>${Webelement}</arg>
<doc>Verifies that the element identified by ``locator`` is visible.</doc>
<status status="PASS" start="2024-09-16T12:53:29.946060" elapsed="0.348030"/>
</kw>
<kw name="Click Button" owner="SeleniumLibrary">
<msg time="2024-09-16T12:53:30.295531" level="INFO">Clicking button 'xpath://*[text()='Login']'.</msg>
<arg>${Webelement}</arg>
<doc>Clicks the button identified by ``locator``.</doc>
<status status="PASS" start="2024-09-16T12:53:30.295032" elapsed="1.179474"/>
</kw>
<arg>${txt_clickloginbutton}</arg>
<status status="PASS" start="2024-09-16T12:53:29.945016" elapsed="1.529490"/>
</kw>
<status status="PASS" start="2024-09-16T12:53:29.829208" elapsed="1.645798"/>
</kw>
<tag>Smoke Test</tag>
<doc>Testing Login With Valid Credentials</doc>
<status status="PASS" start="2024-09-16T12:53:20.973587" elapsed="10.501419"/>
</kw>
<kw name="AnswerCard_Inside_Intent_To_Qa" owner="CentralRepositoryPage_Keyword">
<kw name="Wait Until Element Is Visible" owner="SeleniumLibrary">
<arg>${Central_Repository}</arg>
<doc>Waits until the element ``locator`` is visible.</doc>
<status status="PASS" start="2024-09-16T12:53:31.477008" elapsed="1.770755"/>
</kw>
<kw name="checking_element_displayed_status-and_click_on_Icon" owner="Common_Functions">
<kw name="Element Should Be Visible" owner="SeleniumLibrary">
<msg time="2024-09-16T12:53:33.551280" level="INFO">Element 'xpath://*[@data-tip='Central Repository']' is displayed.</msg>
<arg>${Web-element}</arg>
<doc>Verifies that the element identified by ``locator`` is visible.</doc>
<status status="PASS" start="2024-09-16T12:53:33.256758" elapsed="0.294522"/>
</kw>
<kw name="Click Element" owner="SeleniumLibrary">
<msg time="2024-09-16T12:53:33.552784" level="INFO">Clicking element 'xpath://*[@data-tip='Central Repository']'.</msg>
<arg>${Web-element}</arg>
<doc>Click the element identified by ``locator``.</doc>
<status status="PASS" start="2024-09-16T12:53:33.551780" elapsed="1.567401"/>
</kw>
<arg>${Central_Repository}</arg>
<status status="PASS" start="2024-09-16T12:53:33.251758" elapsed="1.869651"/>
</kw>
<kw name="Verify_title_validation" owner="Common_Functions">
<kw name="Get Location" owner="SeleniumLibrary">
<msg time="2024-09-16T12:53:35.249039" level="INFO">${get_url} = https://mqa2.xavlab.xyz/central-repository</msg>
<var>${get_url}</var>
<doc>Returns the current browser window URL.</doc>
<status status="PASS" start="2024-09-16T12:53:35.127506" elapsed="0.121533"/>
</kw>
<kw name="Log To Console" owner="BuiltIn">
<arg>${get_url}</arg>
<doc>Logs the given message to the console.</doc>
<status status="PASS" start="2024-09-16T12:53:35.249526" elapsed="0.001355"/>
</kw>
<kw name="Should Be Equal" owner="BuiltIn">
<arg>${get_url}</arg>
<arg>${expected_CR_url}</arg>
<doc>Fails if the given objects are unequal.</doc>
<status status="PASS" start="2024-09-16T12:53:35.251881" elapsed="0.003812"/>
</kw>
<status status="PASS" start="2024-09-16T12:53:35.126262" elapsed="0.132074"/>
</kw>
<kw name="checking_element_displayed_status-and_click_on_Icon" owner="Common_Functions">
<kw name="Element Should Be Visible" owner="SeleniumLibrary">
<msg time="2024-09-16T12:53:35.715301" level="INFO">Element 'xpath://*[@title='QA']' is displayed.</msg>
<arg>${Web-element}</arg>
<doc>Verifies that the element identified by ``locator`` is visible.</doc>
<status status="PASS" start="2024-09-16T12:53:35.260824" elapsed="0.454477"/>
</kw>
<kw name="Click Element" owner="SeleniumLibrary">
<msg time="2024-09-16T12:53:35.716288" level="INFO">Clicking element 'xpath://*[@title='QA']'.</msg>
<arg>${Web-element}</arg>
<doc>Click the element identified by ``locator``.</doc>
<status status="PASS" start="2024-09-16T12:53:35.715787" elapsed="0.332872"/>
</kw>
<arg>${QA_Repostory_button}</arg>
<status status="PASS" start="2024-09-16T12:53:35.259836" elapsed="0.788823"/>
</kw>
<kw name="checking_element_displayed_status-and_click_on_Icon" owner="Common_Functions">
<kw name="Element Should Be Visible" owner="SeleniumLibrary">
<msg time="2024-09-16T12:53:36.892168" level="INFO">Element 'xpath://*[@class='add-new']' is displayed.</msg>
<arg>${Web-element}</arg>
<doc>Verifies that the element identified by ``locator`` is visible.</doc>
<status status="PASS" start="2024-09-16T12:53:36.050659" elapsed="0.841509"/>
</kw>
<kw name="Click Element" owner="SeleniumLibrary">
<msg time="2024-09-16T12:53:36.893161" level="INFO">Clicking element 'xpath://*[@class='add-new']'.</msg>
<arg>${Web-element}</arg>
<doc>Click the element identified by ``locator``.</doc>
<status status="PASS" start="2024-09-16T12:53:36.892659" elapsed="0.611876"/>
</kw>
<arg>${add_new_folder_qa}</arg>
<status status="PASS" start="2024-09-16T12:53:36.049159" elapsed="1.456376"/>
</kw>
<kw name="checking_textBox_displayed_status-and_input_value_in _textbox" owner="Common_Functions">
<kw name="Element Should Be Visible" owner="SeleniumLibrary">
<msg time="2024-09-16T12:53:37.830078" level="INFO">Element 'xpath://*[@placeholder='Enter folder name']' is displayed.</msg>
<arg>${Webelement}</arg>
<doc>Verifies that the element identified by ``locator`` is visible.</doc>
<status status="PASS" start="2024-09-16T12:53:37.507509" elapsed="0.322569"/>
</kw>
<kw name="Element Should Be Enabled" owner="SeleniumLibrary">
<arg>${Webelement}</arg>
<doc>Verifies that element identified by ``locator`` is enabled.</doc>
<status status="PASS" start="2024-09-16T12:53:37.831074" elapsed="0.338237"/>
</kw>
<kw name="Clear Element Text" owner="SeleniumLibrary">
<arg>${Webelement}</arg>
<doc>Clears the value of the text-input-element identified by ``locator``.</doc>
<status status="PASS" start="2024-09-16T12:53:38.169311" elapsed="0.274465"/>
</kw>
<kw name="Input Text" owner="SeleniumLibrary">
<msg time="2024-09-16T12:53:38.444815" level="INFO">Typing text 'Test_AutomationRPA' into text field 'xpath://*[@placeholder='Enter folder name']'.</msg>
<arg>${Webelement}</arg>
<arg>${input_text_value}</arg>
<doc>Types the given ``text`` into the text field identified by ``locator``.</doc>
<status status="PASS" start="2024-09-16T12:53:38.443776" elapsed="0.455113"/>
</kw>
<arg>${enter_folder_name_qa}</arg>
<arg>${folder_name_value}</arg>
<status status="PASS" start="2024-09-16T12:53:37.506035" elapsed="1.392854"/>
</kw>
<kw name="checking_element_displayed_status-and_click_on_Icon" owner="Common_Functions">
<kw name="Element Should Be Visible" owner="SeleniumLibrary">
<msg time="2024-09-16T12:53:39.136453" level="INFO">Element 'xpath://*[@data-testid='promptokbutton']' is displayed.</msg>
<arg>${Web-element}</arg>
<doc>Verifies that the element identified by ``locator`` is visible.</doc>
<status status="PASS" start="2024-09-16T12:53:38.900401" elapsed="0.236052"/>
</kw>
<kw name="Click Element" owner="SeleniumLibrary">
<msg time="2024-09-16T12:53:39.137417" level="INFO">Clicking element 'xpath://*[@data-testid='promptokbutton']'.</msg>
<arg>${Web-element}</arg>
<doc>Click the element identified by ``locator``.</doc>
<status status="PASS" start="2024-09-16T12:53:39.137417" elapsed="0.406154"/>
</kw>
<arg>${button_create_qa}</arg>
<status status="PASS" start="2024-09-16T12:53:38.899390" elapsed="0.644181"/>
</kw>
<kw name="verifying_validation_message" owner="Common_Functions">
<kw name="Wait Until Element Is Visible" owner="SeleniumLibrary">
<arg>${Webelement}</arg>
<doc>Waits until the element ``locator`` is visible.</doc>
<status status="PASS" start="2024-09-16T12:53:39.545201" elapsed="0.551808"/>
</kw>
<kw name="Get Text" owner="SeleniumLibrary">
<msg time="2024-09-16T12:53:40.344622" level="INFO">${toast_msg} = Added successfully!</msg>
<var>${toast_msg}</var>
<arg>${Webelement}</arg>
<doc>Returns the text value of the element identified by ``locator``.</doc>
<status status="PASS" start="2024-09-16T12:53:40.097509" elapsed="0.247113"/>
</kw>
<kw name="Log To Console" owner="BuiltIn">
<arg>${toast_msg}</arg>
<doc>Logs the given message to the console.</doc>
<status status="PASS" start="2024-09-16T12:53:40.345277" elapsed="0.000501"/>
</kw>
<kw name="Should Be Equal" owner="BuiltIn">
<arg>${toast_msg}</arg>
<arg>${Expected_message}</arg>
<doc>Fails if the given objects are unequal.</doc>
<status status="PASS" start="2024-09-16T12:53:40.346792" elapsed="0.001006"/>
</kw>
<arg>${Newfolder_success_validation_msg_qa}</arg>
<arg>${expected_newfolder_success_validation_msg}</arg>
<status status="PASS" start="2024-09-16T12:53:39.544059" elapsed="0.803739"/>
</kw>
<kw name="checking_element_displayed_status-and_click_on_Icon" owner="Common_Functions">
<kw name="Element Should Be Visible" owner="SeleniumLibrary">
<msg time="2024-09-16T12:53:40.585317" level="INFO">Element 'xpath://*[@class='lang_dropIcon']' is displayed.</msg>
<arg>${Web-element}</arg>
<doc>Verifies that the element identified by ``locator`` is visible.</doc>
<status status="PASS" start="2024-09-16T12:53:40.349368" elapsed="0.235949"/>
</kw>
<kw name="Click Element" owner="SeleniumLibrary">
<msg time="2024-09-16T12:53:40.586392" level="INFO">Clicking element 'xpath://*[@class='lang_dropIcon']'.</msg>
<arg>${Web-element}</arg>
<doc>Click the element identified by ``locator``.</doc>
<status status="PASS" start="2024-09-16T12:53:40.585317" elapsed="0.413486"/>
</kw>
<arg>${add_intent_qa}</arg>
<status status="PASS" start="2024-09-16T12:53:40.347798" elapsed="0.651005"/>
</kw>
<kw name="checking_element_displayed_status-and_click_on_Icon" owner="Common_Functions">
<kw name="Element Should Be Visible" owner="SeleniumLibrary">
<msg time="2024-09-16T12:53:41.316571" level="INFO">Element 'xpath://span[contains(text(),'New Intent')]' is displayed.</msg>
<arg>${Web-element}</arg>
<doc>Verifies that the element identified by ``locator`` is visible.</doc>
<status status="PASS" start="2024-09-16T12:53:41.000928" elapsed="0.315643"/>
</kw>
<kw name="Click Element" owner="SeleniumLibrary">
<msg time="2024-09-16T12:53:41.318071" level="INFO">Clicking element 'xpath://span[contains(text(),'New Intent')]'.</msg>
<arg>${Web-element}</arg>
<doc>Click the element identified by ``locator``.</doc>
<status status="PASS" start="2024-09-16T12:53:41.317202" elapsed="0.335450"/>
</kw>
<arg>${new_intent_qa}</arg>
<status status="PASS" start="2024-09-16T12:53:40.999929" elapsed="0.653223"/>
</kw>
<kw name="checking_textBox_displayed_status-and_input_value_in _textbox" owner="Common_Functions">
<kw name="Element Should Be Visible" owner="SeleniumLibrary">
<msg time="2024-09-16T12:53:42.265530" level="INFO">Element 'xpath://*[@placeholder='Enter template title here']' is displayed.</msg>
<arg>${Webelement}</arg>
<doc>Verifies that the element identified by ``locator`` is visible.</doc>
<status status="PASS" start="2024-09-16T12:53:41.654652" elapsed="0.610878"/>
</kw>
<kw name="Element Should Be Enabled" owner="SeleniumLibrary">
<arg>${Webelement}</arg>
<doc>Verifies that element identified by ``locator`` is enabled.</doc>
<status status="PASS" start="2024-09-16T12:53:42.265530" elapsed="0.461267"/>
</kw>
<kw name="Clear Element Text" owner="SeleniumLibrary">
<arg>${Webelement}</arg>
<doc>Clears the value of the text-input-element identified by ``locator``.</doc>
<status status="PASS" start="2024-09-16T12:53:42.726797" elapsed="0.251506"/>
</kw>
<kw name="Input Text" owner="SeleniumLibrary">
<msg time="2024-09-16T12:53:42.980461" level="INFO">Typing text 'TestIntent123' into text field 'xpath://*[@placeholder='Enter template title here']'.</msg>
<arg>${Webelement}</arg>
<arg>${input_text_value}</arg>
<doc>Types the given ``text`` into the text field identified by ``locator``.</doc>
<status status="PASS" start="2024-09-16T12:53:42.979302" elapsed="0.570380"/>
</kw>
<arg>${title_name_qa}</arg>
<arg>${qa_title_name_value }</arg>
<status status="PASS" start="2024-09-16T12:53:41.653652" elapsed="1.896030"/>
</kw>
<kw name="checking_textBox_displayed_status-and_input_value_in _textbox" owner="Common_Functions">
<kw name="Element Should Be Visible" owner="SeleniumLibrary">
<msg time="2024-09-16T12:53:43.784747" level="INFO">Element 'xpath://*[@data-placeholder='Add question here']' is displayed.</msg>
<arg>${Webelement}</arg>
<doc>Verifies that the element identified by ``locator`` is visible.</doc>
<status status="PASS" start="2024-09-16T12:53:43.551713" elapsed="0.233034"/>
</kw>
<kw name="Element Should Be Enabled" owner="SeleniumLibrary">
<arg>${Webelement}</arg>
<doc>Verifies that element identified by ``locator`` is enabled.</doc>
<status status="PASS" start="2024-09-16T12:53:43.785246" elapsed="0.392429"/>
</kw>
<kw name="Clear Element Text" owner="SeleniumLibrary">
<arg>${Webelement}</arg>
<doc>Clears the value of the text-input-element identified by ``locator``.</doc>
<status status="PASS" start="2024-09-16T12:53:44.178175" elapsed="0.244869"/>
</kw>
<kw name="Input Text" owner="SeleniumLibrary">
<msg time="2024-09-16T12:53:44.424078" level="INFO">Typing text 'I want to know my billing details' into text field 'xpath://*[@data-placeholder='Add question here']'.</msg>
<arg>${Webelement}</arg>
<arg>${input_text_value}</arg>
<doc>Types the given ``text`` into the text field identified by ``locator``.</doc>
<status status="PASS" start="2024-09-16T12:53:44.423044" elapsed="0.528100"/>
</kw>
<arg>${enter_question_qa}</arg>
<arg>${enter_question_value1}</arg>
<status status="PASS" start="2024-09-16T12:53:43.550713" elapsed="1.401431"/>
</kw>
<kw name="Wait Until Element Is Visible" owner="SeleniumLibrary">
<arg>${enable_checkbox_qa}</arg>
<doc>Waits until the element ``locator`` is visible.</doc>
<status status="PASS" start="2024-09-16T12:53:44.953644" elapsed="0.235775"/>
</kw>
<kw name="Mouse Over" owner="SeleniumLibrary">
<msg time="2024-09-16T12:53:45.190649" level="INFO">Simulating Mouse Over on element 'xpath:(//span[@class='checkmark'])[1]'.</msg>
<arg>${enable_checkbox_qa}</arg>
<doc>Simulates hovering the mouse over the element ``locator``.</doc>
<status status="PASS" start="2024-09-16T12:53:45.189919" elapsed="0.511031"/>
</kw>
<kw name="checking_element_displayed_status-and_click_on_Icon" owner="Common_Functions">
<kw name="Element Should Be Visible" owner="SeleniumLibrary">
<msg time="2024-09-16T12:53:45.925087" level="INFO">Element 'xpath:(//span[@class='checkmark'])[1]' is displayed.</msg>
<arg>${Web-element}</arg>
<doc>Verifies that the element identified by ``locator`` is visible.</doc>
<status status="PASS" start="2024-09-16T12:53:45.702954" elapsed="0.222133"/>
</kw>
<kw name="Click Element" owner="SeleniumLibrary">
<msg time="2024-09-16T12:53:45.926495" level="INFO">Clicking element 'xpath:(//span[@class='checkmark'])[1]'.</msg>
<arg>${Web-element}</arg>
<doc>Click the element identified by ``locator``.</doc>
<status status="PASS" start="2024-09-16T12:53:45.925587" elapsed="0.323882"/>
</kw>
<arg>${enable_checkbox_qa}</arg>
<status status="PASS" start="2024-09-16T12:53:45.701951" elapsed="0.547518"/>
</kw>
<kw name="checking_element_displayed_status-and_click_on_Icon" owner="Common_Functions">
<kw name="Element Should Be Visible" owner="SeleniumLibrary">
<msg time="2024-09-16T12:53:46.501064" level="INFO">Element 'xpath://*[@class='add-card-button']' is displayed.</msg>
<arg>${Web-element}</arg>
<doc>Verifies that the element identified by ``locator`` is visible.</doc>
<status status="PASS" start="2024-09-16T12:53:46.250464" elapsed="0.250600"/>
</kw>
<kw name="Click Element" owner="SeleniumLibrary">
<msg time="2024-09-16T12:53:46.502190" level="INFO">Clicking element 'xpath://*[@class='add-card-button']'.</msg>
<arg>${Web-element}</arg>
<doc>Click the element identified by ``locator``.</doc>
<status status="PASS" start="2024-09-16T12:53:46.501576" elapsed="0.505689"/>
</kw>
<arg>${add_cards_qa}</arg>
<status status="PASS" start="2024-09-16T12:53:46.249469" elapsed="0.758104"/>
</kw>
<kw name="checking_element_displayed_status-and_click_on_Icon" owner="Common_Functions">
<kw name="Element Should Be Visible" owner="SeleniumLibrary">
<msg time="2024-09-16T12:53:47.343517" level="INFO">Element 'xpath://*[@data-tip='Text Card'][1]' is displayed.</msg>
<arg>${Web-element}</arg>
<doc>Verifies that the element identified by ``locator`` is visible.</doc>
<status status="PASS" start="2024-09-16T12:53:47.009572" elapsed="0.333945"/>
</kw>
<kw name="Click Element" owner="SeleniumLibrary">
<msg time="2024-09-16T12:53:47.344522" level="INFO">Clicking element 'xpath://*[@data-tip='Text Card'][1]'.</msg>
<arg>${Web-element}</arg>
<doc>Click the element identified by ``locator``.</doc>
<status status="PASS" start="2024-09-16T12:53:47.344022" elapsed="0.484248"/>
</kw>
<arg>${answer_card_qa}</arg>
<status status="PASS" start="2024-09-16T12:53:47.008572" elapsed="0.820195"/>
</kw>
<kw name="checking_textBox_displayed_status-and_input_value_in _textbox" owner="Common_Functions">
<kw name="Element Should Be Visible" owner="SeleniumLibrary">
<msg time="2024-09-16T12:53:48.083644" level="INFO">Element 'xpath://*[@class='ql-editor ql-blank']' is displayed.</msg>
<arg>${Webelement}</arg>
<doc>Verifies that the element identified by ``locator`` is visible.</doc>
<status status="PASS" start="2024-09-16T12:53:47.830773" elapsed="0.253501"/>
</kw>
<kw name="Element Should Be Enabled" owner="SeleniumLibrary">
<arg>${Webelement}</arg>
<doc>Verifies that element identified by ``locator`` is enabled.</doc>
<status status="PASS" start="2024-09-16T12:53:48.084774" elapsed="0.403551"/>
</kw>
<kw name="Clear Element Text" owner="SeleniumLibrary">
<arg>${Webelement}</arg>
<doc>Clears the value of the text-input-element identified by ``locator``.</doc>
<status status="PASS" start="2024-09-16T12:53:48.488825" elapsed="0.278234"/>
</kw>
<kw name="Input Text" owner="SeleniumLibrary">
<msg time="2024-09-16T12:53:48.770075" level="INFO">Typing text 'Thanks for asking about your billing details.Your billing account no is 1203546789' into text field 'xpath://*[@class='ql-editor ql-blank']'.</msg>
<arg>${Webelement}</arg>
<arg>${input_text_value}</arg>
<doc>Types the given ``text`` into the text field identified by ``locator``.</doc>
<status status="PASS" start="2024-09-16T12:53:48.769559" elapsed="1.769855"/>
</kw>
<arg>${enter_answer_qa}</arg>
<arg>${enter_answer_value}</arg>
<status status="PASS" start="2024-09-16T12:53:47.829272" elapsed="2.710142"/>
</kw>
<kw name="checking_element_displayed_status-and_click_on_Icon" owner="Common_Functions">
<kw name="Element Should Be Visible" owner="SeleniumLibrary">
<msg time="2024-09-16T12:53:50.815381" level="INFO">Element 'xpath://span[normalize-space()='URL']' is displayed.</msg>
<arg>${Web-element}</arg>
<doc>Verifies that the element identified by ``locator`` is visible.</doc>
<status status="PASS" start="2024-09-16T12:53:50.541413" elapsed="0.274096"/>
</kw>
<kw name="Click Element" owner="SeleniumLibrary">
<msg time="2024-09-16T12:53:50.816759" level="INFO">Clicking element 'xpath://span[normalize-space()='URL']'.</msg>
<arg>${Web-element}</arg>
<doc>Click the element identified by ``locator``.</doc>
<status status="PASS" start="2024-09-16T12:53:50.815880" elapsed="0.380398"/>
</kw>
<arg>${url_card_qa}</arg>
<status status="PASS" start="2024-09-16T12:53:50.539912" elapsed="0.656366"/>
</kw>
<kw name="checking_textBox_displayed_status-and_input_value_in _textbox" owner="Common_Functions">
<kw name="Element Should Be Visible" owner="SeleniumLibrary">
<msg time="2024-09-16T12:53:51.434097" level="INFO">Element 'xpath://div[@data-placeholder='Enter the URL here']' is displayed.</msg>
<arg>${Webelement}</arg>
<doc>Verifies that the element identified by ``locator`` is visible.</doc>
<status status="PASS" start="2024-09-16T12:53:51.197912" elapsed="0.236483"/>
</kw>
<kw name="Element Should Be Enabled" owner="SeleniumLibrary">
<arg>${Webelement}</arg>
<doc>Verifies that element identified by ``locator`` is enabled.</doc>
<status status="PASS" start="2024-09-16T12:53:51.434894" elapsed="0.348142"/>
</kw>
<kw name="Clear Element Text" owner="SeleniumLibrary">
<arg>${Webelement}</arg>
<doc>Clears the value of the text-input-element identified by ``locator``.</doc>
<status status="PASS" start="2024-09-16T12:53:51.783036" elapsed="0.244441"/>
</kw>
<kw name="Input Text" owner="SeleniumLibrary">
<msg time="2024-09-16T12:53:52.029480" level="INFO">Typing text 'https://www.w3schools.com/python/python_lists_loop.asp' into text field 'xpath://div[@data-placeholder='Enter the URL here']'.</msg>
<arg>${Webelement}</arg>
<arg>${input_text_value}</arg>
<doc>Types the given ``text`` into the text field identified by ``locator``.</doc>
<status status="PASS" start="2024-09-16T12:53:52.027980" elapsed="0.535449"/>
</kw>
<arg>${enter_url_qa}</arg>
<arg>${vaild_url}</arg>
<status status="PASS" start="2024-09-16T12:53:51.197284" elapsed="1.366145"/>
</kw>
<kw name="checking_element_displayed_status-and_click_on_Icon" owner="Common_Functions">
<kw name="Element Should Be Visible" owner="SeleniumLibrary">
<msg time="2024-09-16T12:53:52.795172" level="INFO">Element 'xpath://span[normalize-space()='Shuffle']' is displayed.</msg>
<arg>${Web-element}</arg>
<doc>Verifies that the element identified by ``locator`` is visible.</doc>
<status status="PASS" start="2024-09-16T12:53:52.565430" elapsed="0.229742"/>
</kw>
<kw name="Click Element" owner="SeleniumLibrary">
<msg time="2024-09-16T12:53:52.795671" level="INFO">Clicking element 'xpath://span[normalize-space()='Shuffle']'.</msg>
<arg>${Web-element}</arg>
<doc>Click the element identified by ``locator``.</doc>
<status status="PASS" start="2024-09-16T12:53:52.795671" elapsed="0.436975"/>
</kw>
<arg>${shuffle_card_qa}</arg>
<status status="PASS" start="2024-09-16T12:53:52.563429" elapsed="0.669217"/>
</kw>
<kw name="checking_element_displayed_status-and_click_on_Icon" owner="Common_Functions">
<kw name="Element Should Be Visible" owner="SeleniumLibrary">
<msg time="2024-09-16T12:53:53.494451" level="INFO">Element 'xpath:(//span[@class='blockheadig rightblock add-ans mb-2'])[1]' is displayed.</msg>
<arg>${Web-element}</arg>
<doc>Verifies that the element identified by ``locator`` is visible.</doc>
<status status="PASS" start="2024-09-16T12:53:53.234149" elapsed="0.260302"/>
</kw>
<kw name="Click Element" owner="SeleniumLibrary">
<msg time="2024-09-16T12:53:53.495852" level="INFO">Clicking element 'xpath:(//span[@class='blockheadig rightblock add-ans mb-2'])[1]'.</msg>
<arg>${Web-element}</arg>
<doc>Click the element identified by ``locator``.</doc>
<status status="PASS" start="2024-09-16T12:53:53.495216" elapsed="0.333408"/>
</kw>
<arg>${add_shuffle_card_qa}</arg>
<status status="PASS" start="2024-09-16T12:53:53.233362" elapsed="0.595262"/>
</kw>
<kw name="checking_textBox_displayed_status-and_input_value_in _textbox" owner="Common_Functions">
<kw name="Element Should Be Visible" owner="SeleniumLibrary">
<msg time="2024-09-16T12:53:54.055326" level="INFO">Element 'xpath://div[@class='rich-text-textarea']' is displayed.</msg>
<arg>${Webelement}</arg>
<doc>Verifies that the element identified by ``locator`` is visible.</doc>
<status status="PASS" start="2024-09-16T12:53:53.829631" elapsed="0.226157"/>
</kw>
<kw name="Element Should Be Enabled" owner="SeleniumLibrary">
<arg>${Webelement}</arg>
<doc>Verifies that element identified by ``locator`` is enabled.</doc>
<status status="PASS" start="2024-09-16T12:53:54.057014" elapsed="0.340481"/>
</kw>
<kw name="Clear Element Text" owner="SeleniumLibrary">
<arg>${Webelement}</arg>
<doc>Clears the value of the text-input-element identified by ``locator``.</doc>
<status status="PASS" start="2024-09-16T12:53:54.397495" elapsed="0.243431"/>
</kw>
<kw name="Input Text" owner="SeleniumLibrary">
<msg time="2024-09-16T12:53:54.642140" level="INFO">Typing text 'Test1' into text field 'xpath://div[@class='rich-text-textarea']'.</msg>
<arg>${Webelement}</arg>
<arg>${input_text_value}</arg>
<doc>Types the given ``text`` into the text field identified by ``locator``.</doc>
<status status="PASS" start="2024-09-16T12:53:54.641426" elapsed="0.469650"/>
</kw>
<arg>${shuffle_text1_qa}</arg>
<arg>${shuffle_text1}</arg>
<status status="PASS" start="2024-09-16T12:53:53.828624" elapsed="1.282452"/>
</kw>
<kw name="checking_element_displayed_status-and_click_on_Icon" owner="Common_Functions">
<kw name="Element Should Be Visible" owner="SeleniumLibrary">
<msg time="2024-09-16T12:53:55.355344" level="INFO">Element 'xpath:(//span[@class='blockheadig rightblock add-ans mb-2'])[1]' is displayed.</msg>
<arg>${Web-element}</arg>
<doc>Verifies that the element identified by ``locator`` is visible.</doc>
<status status="PASS" start="2024-09-16T12:53:55.112761" elapsed="0.243555"/>
</kw>
<kw name="Click Element" owner="SeleniumLibrary">
<msg time="2024-09-16T12:53:55.357878" level="INFO">Clicking element 'xpath:(//span[@class='blockheadig rightblock add-ans mb-2'])[1]'.</msg>
<arg>${Web-element}</arg>
<doc>Click the element identified by ``locator``.</doc>
<status status="PASS" start="2024-09-16T12:53:55.356817" elapsed="0.404749"/>
</kw>
<arg>${add_shuffle_card_qa}</arg>
<status status="PASS" start="2024-09-16T12:53:55.111076" elapsed="0.650614"/>
</kw>
<kw name="checking_textBox_displayed_status-and_input_value_in _textbox" owner="Common_Functions">
<kw name="Element Should Be Visible" owner="SeleniumLibrary">
<msg time="2024-09-16T12:53:56.043054" level="INFO">Element 'xpath:(//div[@class='rich-text-textarea'])[2]' is displayed.</msg>
<arg>${Webelement}</arg>
<doc>Verifies that the element identified by ``locator`` is visible.</doc>
<status status="PASS" start="2024-09-16T12:53:55.763007" elapsed="0.280047"/>
</kw>
<kw name="Element Should Be Enabled" owner="SeleniumLibrary">
<arg>${Webelement}</arg>
<doc>Verifies that element identified by ``locator`` is enabled.</doc>
<status status="PASS" start="2024-09-16T12:53:56.043554" elapsed="0.346151"/>
</kw>
<kw name="Clear Element Text" owner="SeleniumLibrary">
<arg>${Webelement}</arg>
<doc>Clears the value of the text-input-element identified by ``locator``.</doc>
<status status="PASS" start="2024-09-16T12:53:56.389705" elapsed="0.260573"/>
</kw>
<kw name="Input Text" owner="SeleniumLibrary">
<msg time="2024-09-16T12:53:56.655284" level="INFO">Typing text 'Test2' into text field 'xpath:(//div[@class='rich-text-textarea'])[2]'.</msg>
<arg>${Webelement}</arg>
<arg>${input_text_value}</arg>
<doc>Types the given ``text`` into the text field identified by ``locator``.</doc>
<status status="PASS" start="2024-09-16T12:53:56.651777" elapsed="0.545221"/>
</kw>
<arg>${shuffle_text2_qa}</arg>
<arg>${shuffle_text2}</arg>
<status status="PASS" start="2024-09-16T12:53:55.761690" elapsed="1.435446"/>
</kw>
<kw name="checking_element_displayed_status-and_click_on_Icon" owner="Common_Functions">
<kw name="Element Should Be Visible" owner="SeleniumLibrary">
<msg time="2024-09-16T12:53:57.435799" level="INFO">Element 'xpath://span[normalize-space()='Video']' is displayed.</msg>
<arg>${Web-element}</arg>
<doc>Verifies that the element identified by ``locator`` is visible.</doc>
<status status="PASS" start="2024-09-16T12:53:57.197999" elapsed="0.237800"/>
</kw>
<kw name="Click Element" owner="SeleniumLibrary">
<msg time="2024-09-16T12:53:57.437363" level="INFO">Clicking element 'xpath://span[normalize-space()='Video']'.</msg>
<arg>${Web-element}</arg>
<doc>Click the element identified by ``locator``.</doc>
<status status="PASS" start="2024-09-16T12:53:57.436363" elapsed="0.384903"/>
</kw>
<arg>${video_card_qa}</arg>
<status status="PASS" start="2024-09-16T12:53:57.197499" elapsed="0.623980"/>
</kw>
<kw name="checking_textBox_displayed_status-and_input_value_in _textbox" owner="Common_Functions">
<kw name="Element Should Be Visible" owner="SeleniumLibrary">
<msg time="2024-09-16T12:53:58.150574" level="INFO">Element 'xpath:(//textarea[@placeholder='Enter video URL'])' is displayed.</msg>
<arg>${Webelement}</arg>
<doc>Verifies that the element identified by ``locator`` is visible.</doc>
<status status="PASS" start="2024-09-16T12:53:57.824070" elapsed="0.326504"/>
</kw>
<kw name="Element Should Be Enabled" owner="SeleniumLibrary">
<arg>${Webelement}</arg>
<doc>Verifies that element identified by ``locator`` is enabled.</doc>
<status status="PASS" start="2024-09-16T12:53:58.150574" elapsed="0.340354"/>
</kw>
<kw name="Clear Element Text" owner="SeleniumLibrary">
<arg>${Webelement}</arg>
<doc>Clears the value of the text-input-element identified by ``locator``.</doc>
<status status="PASS" start="2024-09-16T12:53:58.491417" elapsed="0.259459"/>
</kw>
<kw name="Input Text" owner="SeleniumLibrary">
<msg time="2024-09-16T12:53:58.750876" level="INFO">Typing text 'https://videos.ctfassets.net/3viuren4us1n/3JMEuX4EMmWQNj9P6DPBv6/8f0e05c7744a0976685547b957e18b97/Fuel-iX-decorative-video.mp4' into text field 'xpath:(//textarea[@placeholder='Enter video URL'])'.</msg>
<arg>${Webelement}</arg>
<arg>${input_text_value}</arg>
<doc>Types the given ``text`` into the text field identified by ``locator``.</doc>
<status status="PASS" start="2024-09-16T12:53:58.750876" elapsed="0.679017"/>
</kw>
<arg>${enter_video_url_qa}</arg>
<arg>${video_card_url}</arg>
<status status="PASS" start="2024-09-16T12:53:57.821979" elapsed="1.607914"/>
</kw>
<kw name="checking_element_displayed_status-and_click_on_Icon" owner="Common_Functions">
<kw name="Element Should Be Visible" owner="SeleniumLibrary">
<msg time="2024-09-16T12:53:59.678957" level="INFO">Element 'xpath://button[normalize-space()='Done']' is displayed.</msg>
<arg>${Web-element}</arg>
<doc>Verifies that the element identified by ``locator`` is visible.</doc>
<status status="PASS" start="2024-09-16T12:53:59.433202" elapsed="0.245755"/>
</kw>
<kw name="Click Element" owner="SeleniumLibrary">
<msg time="2024-09-16T12:53:59.678957" level="INFO">Clicking element 'xpath://button[normalize-space()='Done']'.</msg>
<arg>${Web-element}</arg>
<doc>Click the element identified by ``locator``.</doc>
<status status="PASS" start="2024-09-16T12:53:59.678957" elapsed="0.288514"/>
</kw>
<arg>${video_done_button_qa}</arg>
<status status="PASS" start="2024-09-16T12:53:59.430393" elapsed="0.537418"/>
</kw>
<kw name="checking_element_displayed_status-and_click_on_Icon" owner="Common_Functions">
<kw name="Element Should Be Visible" owner="SeleniumLibrary">
<msg time="2024-09-16T12:54:00.226202" level="INFO">Element 'xpath://span[normalize-space()='Image']' is displayed.</msg>
<arg>${Web-element}</arg>
<doc>Verifies that the element identified by ``locator`` is visible.</doc>
<status status="PASS" start="2024-09-16T12:53:59.969164" elapsed="0.257038"/>
</kw>
<kw name="Click Element" owner="SeleniumLibrary">
<msg time="2024-09-16T12:54:00.227705" level="INFO">Clicking element 'xpath://span[normalize-space()='Image']'.</msg>
<arg>${Web-element}</arg>
<doc>Click the element identified by ``locator``.</doc>
<status status="PASS" start="2024-09-16T12:54:00.226700" elapsed="0.313895"/>
</kw>
<arg>${image_card_qa1}</arg>
<status status="PASS" start="2024-09-16T12:53:59.968311" elapsed="0.572783"/>
</kw>
<kw name="Choose File" owner="SeleniumLibrary">
<msg time="2024-09-16T12:54:00.542423" level="INFO">Sending C:\Users\puchha.pavan\PycharmProjects\Telus_iTIA_Powered_by_Fuel_iX\iTIA_Powered_by_Fuel_iX\itia_datafiles\pic5.jpg to browser.</msg>
<arg>${add_image_in_imagecard_qa}</arg>
<arg>${image_file3}</arg>
<doc>Inputs the ``file_path`` into the file input field ``locator``.</doc>
<status status="PASS" start="2024-09-16T12:54:00.541423" elapsed="0.335323"/>
</kw>
<kw name="Sleep" owner="BuiltIn">
<msg time="2024-09-16T12:54:05.879304" level="INFO">Slept 5 seconds.</msg>
<arg>5</arg>
<doc>Pauses the test executed for the given time.</doc>
<status status="PASS" start="2024-09-16T12:54:00.877485" elapsed="5.001949"/>
</kw>
<kw name="checking_element_displayed_status-and_click_on_Icon" owner="Common_Functions">
<kw name="Element Should Be Visible" owner="SeleniumLibrary">
<msg time="2024-09-16T12:54:06.124083" level="INFO">Element 'xpath://span[normalize-space()='Carousel']' is displayed.</msg>
<arg>${Web-element}</arg>
<doc>Verifies that the element identified by ``locator`` is visible.</doc>
<status status="PASS" start="2024-09-16T12:54:05.881057" elapsed="0.243026"/>
</kw>
<kw name="Click Element" owner="SeleniumLibrary">
<msg time="2024-09-16T12:54:06.125350" level="INFO">Clicking element 'xpath://span[normalize-space()='Carousel']'.</msg>
<arg>${Web-element}</arg>
<doc>Click the element identified by ``locator``.</doc>
<status status="PASS" start="2024-09-16T12:54:06.124851" elapsed="0.328183"/>
</kw>
<arg>${carousel_card_qa}</arg>
<status status="PASS" start="2024-09-16T12:54:05.879638" elapsed="0.573396"/>
</kw>
<kw name="Choose File" owner="SeleniumLibrary">
<msg time="2024-09-16T12:54:06.455633" level="INFO">Sending C:\Users\puchha.pavan\PycharmProjects\Telus_iTIA_Powered_by_Fuel_iX\iTIA_Powered_by_Fuel_iX\itia_datafiles\pic4.jpg to browser.</msg>
<arg>${upload_image_carousalcard_qa1}</arg>
<arg>${image_file1}</arg>
<doc>Inputs the ``file_path`` into the file input field ``locator``.</doc>
<status status="PASS" start="2024-09-16T12:54:06.453534" elapsed="0.297704"/>
</kw>
<kw name="Sleep" owner="BuiltIn">
<msg time="2024-09-16T12:54:08.752943" level="INFO">Slept 2 seconds.</msg>
<arg>2</arg>
<doc>Pauses the test executed for the given time.</doc>
<status status="PASS" start="2024-09-16T12:54:06.751703" elapsed="2.001240"/>
</kw>
<kw name="Mouse Over" owner="SeleniumLibrary">
<msg time="2024-09-16T12:54:08.753941" level="INFO">Simulating Mouse Over on element 'xpath://div[contains(text(),'Add Title Here')]'.</msg>
<arg>${carouselcard_title1_qa}</arg>
<doc>Simulates hovering the mouse over the element ``locator``.</doc>
<status status="PASS" start="2024-09-16T12:54:08.753441" elapsed="0.494777"/>
</kw>
<kw name="checking_element_displayed_status-and_click_on_Icon" owner="Common_Functions">
<kw name="Element Should Be Visible" owner="SeleniumLibrary">
<msg time="2024-09-16T12:54:09.472600" level="INFO">Element 'xpath://div[contains(text(),'Add Title Here')]' is displayed.</msg>
<arg>${Web-element}</arg>
<doc>Verifies that the element identified by ``locator`` is visible.</doc>
<status status="PASS" start="2024-09-16T12:54:09.249220" elapsed="0.223380"/>
</kw>
<kw name="Click Element" owner="SeleniumLibrary">
<msg time="2024-09-16T12:54:09.474554" level="INFO">Clicking element 'xpath://div[contains(text(),'Add Title Here')]'.</msg>
<arg>${Web-element}</arg>
<doc>Click the element identified by ``locator``.</doc>
<status status="PASS" start="2024-09-16T12:54:09.473457" elapsed="0.308120"/>
</kw>
<arg>${carouselcard_title1_qa}</arg>
<status status="PASS" start="2024-09-16T12:54:09.248218" elapsed="0.533359"/>
</kw>
<kw name="checking_textBox_displayed_status-and_input_value_in _textbox" owner="Common_Functions">
<kw name="Element Should Be Visible" owner="SeleniumLibrary">
<msg time="2024-09-16T12:54:10.019023" level="INFO">Element 'xpath://div[@data-placeholder='Name can be changed here']' is displayed.</msg>
<arg>${Webelement}</arg>
<doc>Verifies that the element identified by ``locator`` is visible.</doc>
<status status="PASS" start="2024-09-16T12:54:09.783646" elapsed="0.235820"/>
</kw>
<kw name="Element Should Be Enabled" owner="SeleniumLibrary">
<arg>${Webelement}</arg>
<doc>Verifies that element identified by ``locator`` is enabled.</doc>
<status status="PASS" start="2024-09-16T12:54:10.019966" elapsed="0.354161"/>
</kw>
<kw name="Clear Element Text" owner="SeleniumLibrary">
<arg>${Webelement}</arg>
<doc>Clears the value of the text-input-element identified by ``locator``.</doc>
<status status="PASS" start="2024-09-16T12:54:10.374127" elapsed="0.249022"/>
</kw>
<kw name="Input Text" owner="SeleniumLibrary">
<msg time="2024-09-16T12:54:10.623791" level="INFO">Typing text 'Button1' into text field 'xpath://div[@data-placeholder='Name can be changed here']'.</msg>
<arg>${Webelement}</arg>
<arg>${input_text_value}</arg>
<doc>Types the given ``text`` into the text field identified by ``locator``.</doc>
<status status="PASS" start="2024-09-16T12:54:10.623791" elapsed="0.426206"/>
</kw>
<arg>${button_title_popup1_qa}</arg>
<arg>${button_title1}</arg>
<status status="PASS" start="2024-09-16T12:54:09.782670" elapsed="1.267327"/>
</kw>
<kw name="checking_textBox_displayed_status-and_input_value_in _textbox" owner="Common_Functions">
<kw name="Element Should Be Visible" owner="SeleniumLibrary">
<msg time="2024-09-16T12:54:11.281705" level="INFO">Element 'xpath://div[@data-placeholder='Enter query']' is displayed.</msg>
<arg>${Webelement}</arg>
<doc>Verifies that the element identified by ``locator`` is visible.</doc>
<status status="PASS" start="2024-09-16T12:54:11.051515" elapsed="0.230190"/>
</kw>
<kw name="Element Should Be Enabled" owner="SeleniumLibrary">
<arg>${Webelement}</arg>
<doc>Verifies that element identified by ``locator`` is enabled.</doc>
<status status="PASS" start="2024-09-16T12:54:11.281705" elapsed="0.330822"/>
</kw>
<kw name="Clear Element Text" owner="SeleniumLibrary">
<arg>${Webelement}</arg>
<doc>Clears the value of the text-input-element identified by ``locator``.</doc>
<status status="PASS" start="2024-09-16T12:54:11.612527" elapsed="0.250071"/>
</kw>
<kw name="Input Text" owner="SeleniumLibrary">
<msg time="2024-09-16T12:54:11.862598" level="INFO">Typing text 'Explain all Answer cards in the chat bot' into text field 'xpath://div[@data-placeholder='Enter query']'.</msg>
<arg>${Webelement}</arg>
<arg>${input_text_value}</arg>
<doc>Types the given ``text`` into the text field identified by ``locator``.</doc>
<status status="PASS" start="2024-09-16T12:54:11.862598" elapsed="0.505438"/>
</kw>
<arg>${query_popup1_qa}</arg>
<arg>${query1}</arg>
<status status="PASS" start="2024-09-16T12:54:11.049997" elapsed="1.318039"/>
</kw>
<kw name="Wait Until Element Is Enabled" owner="SeleniumLibrary">
<arg>${done_popup1_qa}</arg>
<doc>Waits until the element ``locator`` is enabled.</doc>
<status status="PASS" start="2024-09-16T12:54:12.368536" elapsed="0.849090"/>
</kw>
<kw name="checking_element_displayed_status-and_click_on_Icon" owner="Common_Functions">
<kw name="Element Should Be Visible" owner="SeleniumLibrary">
<msg time="2024-09-16T12:54:13.459462" level="INFO">Element 'xpath://button[normalize-space()='Done']' is displayed.</msg>
<arg>${Web-element}</arg>
<doc>Verifies that the element identified by ``locator`` is visible.</doc>
<status status="PASS" start="2024-09-16T12:54:13.219626" elapsed="0.239836"/>
</kw>
<kw name="Click Element" owner="SeleniumLibrary">
<msg time="2024-09-16T12:54:13.461550" level="INFO">Clicking element 'xpath://button[normalize-space()='Done']'.</msg>
<arg>${Web-element}</arg>
<doc>Click the element identified by ``locator``.</doc>
<status status="PASS" start="2024-09-16T12:54:13.460466" elapsed="0.305820"/>
</kw>
<arg>${done_popup1_qa}</arg>
<status status="PASS" start="2024-09-16T12:54:13.217626" elapsed="0.548660"/>
</kw>
<kw name="Mouse Over" owner="SeleniumLibrary">
<msg time="2024-09-16T12:54:13.767303" level="INFO">Simulating Mouse Over on element 'xpath://textarea[@placeholder='Enter text here']'.</msg>
<arg>${carousel_card_text1_qa}</arg>
<doc>Simulates hovering the mouse over the element ``locator``.</doc>
<status status="PASS" start="2024-09-16T12:54:13.766286" elapsed="0.503179"/>
</kw>
<kw name="Wait Until Element Is Visible" owner="SeleniumLibrary">
<arg>${carousel_card_text1_qa}</arg>
<doc>Waits until the element ``locator`` is visible.</doc>
<status status="PASS" start="2024-09-16T12:54:14.269465" elapsed="0.238735"/>
</kw>
<kw name="checking_textBox_displayed_status-and_input_value_in _textbox" owner="Common_Functions">
<kw name="Element Should Be Visible" owner="SeleniumLibrary">
<msg time="2024-09-16T12:54:14.751154" level="INFO">Element 'xpath://textarea[@placeholder='Enter text here']' is displayed.</msg>
<arg>${Webelement}</arg>
<doc>Verifies that the element identified by ``locator`` is visible.</doc>
<status status="PASS" start="2024-09-16T12:54:14.510202" elapsed="0.240952"/>
</kw>
<kw name="Element Should Be Enabled" owner="SeleniumLibrary">
<arg>${Webelement}</arg>
<doc>Verifies that element identified by ``locator`` is enabled.</doc>
<status status="PASS" start="2024-09-16T12:54:14.751154" elapsed="0.358072"/>
</kw>
<kw name="Clear Element Text" owner="SeleniumLibrary">
<arg>${Webelement}</arg>
<doc>Clears the value of the text-input-element identified by ``locator``.</doc>
<status status="PASS" start="2024-09-16T12:54:15.109226" elapsed="0.279449"/>
</kw>
<kw name="Input Text" owner="SeleniumLibrary">
<msg time="2024-09-16T12:54:15.389706" level="INFO">Typing text 'Test1' into text field 'xpath://textarea[@placeholder='Enter text here']'.</msg>
<arg>${Webelement}</arg>
<arg>${input_text_value}</arg>
<doc>Types the given ``text`` into the text field identified by ``locator``.</doc>
<status status="PASS" start="2024-09-16T12:54:15.388675" elapsed="0.503427"/>
</kw>
<arg>${carousel_card_text1_qa}</arg>
<arg>${carouselcard_text_value1}</arg>
<status status="PASS" start="2024-09-16T12:54:14.509214" elapsed="1.382888"/>
</kw>
<kw name="checking_element_displayed_status-and_click_on_Icon" owner="Common_Functions">
<kw name="Element Should Be Visible" owner="SeleniumLibrary">
<msg time="2024-09-16T12:54:16.134380" level="INFO">Element 'xpath://div[normalize-space()='Add Card']' is displayed.</msg>
<arg>${Web-element}</arg>
<doc>Verifies that the element identified by ``locator`` is visible.</doc>
<status status="PASS" start="2024-09-16T12:54:15.893100" elapsed="0.241280"/>
</kw>
<kw name="Click Element" owner="SeleniumLibrary">
<msg time="2024-09-16T12:54:16.135382" level="INFO">Clicking element 'xpath://div[normalize-space()='Add Card']'.</msg>
<arg>${Web-element}</arg>
<doc>Click the element identified by ``locator``.</doc>
<status status="PASS" start="2024-09-16T12:54:16.134380" elapsed="0.353564"/>
</kw>
<arg>${carousel_card_add_image2_qa}</arg>
<status status="PASS" start="2024-09-16T12:54:15.892102" elapsed="0.596343"/>
</kw>
<kw name="Choose File" owner="SeleniumLibrary">
<msg time="2024-09-16T12:54:16.489198" level="INFO">Sending C:\Users\puchha.pavan\PycharmProjects\Telus_iTIA_Powered_by_Fuel_iX\iTIA_Powered_by_Fuel_iX\itia_datafiles\pic3.jpg to browser.</msg>
<arg>${upload_image_carousalcard_qa2}</arg>
<arg>${image_file2}</arg>
<doc>Inputs the ``file_path`` into the file input field ``locator``.</doc>
<status status="PASS" start="2024-09-16T12:54:16.488445" elapsed="0.293227"/>
</kw>
<kw name="Sleep" owner="BuiltIn">
<msg time="2024-09-16T12:54:18.782808" level="INFO">Slept 2 seconds.</msg>
<arg>2</arg>
<doc>Pauses the test executed for the given time.</doc>
<status status="PASS" start="2024-09-16T12:54:16.781672" elapsed="2.001136"/>
</kw>
<kw name="Mouse Over" owner="SeleniumLibrary">
<msg time="2024-09-16T12:54:18.784830" level="INFO">Simulating Mouse Over on element 'xpath://div[contains(text(),'Add Title Here')]'.</msg>
<arg>${carouselcard_title2_qa}</arg>
<doc>Simulates hovering the mouse over the element ``locator``.</doc>
<status status="PASS" start="2024-09-16T12:54:18.783837" elapsed="0.501080"/>
</kw>
<kw name="checking_element_displayed_status-and_click_on_Icon" owner="Common_Functions">
<kw name="Element Should Be Visible" owner="SeleniumLibrary">
<msg time="2024-09-16T12:54:19.506207" level="INFO">Element 'xpath://div[contains(text(),'Add Title Here')]' is displayed.</msg>
<arg>${Web-element}</arg>
<doc>Verifies that the element identified by ``locator`` is visible.</doc>
<status status="PASS" start="2024-09-16T12:54:19.285972" elapsed="0.220331"/>
</kw>
<kw name="Click Element" owner="SeleniumLibrary">
<msg time="2024-09-16T12:54:19.507355" level="INFO">Clicking element 'xpath://div[contains(text(),'Add Title Here')]'.</msg>
<arg>${Web-element}</arg>
<doc>Click the element identified by ``locator``.</doc>
<status status="PASS" start="2024-09-16T12:54:19.506854" elapsed="0.331200"/>
</kw>
<arg>${carouselcard_title2_qa}</arg>
<status status="PASS" start="2024-09-16T12:54:19.284917" elapsed="0.553137"/>
</kw>
<kw name="checking_textBox_displayed_status-and_input_value_in _textbox" owner="Common_Functions">
<kw name="Element Should Be Visible" owner="SeleniumLibrary">
<msg time="2024-09-16T12:54:20.060646" level="INFO">Element 'xpath://div[@data-placeholder='Name can be changed here']' is displayed.</msg>
<arg>${Webelement}</arg>
<doc>Verifies that the element identified by ``locator`` is visible.</doc>
<status status="PASS" start="2024-09-16T12:54:19.839054" elapsed="0.221592"/>
</kw>
<kw name="Element Should Be Enabled" owner="SeleniumLibrary">
<arg>${Webelement}</arg>
<doc>Verifies that element identified by ``locator`` is enabled.</doc>
<status status="PASS" start="2024-09-16T12:54:20.061254" elapsed="0.373113"/>
</kw>
<kw name="Clear Element Text" owner="SeleniumLibrary">
<arg>${Webelement}</arg>
<doc>Clears the value of the text-input-element identified by ``locator``.</doc>
<status status="PASS" start="2024-09-16T12:54:20.434367" elapsed="0.249259"/>
</kw>
<kw name="Input Text" owner="SeleniumLibrary">
<msg time="2024-09-16T12:54:20.684632" level="INFO">Typing text 'Button2' into text field 'xpath://div[@data-placeholder='Name can be changed here']'.</msg>
<arg>${Webelement}</arg>
<arg>${input_text_value}</arg>
<doc>Types the given ``text`` into the text field identified by ``locator``.</doc>
<status status="PASS" start="2024-09-16T12:54:20.683626" elapsed="0.459571"/>
</kw>
<arg>${button_title_popup2_qa}</arg>
<arg>${button_title2}</arg>
<status status="PASS" start="2024-09-16T12:54:19.838054" elapsed="1.306974"/>
</kw>
<kw name="checking_element_displayed_status-and_click_on_Icon" owner="Common_Functions">
<kw name="Element Should Be Visible" owner="SeleniumLibrary">
<msg time="2024-09-16T12:54:21.386098" level="INFO">Element 'xpath://label[normalize-space()='URL']' is displayed.</msg>
<arg>${Web-element}</arg>
<doc>Verifies that the element identified by ``locator`` is visible.</doc>
<status status="PASS" start="2024-09-16T12:54:21.147972" elapsed="0.238126"/>
</kw>
<kw name="Click Element" owner="SeleniumLibrary">
<msg time="2024-09-16T12:54:21.387099" level="INFO">Clicking element 'xpath://label[normalize-space()='URL']'.</msg>
<arg>${Web-element}</arg>
<doc>Click the element identified by ``locator``.</doc>
<status status="PASS" start="2024-09-16T12:54:21.386600" elapsed="0.264051"/>
</kw>
<arg>${url_popup_qa}</arg>
<status status="PASS" start="2024-09-16T12:54:21.146134" elapsed="0.505790"/>
</kw>
<kw name="checking_textBox_displayed_status-and_input_value_in _textbox" owner="Common_Functions">
<kw name="Element Should Be Visible" owner="SeleniumLibrary">
<msg time="2024-09-16T12:54:21.885740" level="INFO">Element 'xpath://div[contains(@data-placeholder,'Enter URL')]' is displayed.</msg>
<arg>${Webelement}</arg>
<doc>Verifies that the element identified by ``locator`` is visible.</doc>
<status status="PASS" start="2024-09-16T12:54:21.653037" elapsed="0.232703"/>
</kw>
<kw name="Element Should Be Enabled" owner="SeleniumLibrary">
<arg>${Webelement}</arg>
<doc>Verifies that element identified by ``locator`` is enabled.</doc>
<status status="PASS" start="2024-09-16T12:54:21.885740" elapsed="0.337023"/>
</kw>
<kw name="Clear Element Text" owner="SeleniumLibrary">
<arg>${Webelement}</arg>
<doc>Clears the value of the text-input-element identified by ``locator``.</doc>
<status status="PASS" start="2024-09-16T12:54:22.222763" elapsed="0.256260"/>
</kw>
<kw name="Input Text" owner="SeleniumLibrary">
<msg time="2024-09-16T12:54:22.479023" level="INFO">Typing text 'https://www.w3schools.com/cssref/css_selectors.php' into text field 'xpath://div[contains(@data-placeholder,'Enter URL')]'.</msg>
<arg>${Webelement}</arg>
<arg>${input_text_value}</arg>
<doc>Types the given ``text`` into the text field identified by ``locator``.</doc>
<status status="PASS" start="2024-09-16T12:54:22.479023" elapsed="0.486049"/>
</kw>
<arg>${enter_url_popup_qa}</arg>
<arg>${url_popup}</arg>
<status status="PASS" start="2024-09-16T12:54:21.651924" elapsed="1.313148"/>
</kw>
<kw name="Sleep" owner="BuiltIn">
<msg time="2024-09-16T12:54:24.965736" level="INFO">Slept 2 seconds.</msg>
<arg>2</arg>
<doc>Pauses the test executed for the given time.</doc>
<status status="PASS" start="2024-09-16T12:54:22.965072" elapsed="2.000664"/>
</kw>
<kw name="Wait Until Element Is Enabled" owner="SeleniumLibrary">
<arg>${done_popup2_qa}</arg>
<doc>Waits until the element ``locator`` is enabled.</doc>
<status status="PASS" start="2024-09-16T12:54:24.965736" elapsed="0.343266"/>
</kw>
<kw name="checking_element_displayed_status-and_click_on_Icon" owner="Common_Functions">
<kw name="Element Should Be Visible" owner="SeleniumLibrary">
<msg time="2024-09-16T12:54:25.549585" level="INFO">Element 'xpath://button[normalize-space()='Done']' is displayed.</msg>
<arg>${Web-element}</arg>
<doc>Verifies that the element identified by ``locator`` is visible.</doc>
<status status="PASS" start="2024-09-16T12:54:25.310001" elapsed="0.239584"/>
</kw>
<kw name="Click Element" owner="SeleniumLibrary">
<msg time="2024-09-16T12:54:25.550583" level="INFO">Clicking element 'xpath://button[normalize-space()='Done']'.</msg>
<arg>${Web-element}</arg>
<doc>Click the element identified by ``locator``.</doc>
<status status="PASS" start="2024-09-16T12:54:25.549585" elapsed="0.346341"/>
</kw>
<arg>${done_popup2_qa}</arg>
<status status="PASS" start="2024-09-16T12:54:25.309002" elapsed="0.586924"/>
</kw>
<kw name="Mouse Over" owner="SeleniumLibrary">
<msg time="2024-09-16T12:54:25.895926" level="INFO">Simulating Mouse Over on element 'xpath:(//textarea[@placeholder='Enter text here'])[2]'.</msg>
<arg>${carousel_card_text2_qa}</arg>
<doc>Simulates hovering the mouse over the element ``locator``.</doc>
<status status="PASS" start="2024-09-16T12:54:25.895926" elapsed="0.493815"/>
</kw>
<kw name="Wait Until Element Is Visible" owner="SeleniumLibrary">
<arg>${carousel_card_text2_qa}</arg>
<doc>Waits until the element ``locator`` is visible.</doc>
<status status="PASS" start="2024-09-16T12:54:26.390242" elapsed="0.226740"/>
</kw>
<kw name="checking_textBox_displayed_status-and_input_value_in _textbox" owner="Common_Functions">
<kw name="Element Should Be Visible" owner="SeleniumLibrary">
<msg time="2024-09-16T12:54:26.844266" level="INFO">Element 'xpath:(//textarea[@placeholder='Enter text here'])[2]' is displayed.</msg>
<arg>${Webelement}</arg>
<doc>Verifies that the element identified by ``locator`` is visible.</doc>
<status status="PASS" start="2024-09-16T12:54:26.619828" elapsed="0.224438"/>
</kw>
<kw name="Element Should Be Enabled" owner="SeleniumLibrary">
<arg>${Webelement}</arg>
<doc>Verifies that element identified by ``locator`` is enabled.</doc>
<status status="PASS" start="2024-09-16T12:54:26.844266" elapsed="0.331862"/>
</kw>
<kw name="Clear Element Text" owner="SeleniumLibrary">
<arg>${Webelement}</arg>
<doc>Clears the value of the text-input-element identified by ``locator``.</doc>
<status status="PASS" start="2024-09-16T12:54:27.176128" elapsed="0.240892"/>
</kw>
<kw name="Input Text" owner="SeleniumLibrary">
<msg time="2024-09-16T12:54:27.417020" level="INFO">Typing text 'Test2' into text field 'xpath:(//textarea[@placeholder='Enter text here'])[2]'.</msg>
<arg>${Webelement}</arg>
<arg>${input_text_value}</arg>
<doc>Types the given ``text`` into the text field identified by ``locator``.</doc>
<status status="PASS" start="2024-09-16T12:54:27.417020" elapsed="0.490445"/>
</kw>
<arg>${carousel_card_text2_qa}</arg>
<arg>${carouselcard_text_value2}</arg>
<status status="PASS" start="2024-09-16T12:54:26.617595" elapsed="1.289870"/>
</kw>
<kw name="Wait Until Element Is Enabled" owner="SeleniumLibrary">
<arg>${button_save}</arg>
<doc>Waits until the element ``locator`` is enabled.</doc>
<status status="PASS" start="2024-09-16T12:54:27.907465" elapsed="0.340270"/>
</kw>
<kw name="checking_element_displayed_status-and_click_on_Icon" owner="Common_Functions">
<kw name="Element Should Be Visible" owner="SeleniumLibrary">
<msg time="2024-09-16T12:54:28.474348" level="INFO">Element 'xpath://*[@class='btn b-success btn-spacing undefined']' is displayed.</msg>
<arg>${Web-element}</arg>
<doc>Verifies that the element identified by ``locator`` is visible.</doc>
<status status="PASS" start="2024-09-16T12:54:28.248746" elapsed="0.225602"/>
</kw>
<kw name="Click Element" owner="SeleniumLibrary">
<msg time="2024-09-16T12:54:28.475354" level="INFO">Clicking element 'xpath://*[@class='btn b-success btn-spacing undefined']'.</msg>
<arg>${Web-element}</arg>
<doc>Click the element identified by ``locator``.</doc>
<status status="PASS" start="2024-09-16T12:54:28.474348" elapsed="0.295606"/>
</kw>
<arg>${button_save}</arg>
<status status="PASS" start="2024-09-16T12:54:28.247735" elapsed="0.522219"/>
</kw>
<kw name="verifying_validation_message" owner="Common_Functions">
<kw name="Wait Until Element Is Visible" owner="SeleniumLibrary">
<arg>${Webelement}</arg>
<doc>Waits until the element ``locator`` is visible.</doc>
<status status="PASS" start="2024-09-16T12:54:28.770957" elapsed="1.046021"/>
</kw>
<kw name="Get Text" owner="SeleniumLibrary">
<msg time="2024-09-16T12:54:30.082757" level="INFO">${toast_msg} = Template Created Successfully.</msg>
<var>${toast_msg}</var>
<arg>${Webelement}</arg>
<doc>Returns the text value of the element identified by ``locator``.</doc>
<status status="PASS" start="2024-09-16T12:54:29.818277" elapsed="0.264480"/>
</kw>
<kw name="Log To Console" owner="BuiltIn">
<arg>${toast_msg}</arg>
<doc>Logs the given message to the console.</doc>
<status status="PASS" start="2024-09-16T12:54:30.083409" elapsed="0.000500"/>
</kw>
<kw name="Should Be Equal" owner="BuiltIn">
<arg>${toast_msg}</arg>
<arg>${Expected_message}</arg>
<doc>Fails if the given objects are unequal.</doc>
<status status="PASS" start="2024-09-16T12:54:30.084915" elapsed="0.000000"/>
</kw>
<arg>${success_intent_msg}</arg>
<arg>${expected_Intent_success_validation_msg}</arg>
<status status="PASS" start="2024-09-16T12:54:28.769954" elapsed="1.314961"/>
</kw>
<status status="PASS" start="2024-09-16T12:53:31.476006" elapsed="58.608909"/>
</kw>
<kw name="closing_the_browser" owner="BaseClass_Keyword" type="TEARDOWN">
<kw name="Run Keyword If Test Failed" owner="BuiltIn">
<arg>Capture Page Screenshot</arg>
<arg>Faild_screenshot.png</arg>
<doc>Runs the given keyword with the given arguments, if the test failed.</doc>
<status status="PASS" start="2024-09-16T12:54:30.085915" elapsed="0.000000"/>
</kw>
<kw name="Close Browser" owner="SeleniumLibrary">
<doc>Closes the current browser.</doc>
<status status="PASS" start="2024-09-16T12:54:30.085915" elapsed="2.354111"/>
</kw>
<doc>This keyword for closing the current browser</doc>
<status status="PASS" start="2024-09-16T12:54:30.084915" elapsed="2.355111"/>
</kw>
<doc>Verify_User_Adds_AnswerCard_Inside_Intent_To_Qa_CentralRepo_And_Validate_Sucess_Message.</doc>
<tag>Regerssion Testing</tag>
<status status="PASS" start="2024-09-16T12:52:47.892446" elapsed="104.547580"/>
</test>
<status status="PASS" start="2024-09-16T12:52:47.420000" elapsed="105.023153"/>
</suite>
<suite id="s1-s2" name="Test Verify User Create NewTemplateFolder Rename And Delete To Flow And Qa CentralRepo And Validate Sucess Message" source="C:\Users\puchha.pavan\PycharmProjects\Telus_iTIA_Powered_by_Fuel_iX\iTIA_Powered_by_Fuel_iX\itia_testcases\Central_RepositoryPage_TC\Test_Verify_User_Create_NewTemplateFolder_Rename_And_Delete_To_Flow_And_Qa_CentralRepo_And_Validate_Sucess_Message.robot">
<test id="s1-s2-t1" name="Verify User Create NewTemplateFolder Rename And Delete To Flow/Qa CentralRepo And Validate Sucesses Message" line="8">
<kw name="launching_the_browser" owner="BaseClass_Keyword" type="SETUP">
<kw name="Open Browser" owner="SeleniumLibrary">
<msg time="2024-09-16T12:52:47.942890" level="INFO">Opening browser 'chrome' to base url 'https://mqa2.xavlab.xyz/'.</msg>
<arg>${site-url}</arg>
<arg>${browser}</arg>
<doc>Opens a new browser instance to the optional ``url``.</doc>
<status status="PASS" start="2024-09-16T12:52:47.942380" elapsed="35.527809"/>
</kw>
<kw name="Maximize Browser Window" owner="SeleniumLibrary">
<doc>Maximizes current browser window.</doc>
<status status="PASS" start="2024-09-16T12:53:23.470862" elapsed="0.039041"/>
</kw>
<kw name="Set Selenium Implicit Wait" owner="SeleniumLibrary">
<arg>10Seconds</arg>
<doc>Sets the implicit wait value used by Selenium.</doc>
<status status="PASS" start="2024-09-16T12:53:23.510403" elapsed="0.014905"/>
</kw>
<kw name="clear_all_ookies" owner="Common_Functions">
<kw name="Delete All Cookies" owner="SeleniumLibrary">
<doc>Deletes all cookies.</doc>
<status status="PASS" start="2024-09-16T12:53:23.526554" elapsed="0.016052"/>
</kw>
<doc>Clear all cookies</doc>
<status status="PASS" start="2024-09-16T12:53:23.525808" elapsed="0.017298"/>
</kw>
<kw name="Set Selenium Speed" owner="SeleniumLibrary">
<arg>0.1</arg>
<doc>Sets the delay that is waited after each Selenium command.</doc>
<status status="PASS" start="2024-09-16T12:53:23.543609" elapsed="0.000497"/>
</kw>
<doc>This keyword for launching the browser</doc>
<status status="PASS" start="2024-09-16T12:52:47.940380" elapsed="35.604226"/>
</kw>
<kw name="Verify_Login_With_Valid_Credentials" owner="Common_Functions">
<kw name="input_username_onloginpage" owner="LoginPage_Keyword">
<kw name="Sleep" owner="BuiltIn">
<msg time="2024-09-16T12:53:25.548823" level="INFO">Slept 2 seconds.</msg>
<arg>2</arg>
<doc>Pauses the test executed for the given time.</doc>
<status status="PASS" start="2024-09-16T12:53:23.547798" elapsed="2.001025"/>
</kw>
<kw name="checking_textBox_displayed_status-and_input_value_in _textbox" owner="Common_Functions">
<kw name="Element Should Be Visible" owner="SeleniumLibrary">
<msg time="2024-09-16T12:53:25.787570" level="INFO">Element 'name:username' is displayed.</msg>
<arg>${Webelement}</arg>
<doc>Verifies that the element identified by ``locator`` is visible.</doc>
<status status="PASS" start="2024-09-16T12:53:25.550454" elapsed="0.237116"/>
</kw>
<kw name="Element Should Be Enabled" owner="SeleniumLibrary">
<arg>${Webelement}</arg>
<doc>Verifies that element identified by ``locator`` is enabled.</doc>
<status status="PASS" start="2024-09-16T12:53:25.788049" elapsed="0.341065"/>
</kw>
<kw name="Clear Element Text" owner="SeleniumLibrary">
<arg>${Webelement}</arg>
<doc>Clears the value of the text-input-element identified by ``locator``.</doc>
<status status="PASS" start="2024-09-16T12:53:26.129849" elapsed="0.275651"/>
</kw>
<kw name="Input Text" owner="SeleniumLibrary">
<msg time="2024-09-16T12:53:26.406001" level="INFO">Typing text 'puchha.pavan@telusinternational.com' into text field 'name:username'.</msg>
<arg>${Webelement}</arg>
<arg>${input_text_value}</arg>
<doc>Types the given ``text`` into the text field identified by ``locator``.</doc>
<status status="PASS" start="2024-09-16T12:53:26.405500" elapsed="0.496469"/>
</kw>
<arg>${txt_loginpageusername}</arg>
<arg>${username}</arg>
<status status="PASS" start="2024-09-16T12:53:25.549324" elapsed="1.352645"/>
</kw>
<arg>${username}</arg>
<status status="PASS" start="2024-09-16T12:53:23.546798" elapsed="3.355741"/>
</kw>
<kw name="click_login_button_onloginpage" owner="LoginPage_Keyword">
<kw name="Wait Until Page Contains Element" owner="SeleniumLibrary">
<arg>${txt_clickloginbutton}</arg>
<doc>Waits until the element ``locator`` appears on the current page.</doc>
<status status="PASS" start="2024-09-16T12:53:26.904039" elapsed="0.126029"/>
</kw>
<kw name="checking_button_displayed_status-and_click_on_button" owner="Common_Functions">
<kw name="Element Should Be Visible" owner="SeleniumLibrary">
<msg time="2024-09-16T12:53:27.253855" level="INFO">Element 'xpath://*[text()='Login']' is displayed.</msg>
<arg>${Webelement}</arg>
<doc>Verifies that the element identified by ``locator`` is visible.</doc>
<status status="PASS" start="2024-09-16T12:53:27.031060" elapsed="0.222795"/>
</kw>
<kw name="Click Button" owner="SeleniumLibrary">
<msg time="2024-09-16T12:53:27.254855" level="INFO">Clicking button 'xpath://*[text()='Login']'.</msg>
<arg>${Webelement}</arg>
<doc>Clicks the button identified by ``locator``.</doc>
<status status="PASS" start="2024-09-16T12:53:27.254356" elapsed="0.809993"/>
</kw>
<arg>${txt_clickloginbutton}</arg>
<status status="PASS" start="2024-09-16T12:53:27.030068" elapsed="1.034281"/>
</kw>
<status status="PASS" start="2024-09-16T12:53:26.903041" elapsed="1.161680"/>
</kw>
<kw name="input_domain-name_onloginpage" owner="LoginPage_Keyword">
<kw name="Wait Until Page Contains Element" owner="SeleniumLibrary">
<arg>${txt_loginpagedomain}</arg>
<doc>Waits until the element ``locator`` appears on the current page.</doc>
<status status="PASS" start="2024-09-16T12:53:28.066267" elapsed="0.423810"/>
</kw>
<kw name="checking_textBox_displayed_status-and_input_value_in _textbox" owner="Common_Functions">
<kw name="Element Should Be Visible" owner="SeleniumLibrary">
<msg time="2024-09-16T12:53:28.740629" level="INFO">Element 'xpath://*[@placeholder='Enter domain']' is displayed.</msg>
<arg>${Webelement}</arg>
<doc>Verifies that the element identified by ``locator`` is visible.</doc>
<status status="PASS" start="2024-09-16T12:53:28.492077" elapsed="0.248639"/>
</kw>
<kw name="Element Should Be Enabled" owner="SeleniumLibrary">
<arg>${Webelement}</arg>
<doc>Verifies that element identified by ``locator`` is enabled.</doc>
<status status="PASS" start="2024-09-16T12:53:28.741166" elapsed="0.374821"/>
</kw>
<kw name="Clear Element Text" owner="SeleniumLibrary">
<arg>${Webelement}</arg>
<doc>Clears the value of the text-input-element identified by ``locator``.</doc>
<status status="PASS" start="2024-09-16T12:53:29.116986" elapsed="0.247115"/>
</kw>
<kw name="Input Text" owner="SeleniumLibrary">
<msg time="2024-09-16T12:53:29.365101" level="INFO">Typing text 'xd' into text field 'xpath://*[@placeholder='Enter domain']'.</msg>
<arg>${Webelement}</arg>
<arg>${input_text_value}</arg>
<doc>Types the given ``text`` into the text field identified by ``locator``.</doc>
<status status="PASS" start="2024-09-16T12:53:29.364101" elapsed="0.421667"/>
</kw>
<arg>${txt_loginpagedomain}</arg>
<arg>${domain_name}</arg>
<status status="PASS" start="2024-09-16T12:53:28.491082" elapsed="1.294686"/>
</kw>
<arg>${domain_name}</arg>
<status status="PASS" start="2024-09-16T12:53:28.065008" elapsed="1.721260"/>
</kw>
<kw name="click_login_button_onloginpage" owner="LoginPage_Keyword">
<kw name="Wait Until Page Contains Element" owner="SeleniumLibrary">
<arg>${txt_clickloginbutton}</arg>
<doc>Waits until the element ``locator`` appears on the current page.</doc>
<status status="PASS" start="2024-09-16T12:53:29.788311" elapsed="0.119027"/>
</kw>
<kw name="checking_button_displayed_status-and_click_on_button" owner="Common_Functions">
<kw name="Element Should Be Visible" owner="SeleniumLibrary">
<msg time="2024-09-16T12:53:30.226441" level="INFO">Element 'xpath://*[text()='Login']' is displayed.</msg>
<arg>${Webelement}</arg>
<doc>Verifies that the element identified by ``locator`` is visible.</doc>
<status status="PASS" start="2024-09-16T12:53:29.908549" elapsed="0.318419"/>
</kw>
<kw name="Click Button" owner="SeleniumLibrary">
<msg time="2024-09-16T12:53:30.227963" level="INFO">Clicking button 'xpath://*[text()='Login']'.</msg>
<arg>${Webelement}</arg>
<doc>Clicks the button identified by ``locator``.</doc>
<status status="PASS" start="2024-09-16T12:53:30.227462" elapsed="1.071003"/>
</kw>
<arg>${txt_clickloginbutton}</arg>
<status status="PASS" start="2024-09-16T12:53:29.907838" elapsed="1.390876"/>
</kw>
<status status="PASS" start="2024-09-16T12:53:29.786740" elapsed="1.512474"/>
</kw>
<kw name="input_password_onloginpage" owner="LoginPage_Keyword">
<kw name="checking_textBox_displayed_status-and_input_value_in _textbox" owner="Common_Functions">
<kw name="Element Should Be Visible" owner="SeleniumLibrary">
<msg time="2024-09-16T12:53:31.608955" level="INFO">Element 'xpath://*[@placeholder='Enter password']' is displayed.</msg>
<arg>${Webelement}</arg>
<doc>Verifies that the element identified by ``locator`` is visible.</doc>
<status status="PASS" start="2024-09-16T12:53:31.301738" elapsed="0.307217"/>
</kw>
<kw name="Element Should Be Enabled" owner="SeleniumLibrary">
<arg>${Webelement}</arg>
<doc>Verifies that element identified by ``locator`` is enabled.</doc>
<status status="PASS" start="2024-09-16T12:53:31.608955" elapsed="0.356176"/>
</kw>
<kw name="Clear Element Text" owner="SeleniumLibrary">
<arg>${Webelement}</arg>
<doc>Clears the value of the text-input-element identified by ``locator``.</doc>
<status status="PASS" start="2024-09-16T12:53:31.965465" elapsed="0.379050"/>
</kw>
<kw name="Input Text" owner="SeleniumLibrary">
<msg time="2024-09-16T12:53:32.346009" level="INFO">Typing text '*Pavan@7351' into text field 'xpath://*[@placeholder='Enter password']'.</msg>
<arg>${Webelement}</arg>
<arg>${input_text_value}</arg>
<doc>Types the given ``text`` into the text field identified by ``locator``.</doc>
<status status="PASS" start="2024-09-16T12:53:32.345016" elapsed="1.268741"/>
</kw>
<arg>${txt_loginpagepassword}</arg>
<arg>${password}</arg>
<status status="PASS" start="2024-09-16T12:53:31.301238" elapsed="2.312902"/>
</kw>
<arg>${password}</arg>
<status status="PASS" start="2024-09-16T12:53:31.299214" elapsed="2.314926"/>
</kw>
<kw name="click_login_button_onloginpage" owner="LoginPage_Keyword">
<kw name="Wait Until Page Contains Element" owner="SeleniumLibrary">
<arg>${txt_clickloginbutton}</arg>
<doc>Waits until the element ``locator`` appears on the current page.</doc>
<status status="PASS" start="2024-09-16T12:53:33.615640" elapsed="0.129313"/>
</kw>
<kw name="checking_button_displayed_status-and_click_on_button" owner="Common_Functions">
<kw name="Element Should Be Visible" owner="SeleniumLibrary">
<msg time="2024-09-16T12:53:34.058235" level="INFO">Element 'xpath://*[text()='Login']' is displayed.</msg>
<arg>${Webelement}</arg>
<doc>Verifies that the element identified by ``locator`` is visible.</doc>
<status status="PASS" start="2024-09-16T12:53:33.746960" elapsed="0.312184"/>
</kw>
<kw name="Click Button" owner="SeleniumLibrary">
<msg time="2024-09-16T12:53:34.060210" level="INFO">Clicking button 'xpath://*[text()='Login']'.</msg>
<arg>${Webelement}</arg>
<doc>Clicks the button identified by ``locator``.</doc>
<status status="PASS" start="2024-09-16T12:53:34.059643" elapsed="1.089131"/>
</kw>
<arg>${txt_clickloginbutton}</arg>
<status status="PASS" start="2024-09-16T12:53:33.745960" elapsed="1.403314"/>
</kw>
<status status="PASS" start="2024-09-16T12:53:33.614640" elapsed="1.534634"/>
</kw>
<tag>Smoke Test</tag>
<doc>Testing Login With Valid Credentials</doc>
<status status="PASS" start="2024-09-16T12:53:23.545633" elapsed="11.603641"/>
</kw>
<kw name="closing_the_browser" owner="BaseClass_Keyword" type="TEARDOWN">
<kw name="Run Keyword If Test Failed" owner="BuiltIn">
<arg>Capture Page Screenshot</arg>
<arg>Faild_screenshot.png</arg>
<doc>Runs the given keyword with the given arguments, if the test failed.</doc>
<status status="PASS" start="2024-09-16T12:53:35.150925" elapsed="0.000498"/>
</kw>
<kw name="Close Browser" owner="SeleniumLibrary">
<doc>Closes the current browser.</doc>
<status status="PASS" start="2024-09-16T12:53:35.151923" elapsed="3.560155"/>
</kw>
<doc>This keyword for closing the current browser</doc>
<status status="PASS" start="2024-09-16T12:53:35.150285" elapsed="3.561793"/>
</kw>
[...]
<kw name="Element Should Be Visible" owner="SeleniumLibrary">
<msg time="2024-09-16T12:53:53.796119" level="INFO">Element 'xpath://button[@class='btn b-other']' is displayed.</msg>
<arg>${Web-element}</arg>
<doc>Verifies that the element identified by ``locator`` is visible.</doc>
<status status="PASS" start="2024-09-16T12:53:53.546731" elapsed="0.249388"/>
</kw>
<kw name="Click Element" owner="SeleniumLibrary">
<msg time="2024-09-16T12:53:53.798115" level="INFO">Clicking element 'xpath://button[@class='btn b-other']'.</msg>
<arg>${Web-element}</arg>
<doc>Click the element identified by ``locator``.</doc>
<status status="PASS" start="2024-09-16T12:53:53.797114" elapsed="0.432153"/>
</kw>
<arg>${back_button_qa}</arg>
<status status="PASS" start="2024-09-16T12:53:53.545731" elapsed="0.683536"/>
</kw>
<kw name="checking_element_displayed_status-and_click_on_Icon" owner="Common_Functions">
<kw name="Element Should Be Visible" owner="SeleniumLibrary">
<msg time="2024-09-16T12:53:54.919464" level="INFO">Element 'xpath:(//img[@title='Edit'])[1]' is displayed.</msg>
<arg>${Web-element}</arg>
<doc>Verifies that the element identified by ``locator`` is visible.</doc>
<status status="PASS" start="2024-09-16T12:53:54.230261" elapsed="0.689703"/>
</kw>
<kw name="Click Element" owner="SeleniumLibrary">
<msg time="2024-09-16T12:53:54.921758" level="INFO">Clicking element 'xpath:(//img[@title='Edit'])[1]'.</msg>
<arg>${Web-element}</arg>
<doc>Click the element identified by ``locator``.</doc>
<status status="PASS" start="2024-09-16T12:53:54.920462" elapsed="0.318948"/>
</kw>
<arg>${edit_action_qa}</arg>
<status status="PASS" start="2024-09-16T12:53:54.229267" elapsed="1.010143"/>
</kw>
<kw name="Clear Element Text" owner="SeleniumLibrary">
<arg>${title_name_qa}</arg>
<doc>Clears the value of the text-input-element identified by ``locator``.</doc>
<status status="PASS" start="2024-09-16T12:53:55.239910" elapsed="1.865833"/>
</kw>
<kw name="checking_textBox_displayed_status-and_input_value_in _textbox" owner="Common_Functions">
<kw name="Element Should Be Visible" owner="SeleniumLibrary">
<msg time="2024-09-16T12:53:57.339348" level="INFO">Element 'xpath://*[@placeholder='Enter template title here']' is displayed.</msg>
<arg>${Webelement}</arg>
<doc>Verifies that the element identified by ``locator`` is visible.</doc>
<status status="PASS" start="2024-09-16T12:53:57.106742" elapsed="0.232606"/>
</kw>
<kw name="Element Should Be Enabled" owner="SeleniumLibrary">
<arg>${Webelement}</arg>
<doc>Verifies that element identified by ``locator`` is enabled.</doc>
<status status="PASS" start="2024-09-16T12:53:57.340346" elapsed="0.345979"/>
</kw>
<kw name="Clear Element Text" owner="SeleniumLibrary">
<arg>${Webelement}</arg>
<doc>Clears the value of the text-input-element identified by ``locator``.</doc>
<status status="PASS" start="2024-09-16T12:53:57.686825" elapsed="0.415343"/>
</kw>
<kw name="Input Text" owner="SeleniumLibrary">
<msg time="2024-09-16T12:53:58.103356" level="INFO">Typing text 'TestRPA' into text field 'xpath://*[@placeholder='Enter template title here']'.</msg>
<arg>${Webelement}</arg>
<arg>${input_text_value}</arg>
<doc>Types the given ``text`` into the text field identified by ``locator``.</doc>
<status status="PASS" start="2024-09-16T12:53:58.102668" elapsed="0.607014"/>
</kw>
<arg>${title_name_qa}</arg>
<arg>${edit_title_name_qa}</arg>
<status status="PASS" start="2024-09-16T12:53:57.105743" elapsed="1.603939"/>
</kw>
<kw name="checking_element_displayed_status-and_click_on_Icon" owner="Common_Functions">
<kw name="Element Should Be Visible" owner="SeleniumLibrary">
<msg time="2024-09-16T12:53:58.959540" level="INFO">Element 'xpath://span[normalize-space()='Add Question']' is displayed.</msg>
<arg>${Web-element}</arg>
<doc>Verifies that the element identified by ``locator`` is visible.</doc>
<status status="PASS" start="2024-09-16T12:53:58.713213" elapsed="0.246327"/>
</kw>
<kw name="Click Element" owner="SeleniumLibrary">
<msg time="2024-09-16T12:53:58.961533" level="INFO">Clicking element 'xpath://span[normalize-space()='Add Question']'.</msg>
<arg>${Web-element}</arg>
<doc>Click the element identified by ``locator``.</doc>
<status status="PASS" start="2024-09-16T12:53:58.960531" elapsed="0.314588"/>
</kw>
<arg>${add_question_icon_qa}</arg>
<status status="PASS" start="2024-09-16T12:53:58.711247" elapsed="0.563872"/>
</kw>
<kw name="checking_textBox_displayed_status-and_input_value_in _textbox" owner="Common_Functions">
<kw name="Element Should Be Visible" owner="SeleniumLibrary">
<msg time="2024-09-16T12:53:59.624234" level="INFO">Element 'xpath:(//*[@data-placeholder='Add question here'])[2]' is displayed.</msg>
<arg>${Webelement}</arg>
<doc>Verifies that the element identified by ``locator`` is visible.</doc>
<status status="PASS" start="2024-09-16T12:53:59.276580" elapsed="0.347654"/>
</kw>
<kw name="Element Should Be Enabled" owner="SeleniumLibrary">
<arg>${Webelement}</arg>
<doc>Verifies that element identified by ``locator`` is enabled.</doc>
<status status="PASS" start="2024-09-16T12:53:59.624234" elapsed="0.354927"/>
</kw>
<kw name="Clear Element Text" owner="SeleniumLibrary">
<arg>${Webelement}</arg>
<doc>Clears the value of the text-input-element identified by ``locator``.</doc>
<status status="PASS" start="2024-09-16T12:53:59.979662" elapsed="0.253210"/>
</kw>
<kw name="Input Text" owner="SeleniumLibrary">
<msg time="2024-09-16T12:54:00.232872" level="INFO">Typing text 'I want to know my billing details' into text field 'xpath:(//*[@data-placeholder='Add question here'])[2]'.</msg>
<arg>${Webelement}</arg>
<arg>${input_text_value}</arg>
<doc>Types the given ``text`` into the text field identified by ``locator``.</doc>
<status status="PASS" start="2024-09-16T12:54:00.232872" elapsed="0.600211"/>
</kw>
<arg>${enter_secound_question_qa}</arg>
<arg>${edit_question_qa}</arg>
<status status="PASS" start="2024-09-16T12:53:59.275685" elapsed="1.557398"/>
</kw>
<kw name="checking_element_displayed_status-and_click_on_Icon" owner="Common_Functions">
<kw name="Element Should Be Visible" owner="SeleniumLibrary">
<msg time="2024-09-16T12:54:01.066878" level="INFO">Element 'xpath://*[@class='btn b-success btn-spacing undefined']' is displayed.</msg>
<arg>${Web-element}</arg>
<doc>Verifies that the element identified by ``locator`` is visible.</doc>
<status status="PASS" start="2024-09-16T12:54:00.834332" elapsed="0.232546"/>
</kw>
<kw name="Click Element" owner="SeleniumLibrary">
<msg time="2024-09-16T12:54:01.067806" level="INFO">Clicking element 'xpath://*[@class='btn b-success btn-spacing undefined']'.</msg>
<arg>${Web-element}</arg>
<doc>Click the element identified by ``locator``.</doc>
<status status="PASS" start="2024-09-16T12:54:01.067309" elapsed="0.356830"/>
</kw>
<arg>${button_save_qa}</arg>
<status status="PASS" start="2024-09-16T12:54:00.833581" elapsed="0.590558"/>
</kw>
<kw name="verifying_validation_message" owner="Common_Functions">
<kw name="Wait Until Element Is Visible" owner="SeleniumLibrary">
<arg>${Webelement}</arg>
<doc>Waits until the element ``locator`` is visible.</doc>
<status status="PASS" start="2024-09-16T12:54:01.425837" elapsed="1.287592"/>
</kw>
<kw name="Get Text" owner="SeleniumLibrary">
<msg time="2024-09-16T12:54:02.974914" level="INFO">${toast_msg} = Template Updated Successfully.</msg>
<var>${toast_msg}</var>
<arg>${Webelement}</arg>
<doc>Returns the text value of the element identified by ``locator``.</doc>
<status status="PASS" start="2024-09-16T12:54:02.713429" elapsed="0.261485"/>
</kw>
<kw name="Log To Console" owner="BuiltIn">
<arg>${toast_msg}</arg>
<doc>Logs the given message to the console.</doc>
<status status="PASS" start="2024-09-16T12:54:02.974914" elapsed="0.000499"/>
</kw>
<kw name="Should Be Equal" owner="BuiltIn">
<arg>${toast_msg}</arg>
<arg>${Expected_message}</arg>
<doc>Fails if the given objects are unequal.</doc>
<status status="PASS" start="2024-09-16T12:54:02.975413" elapsed="0.001407"/>
</kw>
<arg>${success_intent_msg_qa}</arg>
<arg>${expected_edit_qa_intent_message}</arg>
<status status="PASS" start="2024-09-16T12:54:01.425142" elapsed="1.551678"/>
</kw>
<status status="PASS" start="2024-09-16T12:53:28.611299" elapsed="34.366020"/>
</kw>
<kw name="Duplicate_The_ExistingIntet_In_QA" owner="CentralRepositoryPage_Keyword">
<kw name="checking_element_displayed_status-and_click_on_Icon" owner="Common_Functions">
<kw name="Element Should Be Visible" owner="SeleniumLibrary">
<msg time="2024-09-16T12:54:03.202476" level="INFO">Element 'xpath://button[@class='btn b-other']' is displayed.</msg>
<arg>${Web-element}</arg>
<doc>Verifies that the element identified by ``locator`` is visible.</doc>
<status status="PASS" start="2024-09-16T12:54:02.978481" elapsed="0.223995"/>
</kw>
<kw name="Click Element" owner="SeleniumLibrary">
<msg time="2024-09-16T12:54:03.204582" level="INFO">Clicking element 'xpath://button[@class='btn b-other']'.</msg>
<arg>${Web-element}</arg>
<doc>Click the element identified by ``locator``.</doc>
<status status="PASS" start="2024-09-16T12:54:03.202964" elapsed="0.341277"/>
</kw>
<arg>${back_button_qa}</arg>
<status status="PASS" start="2024-09-16T12:54:02.977980" elapsed="0.566761"/>
</kw>
<kw name="checking_element_displayed_status-and_click_on_Icon" owner="Common_Functions">
<kw name="Element Should Be Visible" owner="SeleniumLibrary">
<msg time="2024-09-16T12:54:04.451536" level="INFO">Element 'xpath:(//img[@title='Duplicate'])[1]' is displayed.</msg>
<arg>${Web-element}</arg>
<doc>Verifies that the element identified by ``locator`` is visible.</doc>
<status status="PASS" start="2024-09-16T12:54:03.546698" elapsed="0.904838"/>
</kw>
<kw name="Click Element" owner="SeleniumLibrary">
<msg time="2024-09-16T12:54:04.453338" level="INFO">Clicking element 'xpath:(//img[@title='Duplicate'])[1]'.</msg>
<arg>${Web-element}</arg>
<doc>Click the element identified by ``locator``.</doc>
<status status="PASS" start="2024-09-16T12:54:04.452063" elapsed="0.421987"/>
</kw>
<arg>${duplicate_action_qa}</arg>
<status status="PASS" start="2024-09-16T12:54:03.545241" elapsed="1.329309"/>
</kw>
<kw name="checking_element_displayed_status-and_click_on_Icon" owner="Common_Functions">
<kw name="Element Should Be Visible" owner="SeleniumLibrary">
<msg time="2024-09-16T12:54:05.507175" level="INFO">Element 'xpath://div[@class='popup-body force-overflow scrollbar tab-scroll']//span[contains(text(),'Test_AutomationRPA')]' is displayed.</msg>
<arg>${Web-element}</arg>
<doc>Verifies that the element identified by ``locator`` is visible.</doc>
<status status="PASS" start="2024-09-16T12:54:04.876056" elapsed="0.631307"/>
</kw>
<kw name="Click Element" owner="SeleniumLibrary">
<msg time="2024-09-16T12:54:05.508090" level="INFO">Clicking element 'xpath://div[@class='popup-body force-overflow scrollbar tab-scroll']//span[contains(text(),'Test_AutomationRPA')]'.</msg>
<arg>${Web-element}</arg>
<doc>Click the element identified by ``locator``.</doc>
<status status="PASS" start="2024-09-16T12:54:05.507590" elapsed="0.331875"/>
</kw>
<arg>${select_folder_popUp_qa}</arg>
<status status="PASS" start="2024-09-16T12:54:04.875049" elapsed="0.964416"/>
</kw>
<kw name="checking_element_displayed_status-and_click_on_Icon" owner="Common_Functions">
<kw name="Element Should Be Visible" owner="SeleniumLibrary">
<msg time="2024-09-16T12:54:06.082637" level="INFO">Element 'xpath://button[normalize-space()='Done']' is displayed.</msg>
<arg>${Web-element}</arg>
<doc>Verifies that the element identified by ``locator`` is visible.</doc>
<status status="PASS" start="2024-09-16T12:54:05.841812" elapsed="0.240825"/>
</kw>
<kw name="Click Element" owner="SeleniumLibrary">
<msg time="2024-09-16T12:54:06.084147" level="INFO">Clicking element 'xpath://button[normalize-space()='Done']'.</msg>
<arg>${Web-element}</arg>
<doc>Click the element identified by ``locator``.</doc>
<status status="PASS" start="2024-09-16T12:54:06.083137" elapsed="0.411930"/>
</kw>
<arg>${button_done_popUp_qa}</arg>
<status status="PASS" start="2024-09-16T12:54:05.840150" elapsed="0.654917"/>
</kw>
<kw name="verifying_validation_message" owner="Common_Functions">
<kw name="Wait Until Element Is Visible" owner="SeleniumLibrary">
<arg>${Webelement}</arg>
<doc>Waits until the element ``locator`` is visible.</doc>
<status status="PASS" start="2024-09-16T12:54:06.496800" elapsed="0.769797"/>
</kw>
<kw name="Get Text" owner="SeleniumLibrary">
<msg time="2024-09-16T12:54:07.551417" level="INFO">${toast_msg} = Duplicate interaction created successfully</msg>
<var>${toast_msg}</var>
<arg>${Webelement}</arg>
<doc>Returns the text value of the element identified by ``locator``.</doc>
<status status="PASS" start="2024-09-16T12:54:07.267533" elapsed="0.283884"/>
</kw>
<kw name="Log To Console" owner="BuiltIn">
<arg>${toast_msg}</arg>
<doc>Logs the given message to the console.</doc>
<status status="PASS" start="2024-09-16T12:54:07.552373" elapsed="0.002000"/>
</kw>
<kw name="Should Be Equal" owner="BuiltIn">
<arg>${toast_msg}</arg>
<arg>${Expected_message}</arg>
<doc>Fails if the given objects are unequal.</doc>
<status status="PASS" start="2024-09-16T12:54:07.555380" elapsed="0.000000"/>
</kw>
<arg>${duplicate_intent_success_validation_msg_qa}</arg>
<arg>${expected_duplicate_sccess_message}</arg>
<status status="PASS" start="2024-09-16T12:54:06.496057" elapsed="1.060323"/>
</kw>
<status status="PASS" start="2024-09-16T12:54:02.977480" elapsed="4.578900"/>
</kw>
<kw name="Delete_The_Intent_In_QA" owner="CentralRepositoryPage_Keyword">
<kw name="checking_element_displayed_status-and_click_on_Icon" owner="Common_Functions">
<kw name="Element Should Be Visible" owner="SeleniumLibrary">
<msg time="2024-09-16T12:54:07.791758" level="INFO">Element 'xpath://img[@title='Delete']' is displayed.</msg>
<arg>${Web-element}</arg>
<doc>Verifies that the element identified by ``locator`` is visible.</doc>
<status status="PASS" start="2024-09-16T12:54:07.558378" elapsed="0.233380"/>
</kw>
<kw name="Click Element" owner="SeleniumLibrary">
<msg time="2024-09-16T12:54:07.792690" level="INFO">Clicking element 'xpath://img[@title='Delete']'.</msg>
<arg>${Web-element}</arg>
<doc>Click the element identified by ``locator``.</doc>
<status status="PASS" start="2024-09-16T12:54:07.791758" elapsed="0.331889"/>
</kw>
<arg>${delete_action_qa}</arg>
<status status="PASS" start="2024-09-16T12:54:07.557379" elapsed="0.566268"/>
</kw>
<kw name="checking_element_displayed_status-and_click_on_Icon" owner="Common_Functions">
<kw name="Element Should Be Visible" owner="SeleniumLibrary">
<msg time="2024-09-16T12:54:08.358463" level="INFO">Element 'xpath://button[@data-testid='btn-confirm-done']' is displayed.</msg>
<arg>${Web-element}</arg>
<doc>Verifies that the element identified by ``locator`` is visible.</doc>
<status status="PASS" start="2024-09-16T12:54:08.124655" elapsed="0.234308"/>
</kw>
<kw name="Click Element" owner="SeleniumLibrary">
<msg time="2024-09-16T12:54:08.360037" level="INFO">Clicking element 'xpath://button[@data-testid='btn-confirm-done']'.</msg>
<arg>${Web-element}</arg>
<doc>Click the element identified by ``locator``.</doc>
<status status="PASS" start="2024-09-16T12:54:08.359514" elapsed="0.320099"/>
</kw>
<arg>${confirm_delete_button_qa}</arg>
<status status="PASS" start="2024-09-16T12:54:08.123647" elapsed="0.556462"/>
</kw>
<kw name="Wait Until Element Is Visible" owner="SeleniumLibrary">
<arg>${delete_intent_success_validation_msg_qa}</arg>
<doc>Waits until the element ``locator`` is visible.</doc>
<status status="PASS" start="2024-09-16T12:54:08.680176" elapsed="0.633667"/>
</kw>
<kw name="verifying_validation_message" owner="Common_Functions">
<kw name="Wait Until Element Is Visible" owner="SeleniumLibrary">
<arg>${Webelement}</arg>
<doc>Waits until the element ``locator`` is visible.</doc>
<status status="PASS" start="2024-09-16T12:54:09.315399" elapsed="0.302354"/>
</kw>
<kw name="Get Text" owner="SeleniumLibrary">
<msg time="2024-09-16T12:54:09.844544" level="INFO">${toast_msg} = 1 template(s) deleted successfully</msg>
<var>${toast_msg}</var>
<arg>${Webelement}</arg>
<doc>Returns the text value of the element identified by ``locator``.</doc>
<status status="PASS" start="2024-09-16T12:54:09.617753" elapsed="0.226791"/>
</kw>
<kw name="Log To Console" owner="BuiltIn">
<arg>${toast_msg}</arg>
<doc>Logs the given message to the console.</doc>
<status status="PASS" start="2024-09-16T12:54:09.844544" elapsed="0.001305"/>
</kw>
<kw name="Should Be Equal" owner="BuiltIn">
<arg>${toast_msg}</arg>
<arg>${Expected_message}</arg>
<doc>Fails if the given objects are unequal.</doc>
<status status="PASS" start="2024-09-16T12:54:09.846024" elapsed="0.000000"/>
</kw>
<arg>${delete_intent_success_validation_msg_qa}</arg>
<arg>${expected_delete_intent_success_message}</arg>
<status status="PASS" start="2024-09-16T12:54:09.314504" elapsed="0.531520"/>
</kw>
<status status="PASS" start="2024-09-16T12:54:07.556380" elapsed="2.289644"/>
</kw>
<kw name="closing_the_browser" owner="BaseClass_Keyword" type="TEARDOWN">
<kw name="Run Keyword If Test Failed" owner="BuiltIn">
<arg>Capture Page Screenshot</arg>
<arg>Faild_screenshot.png</arg>
<doc>Runs the given keyword with the given arguments, if the test failed.</doc>
<status status="PASS" start="2024-09-16T12:54:09.848090" elapsed="0.000723"/>
</kw>
<kw name="Close Browser" owner="SeleniumLibrary">
<doc>Closes the current browser.</doc>
<status status="PASS" start="2024-09-16T12:54:09.848813" elapsed="2.321220"/>
</kw>
<doc>This keyword for closing the current browser</doc>
<status status="PASS" start="2024-09-16T12:54:09.847529" elapsed="2.322504"/>
</kw>
<doc>Verify_User_Edit_the_ExistingIntent_UnderActions_for_Flow/Qa_CentralRepo_And_Validate_Sucess_Message</doc>
<tag>Regression Testing</tag>
<status status="PASS" start="2024-09-16T12:52:47.641057" elapsed="84.528976"/>
</test>
<status status="PASS" start="2024-09-16T12:52:47.151429" elapsed="85.020604"/>
</suite>
<doc>[https://pabot.org/?ref=log|Pabot] result from 4 executions.</doc>
<status status="PASS" start="2024-09-16T12:52:47.128000" elapsed="105.051634"/>
</suite>
<statistics>
<total>
<stat pass="4" fail="0" skip="0">All Tests</stat>
</total>
<tag>
<stat pass="1" fail="0" skip="0">Regerssion Testing</stat>
<stat pass="2" fail="0" skip="0">Regression Testing</stat>
</tag>
<suite>
<stat pass="4" fail="0" skip="0" id="s1" name="Suites">Suites</stat>
<stat pass="1" fail="0" skip="0" id="s1-s1" name="Test Verify User Adds AnswerCard Inside Intent To Qa CentralRepo And Validate Sucess Message">Suites.Test Verify User Adds AnswerCard Inside Intent To Qa CentralRepo And Validate Sucess Message</stat>
<stat pass="1" fail="0" skip="0" id="s1-s2" name="Test Verify User Create NewTemplateFolder Rename And Delete To Flow And Qa CentralRepo And Validate Sucess Message">Suites.Test Verify User Create NewTemplateFolder Rename And Delete To Flow And Qa CentralRepo And Validate Sucess Message</stat>
<stat pass="1" fail="0" skip="0" id="s1-s3" name="Test Verify User CreateNewIntent To Qa CentralRepo And Validate Sucess Message">Suites.Test Verify User CreateNewIntent To Qa CentralRepo And Validate Sucess Message</stat>
<stat pass="1" fail="0" skip="0" id="s1-s4" name="Test Verify User Edit and Delete the ExistingIntent UnderAction For Qa CentralRepo And Validate Sucess Message">Suites.Test Verify User Edit and Delete the ExistingIntent UnderAction For Qa CentralRepo And Validate Sucess Message</stat>
</suite>
</statistics>
<errors>
</errors>
</robot>
